[2024-11-14 01:53:47.482247] [0x00000001f41e1e00] [info] ------------------------------------------------------------
[2024-11-14 01:53:47.483506] [0x00000001f41e1e00] [info] Load information from PhyDB
[2024-11-14 01:53:47.483512] [0x00000001f41e1e00] [info]   placement grid not set in PhyDB
[2024-11-14 01:53:47.483514] [0x00000001f41e1e00] [info]   checking sites
[2024-11-14 01:53:47.483517] [0x00000001f41e1e00] [info]     width : 0.6um
[2024-11-14 01:53:47.483521] [0x00000001f41e1e00] [info]     height: 0.3um
[2024-11-14 01:53:47.496844] [0x00000001f41e1e00] [info] No P-well layer info provided, creating fake info
[2024-11-14 01:53:47.496930] [0x00000001f41e1e00] [info] (wall time: 0.015364s, cpu time: 0.013783)
[2024-11-14 01:53:47.496935] [0x00000001f41e1e00] [info] ------------------------------------------------------------
[2024-11-14 01:53:47.496938] [0x00000001f41e1e00] [info] Circuit brief summary:
[2024-11-14 01:53:47.496940] [0x00000001f41e1e00] [info]   movable blocks: 19600
[2024-11-14 01:53:47.496947] [0x00000001f41e1e00] [info]   fixed blocks:   0
[2024-11-14 01:53:47.496949] [0x00000001f41e1e00] [info]   blocks:         19600
[2024-11-14 01:53:47.496952] [0x00000001f41e1e00] [info]   iopins:         1
[2024-11-14 01:53:47.496954] [0x00000001f41e1e00] [info]   nets:           23601
[2024-11-14 01:53:47.496957] [0x00000001f41e1e00] [info]   grid size x/y:  0.6/0.3um
[2024-11-14 01:53:47.496960] [0x00000001f41e1e00] [info]   total movable blk area: 1195800
[2024-11-14 01:53:47.496963] [0x00000001f41e1e00] [info]   total white space     : 2167344
[2024-11-14 01:53:47.496966] [0x00000001f41e1e00] [info]   total block area      : 1195800
[2024-11-14 01:53:47.496968] [0x00000001f41e1e00] [info]   total space: 2167344
[2024-11-14 01:53:47.496971] [0x00000001f41e1e00] [info]     left:   10
[2024-11-14 01:53:47.496973] [0x00000001f41e1e00] [info]     right:  1048
[2024-11-14 01:53:47.496976] [0x00000001f41e1e00] [info]     bottom: 18
[2024-11-14 01:53:47.496978] [0x00000001f41e1e00] [info]     top:    2106
[2024-11-14 01:53:47.496981] [0x00000001f41e1e00] [info]   average movable width/height: 5.42857/10.602um
[2024-11-14 01:53:47.496984] [0x00000001f41e1e00] [info]   white space utility: 0.551735
[2024-11-14 01:53:47.496987] [0x00000001f41e1e00] [info]   current weighted HPWL: 44400um
[2024-11-14 01:53:47.499430] [0x00000001f41e1e00] [info] ------------------------------------------------------------
[2024-11-14 01:53:47.499439] [0x00000001f41e1e00] [info] Start global placement
[2024-11-14 01:53:47.499442] [0x00000001f41e1e00] [info]   target density: 0.6
[2024-11-14 01:53:47.499727] [0x00000001f41e1e00] [info]   Block location initialization:
    HPWL before, 44400
[2024-11-14 01:53:47.500519] [0x00000001f41e1e00] [info]     HPWL after, 7.71669e+06
[2024-11-14 01:53:47.663747] [0x00000001f41e1e00] [info]   iter-0  : 2.9449e+04  1.7898e+05
[2024-11-14 01:53:47.744092] [0x00000001f41e1e00] [info]   iter-1  : 3.1014e+04  1.4327e+05
[2024-11-14 01:53:47.822032] [0x00000001f41e1e00] [info]   iter-2  : 3.2370e+04  1.2606e+05
[2024-11-14 01:53:47.877858] [0x00000001f41e1e00] [info]   iter-3  : 3.2815e+04  1.1548e+05
[2024-11-14 01:53:47.937162] [0x00000001f41e1e00] [info]   iter-4  : 3.3500e+04  1.0758e+05
[2024-11-14 01:53:47.992934] [0x00000001f41e1e00] [info]   iter-5  : 3.5172e+04  9.4525e+04
[2024-11-14 01:53:48.043582] [0x00000001f41e1e00] [info]   iter-6  : 3.6661e+04  8.8105e+04
[2024-11-14 01:53:48.095647] [0x00000001f41e1e00] [info]   iter-7  : 3.8112e+04  8.6031e+04
[2024-11-14 01:53:48.143993] [0x00000001f41e1e00] [info]   iter-8  : 3.9546e+04  8.1969e+04
[2024-11-14 01:53:48.192167] [0x00000001f41e1e00] [info]   iter-9  : 4.0882e+04  7.9570e+04
[2024-11-14 01:53:48.242985] [0x00000001f41e1e00] [info]   iter-10 : 4.3156e+04  7.7049e+04
[2024-11-14 01:53:48.285339] [0x00000001f41e1e00] [info]   iter-11 : 4.4962e+04  7.5536e+04
[2024-11-14 01:53:48.335535] [0x00000001f41e1e00] [info]   iter-12 : 4.6508e+04  7.4413e+04
[2024-11-14 01:53:48.385921] [0x00000001f41e1e00] [info]   iter-13 : 4.7932e+04  7.2947e+04
[2024-11-14 01:53:48.441972] [0x00000001f41e1e00] [info]   iter-14 : 4.8677e+04  7.5051e+04
[2024-11-14 01:53:48.492388] [0x00000001f41e1e00] [info]   iter-15 : 5.0727e+04  7.1840e+04
[2024-11-14 01:53:48.541858] [0x00000001f41e1e00] [info]   iter-16 : 5.1376e+04  7.2127e+04
[2024-11-14 01:53:48.591595] [0x00000001f41e1e00] [info]   iter-17 : 5.2348e+04  7.2115e+04
[2024-11-14 01:53:48.641154] [0x00000001f41e1e00] [info]   iter-18 : 5.3215e+04  7.1685e+04
[2024-11-14 01:53:48.690765] [0x00000001f41e1e00] [info]   iter-19 : 5.3961e+04  7.1133e+04
[2024-11-14 01:53:48.740152] [0x00000001f41e1e00] [info]   iter-20 : 5.4714e+04  7.1502e+04
[2024-11-14 01:53:48.789323] [0x00000001f41e1e00] [info]   iter-21 : 5.5468e+04  7.0754e+04
[2024-11-14 01:53:48.838333] [0x00000001f41e1e00] [info]   iter-22 : 5.5789e+04  7.1094e+04
[2024-11-14 01:53:48.887482] [0x00000001f41e1e00] [info]   iter-23 : 5.6554e+04  7.0184e+04
[2024-11-14 01:53:48.931444] [0x00000001f41e1e00] [info]   iter-24 : 5.6906e+04  6.9943e+04
[2024-11-14 01:53:48.980696] [0x00000001f41e1e00] [info]   iter-25 : 5.6983e+04  7.0822e+04
[2024-11-14 01:53:49.029588] [0x00000001f41e1e00] [info]   iter-26 : 5.7446e+04  7.1440e+04
[2024-11-14 01:53:49.078529] [0x00000001f41e1e00] [info]   iter-27 : 5.8040e+04  6.9906e+04
[2024-11-14 01:53:49.122494] [0x00000001f41e1e00] [info]   iter-28 : 5.7647e+04  7.1299e+04
[2024-11-14 01:53:49.166348] [0x00000001f41e1e00] [info]   iter-29 : 5.8406e+04  7.0742e+04
[2024-11-14 01:53:49.215514] [0x00000001f41e1e00] [info]   iter-30 : 5.8908e+04  7.1454e+04
[2024-11-14 01:53:49.258388] [0x00000001f41e1e00] [info]   iter-31 : 5.9271e+04  7.1670e+04
[2024-11-14 01:53:49.302003] [0x00000001f41e1e00] [info]   iter-32 : 5.9746e+04  7.0581e+04
[2024-11-14 01:53:49.346164] [0x00000001f41e1e00] [info]   iter-33 : 5.9730e+04  7.1631e+04
[2024-11-14 01:53:49.389448] [0x00000001f41e1e00] [info]   iter-34 : 6.0483e+04  7.0629e+04
[2024-11-14 01:53:49.433009] [0x00000001f41e1e00] [info]   iter-35 : 6.0351e+04  7.0681e+04
[2024-11-14 01:53:49.477240] [0x00000001f41e1e00] [info]   iter-36 : 6.0468e+04  7.0774e+04
[2024-11-14 01:53:49.517362] [0x00000001f41e1e00] [info]   iter-37 : 6.0930e+04  7.1811e+04
[2024-11-14 01:53:49.555742] [0x00000001f41e1e00] [info]   iter-38 : 6.1560e+04  7.0063e+04
[2024-11-14 01:53:49.589889] [0x00000001f41e1e00] [info]   iter-39 : 6.1027e+04  7.0599e+04
[2024-11-14 01:53:49.628941] [0x00000001f41e1e00] [info]   iter-40 : 6.1370e+04  7.0434e+04
[2024-11-14 01:53:49.667559] [0x00000001f41e1e00] [info]   iter-41 : 6.1455e+04  7.0432e+04
[2024-11-14 01:53:49.667638] [0x00000001f41e1e00] [info]   current weighted HPWL: 70432.1um
[2024-11-14 01:53:49.668084] [0x00000001f41e1e00] [info] [0;36mGlobal placement completed[0m
[2024-11-14 01:53:49.668091] [0x00000001f41e1e00] [info] (wall time: 2.168656s, cpu time: 2.178911)
[2024-11-14 01:53:49.668102] [0x00000001f41e1e00] [info] (peak memory: 67MB,  current memory: 67MB)
[2024-11-14 01:53:49.668521] [0x00000001f41e1e00] [info] ------------------------------------------------------------
[2024-11-14 01:53:49.668527] [0x00000001f41e1e00] [info] Start standard cluster well legalization
[2024-11-14 01:53:49.668568] [0x00000001f41e1e00] [info]   Well max plug distance: 75um, 125 
[2024-11-14 01:53:49.668574] [0x00000001f41e1e00] [info]   GridValueX: 0.6 um
[2024-11-14 01:53:49.668577] [0x00000001f41e1e00] [info]   Well spacing: 1.275um, 3
[2024-11-14 01:53:49.668580] [0x00000001f41e1e00] [info]   Well tap cell width: 2
[2024-11-14 01:53:49.668764] [0x00000001f41e1e00] [info] Max movable cell width: 11
[2024-11-14 01:53:49.668773] [0x00000001f41e1e00] [info] Using default gridded row width: 2*max_unplug_length_
[2024-11-14 01:53:49.668775] [0x00000001f41e1e00] [info]   Total number of columns: 5
[2024-11-14 01:53:49.668778] [0x00000001f41e1e00] [info]   Gridded row width: 123.6um, 206
[2024-11-14 01:53:49.669111] [0x00000001f41e1e00] [info] Maximum possible number of gridded rows in a column: 231
[2024-11-14 01:53:49.671185] [0x00000001f41e1e00] [info] Form block clustering
[2024-11-14 01:53:49.677144] [0x00000001f41e1e00] [info]   current weighted HPWL: 142390um
[2024-11-14 01:53:49.677758] [0x00000001f41e1e00] [info] Flip cluster orientation
[2024-11-14 01:53:49.677808] [0x00000001f41e1e00] [info]   current weighted HPWL: 150495um
[2024-11-14 01:53:49.678315] [0x00000001f41e1e00] [info] Perform local reordering
[2024-11-14 01:53:49.678317] [0x00000001f41e1e00] [info] reorder iteration: 0
[2024-11-14 01:53:49.715432] [0x00000001f41e1e00] [info]   current weighted HPWL: 143762um
[2024-11-14 01:53:49.715940] [0x00000001f41e1e00] [info] reorder iteration: 1
[2024-11-14 01:53:49.752143] [0x00000001f41e1e00] [info]   current weighted HPWL: 142340um
[2024-11-14 01:53:49.752667] [0x00000001f41e1e00] [info] reorder iteration: 2
[2024-11-14 01:53:49.791460] [0x00000001f41e1e00] [info]   current weighted HPWL: 142599um
[2024-11-14 01:53:49.792002] [0x00000001f41e1e00] [info] reorder iteration: 3
[2024-11-14 01:53:49.830174] [0x00000001f41e1e00] [info]   current weighted HPWL: 143165um
[2024-11-14 01:53:49.830741] [0x00000001f41e1e00] [info] reorder iteration: 4
[2024-11-14 01:53:49.867478] [0x00000001f41e1e00] [info]   current weighted HPWL: 143686um
[2024-11-14 01:53:49.867979] [0x00000001f41e1e00] [info] reorder iteration: 5
[2024-11-14 01:53:49.903674] [0x00000001f41e1e00] [info]   current weighted HPWL: 144210um
[2024-11-14 01:53:49.904171] [0x00000001f41e1e00] [info] Insert well tap cells
[2024-11-14 01:53:49.904680] [0x00000001f41e1e00] [info] Insertion complete: 1260 well tap cell created
[2024-11-14 01:53:49.904687] [0x00000001f41e1e00] [info] Skip creating end cap cells
[2024-11-14 01:53:49.904690] [0x00000001f41e1e00] [info]   current weighted HPWL: 145286um
[2024-11-14 01:53:49.905208] [0x00000001f41e1e00] [info] [0;36mStandard Cluster Well Legalization completed[0m
[2024-11-14 01:53:49.905217] [0x00000001f41e1e00] [info] (wall time: 0.236691s, cpu time: 0.236564)
[2024-11-14 01:53:49.905230] [0x00000001f41e1e00] [info] (peak memory: 69MB,  current memory: 69MB)
[2024-11-14 01:53:49.905257] [0x00000001f41e1e00] [info] Writing PP and NP rect file: dali_outppnp.rect
[2024-11-14 01:53:49.907753] [0x00000001f41e1e00] [info] Writing N-well rect file: dali_outwell.rect
[2024-11-14 01:53:49.907990] [0x00000001f41e1e00] [info] Writing cluster rect file: dali_out_router.cluster
[2024-11-14 01:53:49.908272] [0x00000001f41e1e00] [info] ------------------------------------------------------------
[2024-11-14 01:53:49.908277] [0x00000001f41e1e00] [info] Start I/O Placement
[2024-11-14 01:53:49.908294] [0x00000001f41e1e00] [info] [0;36mI/O Placement complete![0m
[2024-11-14 01:53:49.908326] [0x00000001f41e1e00] [warning] IoPlace flag not specified, use --auto-place by default
[2024-11-14 01:53:49.908331] [0x00000001f41e1e00] [info] ------------------------------------------------------------
[2024-11-14 01:53:49.908333] [0x00000001f41e1e00] [info] Start I/O Placement
[2024-11-14 01:53:49.908343] [0x00000001f41e1e00] [info] [0;36mI/O Placement complete![0m
[2024-11-14 01:53:49.910613] [0x00000001f41e1e00] [info] Export Pplus/Nplus fillings to PhyDB
[2024-11-14 01:53:49.910722] [0x00000001f41e1e00] [info] Export N wells to PhyDB
