[2024-11-14 01:55:36.246666] [0x00000001f41e1e00] [info] ------------------------------------------------------------
[2024-11-14 01:55:36.247663] [0x00000001f41e1e00] [info] Load information from PhyDB
[2024-11-14 01:55:36.247669] [0x00000001f41e1e00] [info]   placement grid not set in PhyDB
[2024-11-14 01:55:36.247671] [0x00000001f41e1e00] [info]   checking sites
[2024-11-14 01:55:36.247674] [0x00000001f41e1e00] [info]     width : 0.6um
[2024-11-14 01:55:36.247678] [0x00000001f41e1e00] [info]     height: 0.3um
[2024-11-14 01:55:36.284464] [0x00000001f41e1e00] [info] No P-well layer info provided, creating fake info
[2024-11-14 01:55:36.284534] [0x00000001f41e1e00] [info] (wall time: 0.038587s, cpu time: 0.037153)
[2024-11-14 01:55:36.284539] [0x00000001f41e1e00] [info] ------------------------------------------------------------
[2024-11-14 01:55:36.284542] [0x00000001f41e1e00] [info] Circuit brief summary:
[2024-11-14 01:55:36.284545] [0x00000001f41e1e00] [info]   movable blocks: 36600
[2024-11-14 01:55:36.284549] [0x00000001f41e1e00] [info]   fixed blocks:   0
[2024-11-14 01:55:36.284552] [0x00000001f41e1e00] [info]   blocks:         36600
[2024-11-14 01:55:36.284554] [0x00000001f41e1e00] [info]   iopins:         0
[2024-11-14 01:55:36.284557] [0x00000001f41e1e00] [info]   nets:           54200
[2024-11-14 01:55:36.284559] [0x00000001f41e1e00] [info]   grid size x/y:  0.6/0.3um
[2024-11-14 01:55:36.284563] [0x00000001f41e1e00] [info]   total movable blk area: 2513400
[2024-11-14 01:55:36.284565] [0x00000001f41e1e00] [info]   total white space     : 4551120
[2024-11-14 01:55:36.284568] [0x00000001f41e1e00] [info]   total block area      : 2513400
[2024-11-14 01:55:36.284570] [0x00000001f41e1e00] [info]   total space: 4551120
[2024-11-14 01:55:36.284573] [0x00000001f41e1e00] [info]     left:   10
[2024-11-14 01:55:36.284575] [0x00000001f41e1e00] [info]     right:  1515
[2024-11-14 01:55:36.284577] [0x00000001f41e1e00] [info]     bottom: 18
[2024-11-14 01:55:36.284580] [0x00000001f41e1e00] [info]     top:    3042
[2024-11-14 01:55:36.284582] [0x00000001f41e1e00] [info]   average movable width/height: 6.09563/11.0027um
[2024-11-14 01:55:36.284586] [0x00000001f41e1e00] [info]   white space utility: 0.55226
[2024-11-14 01:55:36.284588] [0x00000001f41e1e00] [info]   current weighted HPWL: 122700um
[2024-11-14 01:55:36.287391] [0x00000001f41e1e00] [info] ------------------------------------------------------------
[2024-11-14 01:55:36.287402] [0x00000001f41e1e00] [info] Start global placement
[2024-11-14 01:55:36.287405] [0x00000001f41e1e00] [info]   target density: 0.6
[2024-11-14 01:55:36.287619] [0x00000001f41e1e00] [info]   Block location initialization:
    HPWL before, 122700
[2024-11-14 01:55:36.289665] [0x00000001f41e1e00] [info]     HPWL after, 3.04985e+07
[2024-11-14 01:55:36.694147] [0x00000001f41e1e00] [info]   iter-0  : 4.2779e+04  1.3219e+06
[2024-11-14 01:55:36.907104] [0x00000001f41e1e00] [info]   iter-1  : 4.3945e+04  1.1084e+06
[2024-11-14 01:55:37.129063] [0x00000001f41e1e00] [info]   iter-2  : 4.6683e+04  9.6725e+05
[2024-11-14 01:55:37.343530] [0x00000001f41e1e00] [info]   iter-3  : 4.8849e+04  8.5017e+05
[2024-11-14 01:55:37.650157] [0x00000001f41e1e00] [info]   iter-4  : 4.9515e+04  8.5118e+05
[2024-11-14 01:55:37.860194] [0x00000001f41e1e00] [info]   iter-5  : 5.4651e+04  8.2240e+05
[2024-11-14 01:55:38.035409] [0x00000001f41e1e00] [info]   iter-6  : 5.9399e+04  7.3133e+05
[2024-11-14 01:55:38.218773] [0x00000001f41e1e00] [info]   iter-7  : 6.4912e+04  6.7387e+05
[2024-11-14 01:55:38.385159] [0x00000001f41e1e00] [info]   iter-8  : 7.0202e+04  6.0960e+05
[2024-11-14 01:55:38.537843] [0x00000001f41e1e00] [info]   iter-9  : 7.5003e+04  5.6356e+05
[2024-11-14 01:55:38.718374] [0x00000001f41e1e00] [info]   iter-10 : 8.5303e+04  5.1576e+05
[2024-11-14 01:55:38.909877] [0x00000001f41e1e00] [info]   iter-11 : 9.6868e+04  4.7274e+05
[2024-11-14 01:55:39.083353] [0x00000001f41e1e00] [info]   iter-12 : 1.0763e+05  4.4840e+05
[2024-11-14 01:55:39.247309] [0x00000001f41e1e00] [info]   iter-13 : 1.1818e+05  4.1520e+05
[2024-11-14 01:55:39.425641] [0x00000001f41e1e00] [info]   iter-14 : 1.2928e+05  3.9467e+05
[2024-11-14 01:55:39.596132] [0x00000001f41e1e00] [info]   iter-15 : 1.4076e+05  3.7437e+05
[2024-11-14 01:55:39.754832] [0x00000001f41e1e00] [info]   iter-16 : 1.5215e+05  3.5466e+05
[2024-11-14 01:55:39.908979] [0x00000001f41e1e00] [info]   iter-17 : 1.6179e+05  3.4056e+05
[2024-11-14 01:55:40.053236] [0x00000001f41e1e00] [info]   iter-18 : 1.7015e+05  3.3022e+05
[2024-11-14 01:55:40.198164] [0x00000001f41e1e00] [info]   iter-19 : 1.7678e+05  3.2111e+05
[2024-11-14 01:55:40.323183] [0x00000001f41e1e00] [info]   iter-20 : 1.8220e+05  3.1480e+05
[2024-11-14 01:55:40.446957] [0x00000001f41e1e00] [info]   iter-21 : 1.8712e+05  3.0571e+05
[2024-11-14 01:55:40.574615] [0x00000001f41e1e00] [info]   iter-22 : 1.9083e+05  3.0194e+05
[2024-11-14 01:55:40.687872] [0x00000001f41e1e00] [info]   iter-23 : 1.9427e+05  3.0058e+05
[2024-11-14 01:55:40.797492] [0x00000001f41e1e00] [info]   iter-24 : 1.9753e+05  2.9538e+05
[2024-11-14 01:55:40.908630] [0x00000001f41e1e00] [info]   iter-25 : 2.0028e+05  2.9071e+05
[2024-11-14 01:55:41.003156] [0x00000001f41e1e00] [info]   iter-26 : 2.0158e+05  2.8999e+05
[2024-11-14 01:55:41.099368] [0x00000001f41e1e00] [info]   iter-27 : 2.0380e+05  2.8969e+05
[2024-11-14 01:55:41.099491] [0x00000001f41e1e00] [info]   current weighted HPWL: 289688um
[2024-11-14 01:55:41.101157] [0x00000001f41e1e00] [info] [0;36mGlobal placement completed[0m
[2024-11-14 01:55:41.101163] [0x00000001f41e1e00] [info] (wall time: 4.813749s, cpu time: 4.804079)
[2024-11-14 01:55:41.101173] [0x00000001f41e1e00] [info] (peak memory: 150MB,  current memory: 150MB)
[2024-11-14 01:55:41.102447] [0x00000001f41e1e00] [info] ------------------------------------------------------------
[2024-11-14 01:55:41.102461] [0x00000001f41e1e00] [info] Start standard cluster well legalization
[2024-11-14 01:55:41.102888] [0x00000001f41e1e00] [info]   Well max plug distance: 75um, 125 
[2024-11-14 01:55:41.102916] [0x00000001f41e1e00] [info]   GridValueX: 0.6 um
[2024-11-14 01:55:41.102920] [0x00000001f41e1e00] [info]   Well spacing: 1.275um, 3
[2024-11-14 01:55:41.102924] [0x00000001f41e1e00] [info]   Well tap cell width: 2
[2024-11-14 01:55:41.103605] [0x00000001f41e1e00] [info] Max movable cell width: 11
[2024-11-14 01:55:41.103612] [0x00000001f41e1e00] [info] Using default gridded row width: 2*max_unplug_length_
[2024-11-14 01:55:41.103614] [0x00000001f41e1e00] [info]   Total number of columns: 6
[2024-11-14 01:55:41.103617] [0x00000001f41e1e00] [info]   Gridded row width: 149.4um, 249
[2024-11-14 01:55:41.104396] [0x00000001f41e1e00] [info] Maximum possible number of gridded rows in a column: 335
[2024-11-14 01:55:41.108454] [0x00000001f41e1e00] [info] Form block clustering
[2024-11-14 01:55:41.119095] [0x00000001f41e1e00] [info]   current weighted HPWL: 408311um
[2024-11-14 01:55:41.121011] [0x00000001f41e1e00] [info] Flip cluster orientation
[2024-11-14 01:55:41.121143] [0x00000001f41e1e00] [info]   current weighted HPWL: 467220um
[2024-11-14 01:55:41.122788] [0x00000001f41e1e00] [info] Perform local reordering
[2024-11-14 01:55:41.122791] [0x00000001f41e1e00] [info] reorder iteration: 0
[2024-11-14 01:55:41.254885] [0x00000001f41e1e00] [info]   current weighted HPWL: 498620um
[2024-11-14 01:55:41.256634] [0x00000001f41e1e00] [info] reorder iteration: 1
[2024-11-14 01:55:41.379872] [0x00000001f41e1e00] [info]   current weighted HPWL: 506277um
[2024-11-14 01:55:41.381648] [0x00000001f41e1e00] [info] reorder iteration: 2
[2024-11-14 01:55:41.507756] [0x00000001f41e1e00] [info]   current weighted HPWL: 510851um
[2024-11-14 01:55:41.509638] [0x00000001f41e1e00] [info] reorder iteration: 3
[2024-11-14 01:55:41.634701] [0x00000001f41e1e00] [info]   current weighted HPWL: 514046um
[2024-11-14 01:55:41.636590] [0x00000001f41e1e00] [info] reorder iteration: 4
[2024-11-14 01:55:41.763502] [0x00000001f41e1e00] [info]   current weighted HPWL: 516338um
[2024-11-14 01:55:41.765475] [0x00000001f41e1e00] [info] reorder iteration: 5
[2024-11-14 01:55:41.890884] [0x00000001f41e1e00] [info]   current weighted HPWL: 518356um
[2024-11-14 01:55:41.892860] [0x00000001f41e1e00] [info] Insert well tap cells
[2024-11-14 01:55:41.893925] [0x00000001f41e1e00] [info] Insertion complete: 2750 well tap cell created
[2024-11-14 01:55:41.893934] [0x00000001f41e1e00] [info] Skip creating end cap cells
[2024-11-14 01:55:41.893937] [0x00000001f41e1e00] [info]   current weighted HPWL: 518258um
[2024-11-14 01:55:41.895735] [0x00000001f41e1e00] [info] [0;36mStandard Cluster Well Legalization completed[0m
[2024-11-14 01:55:41.895748] [0x00000001f41e1e00] [info] (wall time: 0.793292s, cpu time: 0.791582)
[2024-11-14 01:55:41.895761] [0x00000001f41e1e00] [info] (peak memory: 153MB,  current memory: 153MB)
[2024-11-14 01:55:41.896056] [0x00000001f41e1e00] [info] Writing PP and NP rect file: dali_outppnp.rect
[2024-11-14 01:55:41.899498] [0x00000001f41e1e00] [info] Writing N-well rect file: dali_outwell.rect
[2024-11-14 01:55:41.899858] [0x00000001f41e1e00] [info] Writing cluster rect file: dali_out_router.cluster
[2024-11-14 01:55:41.900498] [0x00000001f41e1e00] [info] ------------------------------------------------------------
[2024-11-14 01:55:41.900507] [0x00000001f41e1e00] [info] Start I/O Placement
[2024-11-14 01:55:41.900512] [0x00000001f41e1e00] [info] [0;36mI/O Placement complete![0m
[2024-11-14 01:55:41.900540] [0x00000001f41e1e00] [warning] IoPlace flag not specified, use --auto-place by default
[2024-11-14 01:55:41.900545] [0x00000001f41e1e00] [info] ------------------------------------------------------------
[2024-11-14 01:55:41.900547] [0x00000001f41e1e00] [info] Start I/O Placement
[2024-11-14 01:55:41.900550] [0x00000001f41e1e00] [info] [0;36mI/O Placement complete![0m
[2024-11-14 01:55:41.905875] [0x00000001f41e1e00] [info] Export Pplus/Nplus fillings to PhyDB
[2024-11-14 01:55:41.905984] [0x00000001f41e1e00] [info] Export N wells to PhyDB
