[2024-11-13 23:43:53.893545] [0x00000001f41e1e00] [info] ------------------------------------------------------------
[2024-11-13 23:43:53.895006] [0x00000001f41e1e00] [info] Load information from PhyDB
[2024-11-13 23:43:53.895012] [0x00000001f41e1e00] [info]   placement grid not set in PhyDB
[2024-11-13 23:43:53.895014] [0x00000001f41e1e00] [info]   checking sites
[2024-11-13 23:43:53.895017] [0x00000001f41e1e00] [info]     width : 0.6um
[2024-11-13 23:43:53.895022] [0x00000001f41e1e00] [info]     height: 0.3um
[2024-11-13 23:43:53.895985] [0x00000001f41e1e00] [info] No P-well layer info provided, creating fake info
[2024-11-13 23:43:53.896014] [0x00000001f41e1e00] [info] (wall time: 0.002993s, cpu time: 0.001303)
[2024-11-13 23:43:53.896018] [0x00000001f41e1e00] [info] ------------------------------------------------------------
[2024-11-13 23:43:53.896021] [0x00000001f41e1e00] [info] Circuit brief summary:
[2024-11-13 23:43:53.896024] [0x00000001f41e1e00] [info]   movable blocks: 737
[2024-11-13 23:43:53.896028] [0x00000001f41e1e00] [info]   fixed blocks:   0
[2024-11-13 23:43:53.896030] [0x00000001f41e1e00] [info]   blocks:         737
[2024-11-13 23:43:53.896033] [0x00000001f41e1e00] [info]   iopins:         21
[2024-11-13 23:43:53.896036] [0x00000001f41e1e00] [info]   nets:           760
[2024-11-13 23:43:53.896038] [0x00000001f41e1e00] [info]   grid size x/y:  0.6/0.3um
[2024-11-13 23:43:53.896041] [0x00000001f41e1e00] [info]   total movable blk area: 46044
[2024-11-13 23:43:53.896044] [0x00000001f41e1e00] [info]   total white space     : 84456
[2024-11-13 23:43:53.896047] [0x00000001f41e1e00] [info]   total block area      : 46044
[2024-11-13 23:43:53.896049] [0x00000001f41e1e00] [info]   total space: 84456
[2024-11-13 23:43:53.896052] [0x00000001f41e1e00] [info]     left:   10
[2024-11-13 23:43:53.896054] [0x00000001f41e1e00] [info]     right:  214
[2024-11-13 23:43:53.896057] [0x00000001f41e1e00] [info]     bottom: 18
[2024-11-13 23:43:53.896059] [0x00000001f41e1e00] [info]     top:    432
[2024-11-13 23:43:53.896062] [0x00000001f41e1e00] [info]   average movable width/height: 5.63908/10.5495um
[2024-11-13 23:43:53.896065] [0x00000001f41e1e00] [info]   white space utility: 0.545183
[2024-11-13 23:43:53.896068] [0x00000001f41e1e00] [info]   current weighted HPWL: 2223um
[2024-11-13 23:43:53.897630] [0x00000001f41e1e00] [info] ------------------------------------------------------------
[2024-11-13 23:43:53.897636] [0x00000001f41e1e00] [info] Start global placement
[2024-11-13 23:43:53.897640] [0x00000001f41e1e00] [info]   target density: 0.6
[2024-11-13 23:43:53.897683] [0x00000001f41e1e00] [info]   Block location initialization:
    HPWL before, 2223
[2024-11-13 23:43:53.897730] [0x00000001f41e1e00] [info]     HPWL after, 70745.3
[2024-11-13 23:43:53.902249] [0x00000001f41e1e00] [info]   iter-0  : 1.5331e+03  2.5847e+04
[2024-11-13 23:43:53.905833] [0x00000001f41e1e00] [info]   iter-1  : 1.5631e+03  2.4697e+04
[2024-11-13 23:43:53.910114] [0x00000001f41e1e00] [info]   iter-2  : 1.6380e+03  2.4427e+04
[2024-11-13 23:43:53.914256] [0x00000001f41e1e00] [info]   iter-3  : 1.7080e+03  2.3287e+04
[2024-11-13 23:43:53.917944] [0x00000001f41e1e00] [info]   iter-4  : 1.7772e+03  2.2562e+04
[2024-11-13 23:43:53.921915] [0x00000001f41e1e00] [info]   iter-5  : 1.9058e+03  2.0938e+04
[2024-11-13 23:43:53.925420] [0x00000001f41e1e00] [info]   iter-6  : 2.0599e+03  1.8057e+04
[2024-11-13 23:43:53.929013] [0x00000001f41e1e00] [info]   iter-7  : 2.2109e+03  1.6459e+04
[2024-11-13 23:43:53.932921] [0x00000001f41e1e00] [info]   iter-8  : 2.3691e+03  1.4911e+04
[2024-11-13 23:43:53.935807] [0x00000001f41e1e00] [info]   iter-9  : 2.5259e+03  1.4038e+04
[2024-11-13 23:43:53.939358] [0x00000001f41e1e00] [info]   iter-10 : 2.7947e+03  1.2610e+04
[2024-11-13 23:43:53.942882] [0x00000001f41e1e00] [info]   iter-11 : 3.1204e+03  1.1953e+04
[2024-11-13 23:43:53.946633] [0x00000001f41e1e00] [info]   iter-12 : 3.4904e+03  1.1239e+04
[2024-11-13 23:43:53.950865] [0x00000001f41e1e00] [info]   iter-13 : 3.8653e+03  1.0644e+04
[2024-11-13 23:43:53.954862] [0x00000001f41e1e00] [info]   iter-14 : 4.1878e+03  1.0825e+04
[2024-11-13 23:43:53.957958] [0x00000001f41e1e00] [info]   iter-15 : 4.5806e+03  1.0444e+04
[2024-11-13 23:43:53.961533] [0x00000001f41e1e00] [info]   iter-16 : 5.0167e+03  1.0381e+04
[2024-11-13 23:43:53.964937] [0x00000001f41e1e00] [info]   iter-17 : 5.3845e+03  9.7311e+03
[2024-11-13 23:43:53.967830] [0x00000001f41e1e00] [info]   iter-18 : 5.6061e+03  9.5915e+03
[2024-11-13 23:43:53.970674] [0x00000001f41e1e00] [info]   iter-19 : 5.7941e+03  9.4213e+03
[2024-11-13 23:43:53.973449] [0x00000001f41e1e00] [info]   iter-20 : 6.0034e+03  9.2985e+03
[2024-11-13 23:43:53.975809] [0x00000001f41e1e00] [info]   iter-21 : 6.0932e+03  9.5381e+03
[2024-11-13 23:43:53.978466] [0x00000001f41e1e00] [info]   iter-22 : 6.3409e+03  9.2616e+03
[2024-11-13 23:43:53.981400] [0x00000001f41e1e00] [info]   iter-23 : 6.3572e+03  9.2344e+03
[2024-11-13 23:43:53.983867] [0x00000001f41e1e00] [info]   iter-24 : 6.5068e+03  9.3561e+03
[2024-11-13 23:43:53.986595] [0x00000001f41e1e00] [info]   iter-25 : 6.6554e+03  9.3436e+03
[2024-11-13 23:43:53.988700] [0x00000001f41e1e00] [info]   iter-26 : 6.8030e+03  8.9403e+03
[2024-11-13 23:43:53.990865] [0x00000001f41e1e00] [info]   iter-27 : 6.7684e+03  9.2231e+03
[2024-11-13 23:43:53.993554] [0x00000001f41e1e00] [info]   iter-28 : 6.9598e+03  9.1374e+03
[2024-11-13 23:43:53.995657] [0x00000001f41e1e00] [info]   iter-29 : 7.0139e+03  9.1962e+03
[2024-11-13 23:43:53.998254] [0x00000001f41e1e00] [info]   iter-30 : 7.1069e+03  9.1237e+03
[2024-11-13 23:43:54.000688] [0x00000001f41e1e00] [info]   iter-31 : 7.1142e+03  9.0824e+03
[2024-11-13 23:43:54.003074] [0x00000001f41e1e00] [info]   iter-32 : 7.2381e+03  8.8616e+03
[2024-11-13 23:43:54.004964] [0x00000001f41e1e00] [info]   iter-33 : 7.2066e+03  8.8765e+03
[2024-11-13 23:43:54.007074] [0x00000001f41e1e00] [info]   iter-34 : 7.2978e+03  8.8501e+03
[2024-11-13 23:43:54.007110] [0x00000001f41e1e00] [info]   current weighted HPWL: 8850.06um
[2024-11-13 23:43:54.007146] [0x00000001f41e1e00] [info] [0;36mGlobal placement completed[0m
[2024-11-13 23:43:54.007151] [0x00000001f41e1e00] [info] (wall time: 0.109521s, cpu time: 0.112180)
[2024-11-13 23:43:54.007164] [0x00000001f41e1e00] [info] (peak memory: 20MB,  current memory: 20MB)
[2024-11-13 23:43:54.007178] [0x00000001f41e1e00] [info] ------------------------------------------------------------
[2024-11-13 23:43:54.007181] [0x00000001f41e1e00] [info] Start standard cluster well legalization
[2024-11-13 23:43:54.007428] [0x00000001f41e1e00] [info]   Well max plug distance: 75um, 125 
[2024-11-13 23:43:54.007435] [0x00000001f41e1e00] [info]   GridValueX: 0.6 um
[2024-11-13 23:43:54.007438] [0x00000001f41e1e00] [info]   Well spacing: 1.275um, 3
[2024-11-13 23:43:54.007441] [0x00000001f41e1e00] [info]   Well tap cell width: 2
[2024-11-13 23:43:54.007735] [0x00000001f41e1e00] [info] Max movable cell width: 22
[2024-11-13 23:43:54.007740] [0x00000001f41e1e00] [info] Using default gridded row width: 2*max_unplug_length_
[2024-11-13 23:43:54.007742] [0x00000001f41e1e00] [info]   Total number of columns: 1
[2024-11-13 23:43:54.007745] [0x00000001f41e1e00] [info]   Gridded row width: 118.8um, 198
[2024-11-13 23:43:54.007773] [0x00000001f41e1e00] [info] Maximum possible number of gridded rows in a column: 45
[2024-11-13 23:43:54.007817] [0x00000001f41e1e00] [info] Form block clustering
[2024-11-13 23:43:54.008320] [0x00000001f41e1e00] [info]   current weighted HPWL: 10320.9um
[2024-11-13 23:43:54.008362] [0x00000001f41e1e00] [info] Flip cluster orientation
[2024-11-13 23:43:54.008378] [0x00000001f41e1e00] [info]   current weighted HPWL: 10995.3um
[2024-11-13 23:43:54.008411] [0x00000001f41e1e00] [info] Perform local reordering
[2024-11-13 23:43:54.008414] [0x00000001f41e1e00] [info] reorder iteration: 0
[2024-11-13 23:43:54.010823] [0x00000001f41e1e00] [info]   current weighted HPWL: 10808.1um
[2024-11-13 23:43:54.010862] [0x00000001f41e1e00] [info] reorder iteration: 1
[2024-11-13 23:43:54.013150] [0x00000001f41e1e00] [info]   current weighted HPWL: 10766.1um
[2024-11-13 23:43:54.013210] [0x00000001f41e1e00] [info] reorder iteration: 2
[2024-11-13 23:43:54.015509] [0x00000001f41e1e00] [info]   current weighted HPWL: 10801.5um
[2024-11-13 23:43:54.015552] [0x00000001f41e1e00] [info] reorder iteration: 3
[2024-11-13 23:43:54.017887] [0x00000001f41e1e00] [info]   current weighted HPWL: 10815.9um
[2024-11-13 23:43:54.017923] [0x00000001f41e1e00] [info] reorder iteration: 4
[2024-11-13 23:43:54.020242] [0x00000001f41e1e00] [info]   current weighted HPWL: 10836.9um
[2024-11-13 23:43:54.020276] [0x00000001f41e1e00] [info] reorder iteration: 5
[2024-11-13 23:43:54.022549] [0x00000001f41e1e00] [info]   current weighted HPWL: 10860.3um
[2024-11-13 23:43:54.022587] [0x00000001f41e1e00] [info] Insert well tap cells
[2024-11-13 23:43:54.022613] [0x00000001f41e1e00] [info] Insertion complete: 56 well tap cell created
[2024-11-13 23:43:54.022616] [0x00000001f41e1e00] [info] Skip creating end cap cells
[2024-11-13 23:43:54.022619] [0x00000001f41e1e00] [info]   current weighted HPWL: 10794.9um
[2024-11-13 23:43:54.022649] [0x00000001f41e1e00] [info] [0;36mStandard Cluster Well Legalization completed[0m
[2024-11-13 23:43:54.022661] [0x00000001f41e1e00] [info] (wall time: 0.015478s, cpu time: 0.014940)
[2024-11-13 23:43:54.022666] [0x00000001f41e1e00] [info] (peak memory: 20MB,  current memory: 20MB)
[2024-11-13 23:43:54.022688] [0x00000001f41e1e00] [info] Writing PP and NP rect file: dali_outppnp.rect
[2024-11-13 23:43:54.023182] [0x00000001f41e1e00] [info] Writing N-well rect file: dali_outwell.rect
[2024-11-13 23:43:54.023278] [0x00000001f41e1e00] [info] Writing cluster rect file: dali_out_router.cluster
[2024-11-13 23:43:54.023429] [0x00000001f41e1e00] [info] ------------------------------------------------------------
[2024-11-13 23:43:54.023434] [0x00000001f41e1e00] [info] Start I/O Placement
[2024-11-13 23:43:54.023447] [0x00000001f41e1e00] [info] [0;36mI/O Placement complete![0m
[2024-11-13 23:43:54.023471] [0x00000001f41e1e00] [warning] IoPlace flag not specified, use --auto-place by default
[2024-11-13 23:43:54.023475] [0x00000001f41e1e00] [info] ------------------------------------------------------------
[2024-11-13 23:43:54.023477] [0x00000001f41e1e00] [info] Start I/O Placement
[2024-11-13 23:43:54.023484] [0x00000001f41e1e00] [info] [0;36mI/O Placement complete![0m
[2024-11-13 23:43:54.023595] [0x00000001f41e1e00] [info] Export Pplus/Nplus fillings to PhyDB
[2024-11-13 23:43:54.023602] [0x00000001f41e1e00] [info] Export N wells to PhyDB
