[2024-11-03 15:46:16.267502] [0x00000001f41e1e00] [info] ------------------------------------------------------------
[2024-11-03 15:46:16.268527] [0x00000001f41e1e00] [info] Load information from PhyDB
[2024-11-03 15:46:16.268534] [0x00000001f41e1e00] [info]   placement grid not set in PhyDB
[2024-11-03 15:46:16.268537] [0x00000001f41e1e00] [info]   checking sites
[2024-11-03 15:46:16.268541] [0x00000001f41e1e00] [info]     width : 0.6um
[2024-11-03 15:46:16.268546] [0x00000001f41e1e00] [info]     height: 0.3um
[2024-11-03 15:46:16.372263] [0x00000001f41e1e00] [info] No P-well layer info provided, creating fake info
[2024-11-03 15:46:16.372363] [0x00000001f41e1e00] [info] (wall time: 0.105456s, cpu time: 0.104171)
[2024-11-03 15:46:16.372369] [0x00000001f41e1e00] [info] ------------------------------------------------------------
[2024-11-03 15:46:16.372373] [0x00000001f41e1e00] [info] Circuit brief summary:
[2024-11-03 15:46:16.372376] [0x00000001f41e1e00] [info]   movable blocks: 92100
[2024-11-03 15:46:16.372382] [0x00000001f41e1e00] [info]   fixed blocks:   0
[2024-11-03 15:46:16.372385] [0x00000001f41e1e00] [info]   blocks:         92100
[2024-11-03 15:46:16.372388] [0x00000001f41e1e00] [info]   iopins:         1
[2024-11-03 15:46:16.372391] [0x00000001f41e1e00] [info]   nets:           95901
[2024-11-03 15:46:16.372394] [0x00000001f41e1e00] [info]   grid size x/y:  0.6/0.3um
[2024-11-03 15:46:16.372399] [0x00000001f41e1e00] [info]   total movable blk area: 6120200
[2024-11-03 15:46:16.372403] [0x00000001f41e1e00] [info]   total white space     : 18379980
[2024-11-03 15:46:16.372406] [0x00000001f41e1e00] [info]   total block area      : 6120200
[2024-11-03 15:46:16.372409] [0x00000001f41e1e00] [info]   total space: 18379980
[2024-11-03 15:46:16.372412] [0x00000001f41e1e00] [info]     left:   10
[2024-11-03 15:46:16.372415] [0x00000001f41e1e00] [info]     right:  3040
[2024-11-03 15:46:16.372418] [0x00000001f41e1e00] [info]     bottom: 18
[2024-11-03 15:46:16.372421] [0x00000001f41e1e00] [info]     top:    6084
[2024-11-03 15:46:16.372424] [0x00000001f41e1e00] [info]   average movable width/height: 5.86102/10.7839um
[2024-11-03 15:46:16.372428] [0x00000001f41e1e00] [info]   white space utility: 0.332982
[2024-11-03 15:46:16.372432] [0x00000001f41e1e00] [info]   current weighted HPWL: 277323um
[2024-11-03 15:46:16.377855] [0x00000001f41e1e00] [info] ------------------------------------------------------------
[2024-11-03 15:46:16.377878] [0x00000001f41e1e00] [info] Start global placement
[2024-11-03 15:46:16.377882] [0x00000001f41e1e00] [info]   target density: 0.5
[2024-11-03 15:46:16.378312] [0x00000001f41e1e00] [info]   Block location initialization:
    HPWL before, 277323
[2024-11-03 15:46:16.383847] [0x00000001f41e1e00] [info]     HPWL after, 1.29215e+08
[2024-11-03 15:46:18.941788] [0x00000001f41e1e00] [info]   iter-0  : 1.9573e+05  4.6498e+06
[2024-11-03 15:46:19.453607] [0x00000001f41e1e00] [info]   iter-1  : 1.9762e+05  4.3594e+06
[2024-11-03 15:46:20.136679] [0x00000001f41e1e00] [info]   iter-2  : 2.0662e+05  3.9626e+06
[2024-11-03 15:46:20.831099] [0x00000001f41e1e00] [info]   iter-3  : 2.1699e+05  3.6115e+06
[2024-11-03 15:46:22.298700] [0x00000001f41e1e00] [info]   iter-4  : 2.3498e+05  3.3522e+06
[2024-11-03 15:46:23.488729] [0x00000001f41e1e00] [info]   iter-5  : 2.7782e+05  2.8792e+06
[2024-11-03 15:46:24.820338] [0x00000001f41e1e00] [info]   iter-6  : 3.2478e+05  2.6712e+06
[2024-11-03 15:46:25.682262] [0x00000001f41e1e00] [info]   iter-7  : 3.5650e+05  2.4211e+06
[2024-11-03 15:46:26.560294] [0x00000001f41e1e00] [info]   iter-8  : 3.8921e+05  2.2911e+06
[2024-11-03 15:46:27.472396] [0x00000001f41e1e00] [info]   iter-9  : 4.2373e+05  2.1267e+06
[2024-11-03 15:46:28.506661] [0x00000001f41e1e00] [info]   iter-10 : 4.8343e+05  1.9410e+06
[2024-11-03 15:46:29.394709] [0x00000001f41e1e00] [info]   iter-11 : 5.4554e+05  1.8215e+06
[2024-11-03 15:46:30.207537] [0x00000001f41e1e00] [info]   iter-12 : 5.9136e+05  1.7195e+06
[2024-11-03 15:46:31.040483] [0x00000001f41e1e00] [info]   iter-13 : 6.3523e+05  1.6345e+06
[2024-11-03 15:46:31.728314] [0x00000001f41e1e00] [info]   iter-14 : 6.7701e+05  1.5754e+06
[2024-11-03 15:46:32.362430] [0x00000001f41e1e00] [info]   iter-15 : 7.2212e+05  1.5125e+06
[2024-11-03 15:46:32.999245] [0x00000001f41e1e00] [info]   iter-16 : 7.6224e+05  1.4660e+06
[2024-11-03 15:46:33.568484] [0x00000001f41e1e00] [info]   iter-17 : 7.9893e+05  1.4226e+06
[2024-11-03 15:46:34.069282] [0x00000001f41e1e00] [info]   iter-18 : 8.3255e+05  1.3739e+06
[2024-11-03 15:46:34.575085] [0x00000001f41e1e00] [info]   iter-19 : 8.5981e+05  1.3592e+06
[2024-11-03 15:46:35.093600] [0x00000001f41e1e00] [info]   iter-20 : 8.8568e+05  1.3318e+06
[2024-11-03 15:46:35.626074] [0x00000001f41e1e00] [info]   iter-21 : 9.0695e+05  1.3106e+06
[2024-11-03 15:46:36.148618] [0x00000001f41e1e00] [info]   iter-22 : 9.2533e+05  1.2820e+06
[2024-11-03 15:46:36.619274] [0x00000001f41e1e00] [info]   iter-23 : 9.3939e+05  1.2735e+06
[2024-11-03 15:46:37.124218] [0x00000001f41e1e00] [info]   iter-24 : 9.5263e+05  1.2589e+06
[2024-11-03 15:46:37.525077] [0x00000001f41e1e00] [info]   iter-25 : 9.6350e+05  1.2495e+06
[2024-11-03 15:46:37.945221] [0x00000001f41e1e00] [info]   iter-26 : 9.7496e+05  1.2407e+06
[2024-11-03 15:46:38.363940] [0x00000001f41e1e00] [info]   iter-27 : 9.8379e+05  1.2348e+06
[2024-11-03 15:46:38.786465] [0x00000001f41e1e00] [info]   iter-28 : 9.9293e+05  1.2324e+06
[2024-11-03 15:46:39.208165] [0x00000001f41e1e00] [info]   iter-29 : 1.0024e+06  1.2224e+06
[2024-11-03 15:46:39.617717] [0x00000001f41e1e00] [info]   iter-30 : 1.0071e+06  1.2197e+06
[2024-11-03 15:46:40.040099] [0x00000001f41e1e00] [info]   iter-31 : 1.0148e+06  1.2085e+06
[2024-11-03 15:46:40.395372] [0x00000001f41e1e00] [info]   iter-32 : 1.0149e+06  1.2120e+06
[2024-11-03 15:46:40.738696] [0x00000001f41e1e00] [info]   iter-33 : 1.0224e+06  1.2019e+06
[2024-11-03 15:46:41.102663] [0x00000001f41e1e00] [info]   iter-34 : 1.0263e+06  1.1991e+06
[2024-11-03 15:46:41.489470] [0x00000001f41e1e00] [info]   iter-35 : 1.0302e+06  1.2020e+06
[2024-11-03 15:46:41.490053] [0x00000001f41e1e00] [info]   current weighted HPWL: 1.20202e+06um
[2024-11-03 15:46:41.494736] [0x00000001f41e1e00] [info] [0;36mGlobal placement completed[0m
[2024-11-03 15:46:41.494747] [0x00000001f41e1e00] [info] (wall time: 25.116822s, cpu time: 24.995809)
[2024-11-03 15:46:41.494757] [0x00000001f41e1e00] [info] (peak memory: 319MB,  current memory: 319MB)
[2024-11-03 15:46:41.498044] [0x00000001f41e1e00] [info] ------------------------------------------------------------
[2024-11-03 15:46:41.498061] [0x00000001f41e1e00] [info] Start standard cluster well legalization
[2024-11-03 15:46:41.498660] [0x00000001f41e1e00] [info]   Well max plug distance: 75um, 125 
[2024-11-03 15:46:41.498697] [0x00000001f41e1e00] [info]   GridValueX: 0.6 um
[2024-11-03 15:46:41.498702] [0x00000001f41e1e00] [info]   Well spacing: 1.275um, 3
[2024-11-03 15:46:41.498706] [0x00000001f41e1e00] [info]   Well tap cell width: 2
[2024-11-03 15:46:41.500616] [0x00000001f41e1e00] [info] Max movable cell width: 22
[2024-11-03 15:46:41.500642] [0x00000001f41e1e00] [info] Using default gridded row width: 2*max_unplug_length_
[2024-11-03 15:46:41.500646] [0x00000001f41e1e00] [info]   Total number of columns: 12
[2024-11-03 15:46:41.500650] [0x00000001f41e1e00] [info]   Gridded row width: 151.2um, 252
[2024-11-03 15:46:41.503836] [0x00000001f41e1e00] [info] Maximum possible number of gridded rows in a column: 673
[2024-11-03 15:46:41.517866] [0x00000001f41e1e00] [info] Form block clustering
[2024-11-03 15:46:41.552440] [0x00000001f41e1e00] [info]   current weighted HPWL: 1.40342e+06um
[2024-11-03 15:46:41.557485] [0x00000001f41e1e00] [info] Flip cluster orientation
[2024-11-03 15:46:41.558113] [0x00000001f41e1e00] [info]   current weighted HPWL: 1.48241e+06um
[2024-11-03 15:46:41.562924] [0x00000001f41e1e00] [info] Perform local reordering
[2024-11-03 15:46:41.562928] [0x00000001f41e1e00] [info] reorder iteration: 0
[2024-11-03 15:46:41.942381] [0x00000001f41e1e00] [info]   current weighted HPWL: 1.51176e+06um
[2024-11-03 15:46:41.947426] [0x00000001f41e1e00] [info] reorder iteration: 1
[2024-11-03 15:46:42.318641] [0x00000001f41e1e00] [info]   current weighted HPWL: 1.5161e+06um
[2024-11-03 15:46:42.323658] [0x00000001f41e1e00] [info] reorder iteration: 2
[2024-11-03 15:46:42.701664] [0x00000001f41e1e00] [info]   current weighted HPWL: 1.52302e+06um
[2024-11-03 15:46:42.706847] [0x00000001f41e1e00] [info] reorder iteration: 3
[2024-11-03 15:46:43.091075] [0x00000001f41e1e00] [info]   current weighted HPWL: 1.529e+06um
[2024-11-03 15:46:43.096274] [0x00000001f41e1e00] [info] reorder iteration: 4
[2024-11-03 15:46:43.475961] [0x00000001f41e1e00] [info]   current weighted HPWL: 1.53396e+06um
[2024-11-03 15:46:43.480999] [0x00000001f41e1e00] [info] reorder iteration: 5
[2024-11-03 15:46:43.864822] [0x00000001f41e1e00] [info]   current weighted HPWL: 1.53819e+06um
[2024-11-03 15:46:43.869866] [0x00000001f41e1e00] [info] Insert well tap cells
[2024-11-03 15:46:43.873338] [0x00000001f41e1e00] [info] Insertion complete: 6756 well tap cell created
[2024-11-03 15:46:43.873374] [0x00000001f41e1e00] [info] Skip creating end cap cells
[2024-11-03 15:46:43.873379] [0x00000001f41e1e00] [info]   current weighted HPWL: 1.53904e+06um
[2024-11-03 15:46:43.878245] [0x00000001f41e1e00] [info] [0;36mStandard Cluster Well Legalization completed[0m
[2024-11-03 15:46:43.878258] [0x00000001f41e1e00] [info] (wall time: 2.380204s, cpu time: 2.372190)
[2024-11-03 15:46:43.878268] [0x00000001f41e1e00] [info] (peak memory: 332MB,  current memory: 332MB)
[2024-11-03 15:46:43.878300] [0x00000001f41e1e00] [info] Writing PP and NP rect file: dali_outppnp.rect
[2024-11-03 15:46:43.889591] [0x00000001f41e1e00] [info] Writing N-well rect file: dali_outwell.rect
[2024-11-03 15:46:43.890645] [0x00000001f41e1e00] [info] Writing cluster rect file: dali_out_router.cluster
[2024-11-03 15:46:43.891751] [0x00000001f41e1e00] [info] ------------------------------------------------------------
[2024-11-03 15:46:43.891779] [0x00000001f41e1e00] [info] Start I/O Placement
[2024-11-03 15:46:43.891845] [0x00000001f41e1e00] [info] [0;36mI/O Placement complete![0m
