[2024-11-03 15:49:44.662969] [0x00000001f41e1e00] [info] ------------------------------------------------------------
[2024-11-03 15:49:44.663785] [0x00000001f41e1e00] [info] Load information from PhyDB
[2024-11-03 15:49:44.663791] [0x00000001f41e1e00] [info]   placement grid not set in PhyDB
[2024-11-03 15:49:44.663795] [0x00000001f41e1e00] [info]   checking sites
[2024-11-03 15:49:44.663798] [0x00000001f41e1e00] [info]     width : 0.6um
[2024-11-03 15:49:44.663803] [0x00000001f41e1e00] [info]     height: 0.3um
[2024-11-03 15:49:44.749630] [0x00000001f41e1e00] [info] No P-well layer info provided, creating fake info
[2024-11-03 15:49:44.749714] [0x00000001f41e1e00] [info] (wall time: 0.087361s, cpu time: 0.086391)
[2024-11-03 15:49:44.749719] [0x00000001f41e1e00] [info] ------------------------------------------------------------
[2024-11-03 15:49:44.749723] [0x00000001f41e1e00] [info] Circuit brief summary:
[2024-11-03 15:49:44.749726] [0x00000001f41e1e00] [info]   movable blocks: 81900
[2024-11-03 15:49:44.749731] [0x00000001f41e1e00] [info]   fixed blocks:   0
[2024-11-03 15:49:44.749734] [0x00000001f41e1e00] [info]   blocks:         81900
[2024-11-03 15:49:44.749737] [0x00000001f41e1e00] [info]   iopins:         1
[2024-11-03 15:49:44.749740] [0x00000001f41e1e00] [info]   nets:           84101
[2024-11-03 15:49:44.749743] [0x00000001f41e1e00] [info]   grid size x/y:  0.6/0.3um
[2024-11-03 15:49:44.749747] [0x00000001f41e1e00] [info]   total movable blk area: 5340600
[2024-11-03 15:49:44.749751] [0x00000001f41e1e00] [info]   total white space     : 16051770
[2024-11-03 15:49:44.749754] [0x00000001f41e1e00] [info]   total block area      : 5340600
[2024-11-03 15:49:44.749757] [0x00000001f41e1e00] [info]   total space: 16051770
[2024-11-03 15:49:44.749760] [0x00000001f41e1e00] [info]     left:   10
[2024-11-03 15:49:44.749764] [0x00000001f41e1e00] [info]     right:  2841
[2024-11-03 15:49:44.749767] [0x00000001f41e1e00] [info]     bottom: 18
[2024-11-03 15:49:44.749770] [0x00000001f41e1e00] [info]     top:    5688
[2024-11-03 15:49:44.749773] [0x00000001f41e1e00] [info]   average movable width/height: 5.78022/10.7558um
[2024-11-03 15:49:44.749777] [0x00000001f41e1e00] [info]   white space utility: 0.332711
[2024-11-03 15:49:44.749780] [0x00000001f41e1e00] [info]   current weighted HPWL: 254373um
[2024-11-03 15:49:44.755371] [0x00000001f41e1e00] [info] ------------------------------------------------------------
[2024-11-03 15:49:44.755396] [0x00000001f41e1e00] [info] Start global placement
[2024-11-03 15:49:44.755400] [0x00000001f41e1e00] [info]   target density: 0.5
[2024-11-03 15:49:44.755713] [0x00000001f41e1e00] [info]   Block location initialization:
    HPWL before, 254373
[2024-11-03 15:49:44.760716] [0x00000001f41e1e00] [info]     HPWL after, 1.09362e+08
[2024-11-03 15:49:47.078971] [0x00000001f41e1e00] [info]   iter-0  : 1.8429e+05  4.4307e+06
[2024-11-03 15:49:47.582132] [0x00000001f41e1e00] [info]   iter-1  : 1.8610e+05  4.2201e+06
[2024-11-03 15:49:48.219290] [0x00000001f41e1e00] [info]   iter-2  : 1.9300e+05  3.7649e+06
[2024-11-03 15:49:48.883910] [0x00000001f41e1e00] [info]   iter-3  : 2.0364e+05  3.4302e+06
[2024-11-03 15:49:49.759645] [0x00000001f41e1e00] [info]   iter-4  : 2.1644e+05  3.2943e+06
[2024-11-03 15:49:50.582871] [0x00000001f41e1e00] [info]   iter-5  : 2.3913e+05  2.9238e+06
[2024-11-03 15:49:51.410269] [0x00000001f41e1e00] [info]   iter-6  : 2.7243e+05  2.6026e+06
[2024-11-03 15:49:52.210177] [0x00000001f41e1e00] [info]   iter-7  : 3.0274e+05  2.3187e+06
[2024-11-03 15:49:53.021761] [0x00000001f41e1e00] [info]   iter-8  : 3.3938e+05  2.1386e+06
[2024-11-03 15:49:53.758776] [0x00000001f41e1e00] [info]   iter-9  : 3.7285e+05  1.9975e+06
[2024-11-03 15:49:54.629044] [0x00000001f41e1e00] [info]   iter-10 : 4.3065e+05  1.8213e+06
[2024-11-03 15:49:55.495098] [0x00000001f41e1e00] [info]   iter-11 : 4.9113e+05  1.7216e+06
[2024-11-03 15:49:56.232954] [0x00000001f41e1e00] [info]   iter-12 : 5.3948e+05  1.6328e+06
[2024-11-03 15:49:56.983637] [0x00000001f41e1e00] [info]   iter-13 : 5.8353e+05  1.5440e+06
[2024-11-03 15:49:57.669372] [0x00000001f41e1e00] [info]   iter-14 : 6.2769e+05  1.4752e+06
[2024-11-03 15:49:58.392696] [0x00000001f41e1e00] [info]   iter-15 : 6.7376e+05  1.3985e+06
[2024-11-03 15:49:59.028558] [0x00000001f41e1e00] [info]   iter-16 : 7.1593e+05  1.3426e+06
[2024-11-03 15:49:59.486589] [0x00000001f41e1e00] [info]   iter-17 : 7.4358e+05  1.3148e+06
[2024-11-03 15:49:59.984099] [0x00000001f41e1e00] [info]   iter-18 : 7.7277e+05  1.2721e+06
[2024-11-03 15:50:00.442923] [0x00000001f41e1e00] [info]   iter-19 : 7.9888e+05  1.2348e+06
[2024-11-03 15:50:00.851193] [0x00000001f41e1e00] [info]   iter-20 : 8.1949e+05  1.2201e+06
[2024-11-03 15:50:01.306661] [0x00000001f41e1e00] [info]   iter-21 : 8.3756e+05  1.1913e+06
[2024-11-03 15:50:01.714139] [0x00000001f41e1e00] [info]   iter-22 : 8.5409e+05  1.1846e+06
[2024-11-03 15:50:02.118209] [0x00000001f41e1e00] [info]   iter-23 : 8.6845e+05  1.1715e+06
[2024-11-03 15:50:02.473869] [0x00000001f41e1e00] [info]   iter-24 : 8.7957e+05  1.1605e+06
[2024-11-03 15:50:02.830036] [0x00000001f41e1e00] [info]   iter-25 : 8.9063e+05  1.1470e+06
[2024-11-03 15:50:03.185456] [0x00000001f41e1e00] [info]   iter-26 : 8.9898e+05  1.1426e+06
[2024-11-03 15:50:03.540756] [0x00000001f41e1e00] [info]   iter-27 : 9.0821e+05  1.1279e+06
[2024-11-03 15:50:03.895851] [0x00000001f41e1e00] [info]   iter-28 : 9.1398e+05  1.1304e+06
[2024-11-03 15:50:04.256067] [0x00000001f41e1e00] [info]   iter-29 : 9.2354e+05  1.1236e+06
[2024-11-03 15:50:04.615585] [0x00000001f41e1e00] [info]   iter-30 : 9.3117e+05  1.1152e+06
[2024-11-03 15:50:04.922068] [0x00000001f41e1e00] [info]   iter-31 : 9.3234e+05  1.1056e+06
[2024-11-03 15:50:05.229799] [0x00000001f41e1e00] [info]   iter-32 : 9.3556e+05  1.1053e+06
[2024-11-03 15:50:05.540054] [0x00000001f41e1e00] [info]   iter-33 : 9.4071e+05  1.1000e+06
[2024-11-03 15:50:05.541238] [0x00000001f41e1e00] [info]   current weighted HPWL: 1.10003e+06um
[2024-11-03 15:50:05.545478] [0x00000001f41e1e00] [info] [0;36mGlobal placement completed[0m
[2024-11-03 15:50:05.545494] [0x00000001f41e1e00] [info] (wall time: 20.790064s, cpu time: 20.744398)
[2024-11-03 15:50:05.545509] [0x00000001f41e1e00] [info] (peak memory: 302MB,  current memory: 291MB)
[2024-11-03 15:50:05.548319] [0x00000001f41e1e00] [info] ------------------------------------------------------------
[2024-11-03 15:50:05.548330] [0x00000001f41e1e00] [info] Start standard cluster well legalization
[2024-11-03 15:50:05.548804] [0x00000001f41e1e00] [info]   Well max plug distance: 75um, 125 
[2024-11-03 15:50:05.548828] [0x00000001f41e1e00] [info]   GridValueX: 0.6 um
[2024-11-03 15:50:05.548833] [0x00000001f41e1e00] [info]   Well spacing: 1.275um, 3
[2024-11-03 15:50:05.548837] [0x00000001f41e1e00] [info]   Well tap cell width: 2
[2024-11-03 15:50:05.549752] [0x00000001f41e1e00] [info] Max movable cell width: 22
[2024-11-03 15:50:05.549768] [0x00000001f41e1e00] [info] Using default gridded row width: 2*max_unplug_length_
[2024-11-03 15:50:05.549772] [0x00000001f41e1e00] [info]   Total number of columns: 12
[2024-11-03 15:50:05.549777] [0x00000001f41e1e00] [info]   Gridded row width: 141um, 235
[2024-11-03 15:50:05.552633] [0x00000001f41e1e00] [info] Maximum possible number of gridded rows in a column: 629
[2024-11-03 15:50:05.565114] [0x00000001f41e1e00] [info] Form block clustering
[2024-11-03 15:50:05.593924] [0x00000001f41e1e00] [info]   current weighted HPWL: 1.29261e+06um
[2024-11-03 15:50:05.598257] [0x00000001f41e1e00] [info] Flip cluster orientation
[2024-11-03 15:50:05.598775] [0x00000001f41e1e00] [info]   current weighted HPWL: 1.36311e+06um
[2024-11-03 15:50:05.603170] [0x00000001f41e1e00] [info] Perform local reordering
[2024-11-03 15:50:05.603175] [0x00000001f41e1e00] [info] reorder iteration: 0
[2024-11-03 15:50:05.933067] [0x00000001f41e1e00] [info]   current weighted HPWL: 1.39539e+06um
[2024-11-03 15:50:05.937358] [0x00000001f41e1e00] [info] reorder iteration: 1
[2024-11-03 15:50:06.265256] [0x00000001f41e1e00] [info]   current weighted HPWL: 1.40003e+06um
[2024-11-03 15:50:06.269637] [0x00000001f41e1e00] [info] reorder iteration: 2
[2024-11-03 15:50:06.600796] [0x00000001f41e1e00] [info]   current weighted HPWL: 1.40597e+06um
[2024-11-03 15:50:06.605300] [0x00000001f41e1e00] [info] reorder iteration: 3
[2024-11-03 15:50:06.941874] [0x00000001f41e1e00] [info]   current weighted HPWL: 1.41157e+06um
[2024-11-03 15:50:06.946503] [0x00000001f41e1e00] [info] reorder iteration: 4
[2024-11-03 15:50:07.280978] [0x00000001f41e1e00] [info]   current weighted HPWL: 1.41552e+06um
[2024-11-03 15:50:07.285504] [0x00000001f41e1e00] [info] reorder iteration: 5
[2024-11-03 15:50:07.625678] [0x00000001f41e1e00] [info]   current weighted HPWL: 1.41917e+06um
[2024-11-03 15:50:07.630432] [0x00000001f41e1e00] [info] Insert well tap cells
[2024-11-03 15:50:07.633888] [0x00000001f41e1e00] [info] Insertion complete: 6498 well tap cell created
[2024-11-03 15:50:07.633908] [0x00000001f41e1e00] [info] Skip creating end cap cells
[2024-11-03 15:50:07.633912] [0x00000001f41e1e00] [info]   current weighted HPWL: 1.42186e+06um
[2024-11-03 15:50:07.638542] [0x00000001f41e1e00] [info] [0;36mStandard Cluster Well Legalization completed[0m
[2024-11-03 15:50:07.638557] [0x00000001f41e1e00] [info] (wall time: 2.090227s, cpu time: 2.085666)
[2024-11-03 15:50:07.638566] [0x00000001f41e1e00] [info] (peak memory: 303MB,  current memory: 303MB)
[2024-11-03 15:50:07.639031] [0x00000001f41e1e00] [info] Writing PP and NP rect file: dali_outppnp.rect
[2024-11-03 15:50:07.648954] [0x00000001f41e1e00] [info] Writing N-well rect file: dali_outwell.rect
[2024-11-03 15:50:07.649987] [0x00000001f41e1e00] [info] Writing cluster rect file: dali_out_router.cluster
[2024-11-03 15:50:07.651073] [0x00000001f41e1e00] [info] ------------------------------------------------------------
[2024-11-03 15:50:07.651081] [0x00000001f41e1e00] [info] Start I/O Placement
[2024-11-03 15:50:07.651138] [0x00000001f41e1e00] [info] [0;36mI/O Placement complete![0m
[2024-11-03 15:50:07.651180] [0x00000001f41e1e00] [warning] IoPlace flag not specified, use --auto-place by default
[2024-11-03 15:50:07.651187] [0x00000001f41e1e00] [info] ------------------------------------------------------------
[2024-11-03 15:50:07.651190] [0x00000001f41e1e00] [info] Start I/O Placement
[2024-11-03 15:50:07.651215] [0x00000001f41e1e00] [info] [0;36mI/O Placement complete![0m
[2024-11-03 15:50:07.668412] [0x00000001f41e1e00] [info] Export Pplus/Nplus fillings to PhyDB
[2024-11-03 15:50:07.668902] [0x00000001f41e1e00] [info] Export N wells to PhyDB
