[2024-11-03 15:47:46.826923] [0x00000001f41e1e00] [info] ------------------------------------------------------------
[2024-11-03 15:47:46.827871] [0x00000001f41e1e00] [info] Load information from PhyDB
[2024-11-03 15:47:46.827878] [0x00000001f41e1e00] [info]   placement grid not set in PhyDB
[2024-11-03 15:47:46.827882] [0x00000001f41e1e00] [info]   checking sites
[2024-11-03 15:47:46.827885] [0x00000001f41e1e00] [info]     width : 0.6um
[2024-11-03 15:47:46.827890] [0x00000001f41e1e00] [info]     height: 0.3um
[2024-11-03 15:47:46.924782] [0x00000001f41e1e00] [info] No P-well layer info provided, creating fake info
[2024-11-03 15:47:46.924873] [0x00000001f41e1e00] [info] (wall time: 0.098700s, cpu time: 0.096805)
[2024-11-03 15:47:46.924881] [0x00000001f41e1e00] [info] ------------------------------------------------------------
[2024-11-03 15:47:46.924885] [0x00000001f41e1e00] [info] Circuit brief summary:
[2024-11-03 15:47:46.924888] [0x00000001f41e1e00] [info]   movable blocks: 81900
[2024-11-03 15:47:46.924894] [0x00000001f41e1e00] [info]   fixed blocks:   0
[2024-11-03 15:47:46.924897] [0x00000001f41e1e00] [info]   blocks:         81900
[2024-11-03 15:47:46.924901] [0x00000001f41e1e00] [info]   iopins:         1
[2024-11-03 15:47:46.924906] [0x00000001f41e1e00] [info]   nets:           84101
[2024-11-03 15:47:46.924910] [0x00000001f41e1e00] [info]   grid size x/y:  0.6/0.3um
[2024-11-03 15:47:46.924915] [0x00000001f41e1e00] [info]   total movable blk area: 5340600
[2024-11-03 15:47:46.924920] [0x00000001f41e1e00] [info]   total white space     : 16051770
[2024-11-03 15:47:46.924924] [0x00000001f41e1e00] [info]   total block area      : 5340600
[2024-11-03 15:47:46.924928] [0x00000001f41e1e00] [info]   total space: 16051770
[2024-11-03 15:47:46.924932] [0x00000001f41e1e00] [info]     left:   10
[2024-11-03 15:47:46.924936] [0x00000001f41e1e00] [info]     right:  2841
[2024-11-03 15:47:46.924939] [0x00000001f41e1e00] [info]     bottom: 18
[2024-11-03 15:47:46.924944] [0x00000001f41e1e00] [info]     top:    5688
[2024-11-03 15:47:46.924947] [0x00000001f41e1e00] [info]   average movable width/height: 5.78022/10.7558um
[2024-11-03 15:47:46.924953] [0x00000001f41e1e00] [info]   white space utility: 0.332711
[2024-11-03 15:47:46.924957] [0x00000001f41e1e00] [info]   current weighted HPWL: 254373um
[2024-11-03 15:47:46.931458] [0x00000001f41e1e00] [info] ------------------------------------------------------------
[2024-11-03 15:47:46.931548] [0x00000001f41e1e00] [info] Start global placement
[2024-11-03 15:47:46.931559] [0x00000001f41e1e00] [info]   target density: 0.5
[2024-11-03 15:47:46.931867] [0x00000001f41e1e00] [info]   Block location initialization:
    HPWL before, 254373
[2024-11-03 15:47:46.937036] [0x00000001f41e1e00] [info]     HPWL after, 1.09362e+08
[2024-11-03 15:47:49.257742] [0x00000001f41e1e00] [info]   iter-0  : 1.8429e+05  4.4307e+06
[2024-11-03 15:47:49.769331] [0x00000001f41e1e00] [info]   iter-1  : 1.8610e+05  4.2201e+06
[2024-11-03 15:47:50.421297] [0x00000001f41e1e00] [info]   iter-2  : 1.9300e+05  3.7649e+06
[2024-11-03 15:47:51.067250] [0x00000001f41e1e00] [info]   iter-3  : 2.0364e+05  3.4302e+06
[2024-11-03 15:47:51.947269] [0x00000001f41e1e00] [info]   iter-4  : 2.1644e+05  3.2943e+06
[2024-11-03 15:47:52.773384] [0x00000001f41e1e00] [info]   iter-5  : 2.3913e+05  2.9238e+06
[2024-11-03 15:47:53.613874] [0x00000001f41e1e00] [info]   iter-6  : 2.7243e+05  2.6026e+06
[2024-11-03 15:47:54.401759] [0x00000001f41e1e00] [info]   iter-7  : 3.0274e+05  2.3187e+06
[2024-11-03 15:47:55.214444] [0x00000001f41e1e00] [info]   iter-8  : 3.3938e+05  2.1386e+06
[2024-11-03 15:47:55.955287] [0x00000001f41e1e00] [info]   iter-9  : 3.7285e+05  1.9975e+06
[2024-11-03 15:47:56.828210] [0x00000001f41e1e00] [info]   iter-10 : 4.3065e+05  1.8213e+06
[2024-11-03 15:47:57.688312] [0x00000001f41e1e00] [info]   iter-11 : 4.9113e+05  1.7216e+06
[2024-11-03 15:47:58.412600] [0x00000001f41e1e00] [info]   iter-12 : 5.3948e+05  1.6328e+06
[2024-11-03 15:47:59.162148] [0x00000001f41e1e00] [info]   iter-13 : 5.8353e+05  1.5440e+06
[2024-11-03 15:47:59.843776] [0x00000001f41e1e00] [info]   iter-14 : 6.2769e+05  1.4752e+06
[2024-11-03 15:48:00.563874] [0x00000001f41e1e00] [info]   iter-15 : 6.7376e+05  1.3985e+06
[2024-11-03 15:48:01.178708] [0x00000001f41e1e00] [info]   iter-16 : 7.1593e+05  1.3426e+06
[2024-11-03 15:48:01.635913] [0x00000001f41e1e00] [info]   iter-17 : 7.4358e+05  1.3148e+06
[2024-11-03 15:48:02.136205] [0x00000001f41e1e00] [info]   iter-18 : 7.7277e+05  1.2721e+06
[2024-11-03 15:48:02.587805] [0x00000001f41e1e00] [info]   iter-19 : 7.9888e+05  1.2348e+06
[2024-11-03 15:48:02.994416] [0x00000001f41e1e00] [info]   iter-20 : 8.1949e+05  1.2201e+06
[2024-11-03 15:48:03.443338] [0x00000001f41e1e00] [info]   iter-21 : 8.3756e+05  1.1913e+06
[2024-11-03 15:48:03.846077] [0x00000001f41e1e00] [info]   iter-22 : 8.5409e+05  1.1846e+06
[2024-11-03 15:48:04.254324] [0x00000001f41e1e00] [info]   iter-23 : 8.6845e+05  1.1715e+06
[2024-11-03 15:48:04.610609] [0x00000001f41e1e00] [info]   iter-24 : 8.7957e+05  1.1605e+06
[2024-11-03 15:48:04.964207] [0x00000001f41e1e00] [info]   iter-25 : 8.9063e+05  1.1470e+06
[2024-11-03 15:48:05.322144] [0x00000001f41e1e00] [info]   iter-26 : 8.9898e+05  1.1426e+06
[2024-11-03 15:48:05.678884] [0x00000001f41e1e00] [info]   iter-27 : 9.0821e+05  1.1279e+06
[2024-11-03 15:48:06.033415] [0x00000001f41e1e00] [info]   iter-28 : 9.1398e+05  1.1304e+06
[2024-11-03 15:48:06.387400] [0x00000001f41e1e00] [info]   iter-29 : 9.2354e+05  1.1236e+06
[2024-11-03 15:48:06.738926] [0x00000001f41e1e00] [info]   iter-30 : 9.3117e+05  1.1152e+06
[2024-11-03 15:48:07.046621] [0x00000001f41e1e00] [info]   iter-31 : 9.3234e+05  1.1056e+06
[2024-11-03 15:48:07.352717] [0x00000001f41e1e00] [info]   iter-32 : 9.3556e+05  1.1053e+06
[2024-11-03 15:48:07.659032] [0x00000001f41e1e00] [info]   iter-33 : 9.4071e+05  1.1000e+06
[2024-11-03 15:48:07.659788] [0x00000001f41e1e00] [info]   current weighted HPWL: 1.10003e+06um
[2024-11-03 15:48:07.664028] [0x00000001f41e1e00] [info] [0;36mGlobal placement completed[0m
[2024-11-03 15:48:07.664040] [0x00000001f41e1e00] [info] (wall time: 20.732523s, cpu time: 20.683525)
[2024-11-03 15:48:07.664050] [0x00000001f41e1e00] [info] (peak memory: 296MB,  current memory: 286MB)
[2024-11-03 15:48:07.666438] [0x00000001f41e1e00] [info] ------------------------------------------------------------
[2024-11-03 15:48:07.666448] [0x00000001f41e1e00] [info] Start standard cluster well legalization
[2024-11-03 15:48:07.666908] [0x00000001f41e1e00] [info]   Well max plug distance: 75um, 125 
[2024-11-03 15:48:07.666935] [0x00000001f41e1e00] [info]   GridValueX: 0.6 um
[2024-11-03 15:48:07.666940] [0x00000001f41e1e00] [info]   Well spacing: 1.275um, 3
[2024-11-03 15:48:07.666943] [0x00000001f41e1e00] [info]   Well tap cell width: 2
[2024-11-03 15:48:07.668083] [0x00000001f41e1e00] [info] Max movable cell width: 22
[2024-11-03 15:48:07.668102] [0x00000001f41e1e00] [info] Using default gridded row width: 2*max_unplug_length_
[2024-11-03 15:48:07.668106] [0x00000001f41e1e00] [info]   Total number of columns: 12
[2024-11-03 15:48:07.668112] [0x00000001f41e1e00] [info]   Gridded row width: 141um, 235
[2024-11-03 15:48:07.670844] [0x00000001f41e1e00] [info] Maximum possible number of gridded rows in a column: 629
[2024-11-03 15:48:07.683300] [0x00000001f41e1e00] [info] Form block clustering
[2024-11-03 15:48:07.712268] [0x00000001f41e1e00] [info]   current weighted HPWL: 1.29261e+06um
[2024-11-03 15:48:07.716626] [0x00000001f41e1e00] [info] Flip cluster orientation
[2024-11-03 15:48:07.717052] [0x00000001f41e1e00] [info]   current weighted HPWL: 1.36311e+06um
[2024-11-03 15:48:07.721375] [0x00000001f41e1e00] [info] Perform local reordering
[2024-11-03 15:48:07.721380] [0x00000001f41e1e00] [info] reorder iteration: 0
[2024-11-03 15:48:08.050998] [0x00000001f41e1e00] [info]   current weighted HPWL: 1.39539e+06um
[2024-11-03 15:48:08.055362] [0x00000001f41e1e00] [info] reorder iteration: 1
[2024-11-03 15:48:08.384788] [0x00000001f41e1e00] [info]   current weighted HPWL: 1.40003e+06um
[2024-11-03 15:48:08.389284] [0x00000001f41e1e00] [info] reorder iteration: 2
[2024-11-03 15:48:08.720787] [0x00000001f41e1e00] [info]   current weighted HPWL: 1.40597e+06um
[2024-11-03 15:48:08.725108] [0x00000001f41e1e00] [info] reorder iteration: 3
[2024-11-03 15:48:09.055523] [0x00000001f41e1e00] [info]   current weighted HPWL: 1.41157e+06um
[2024-11-03 15:48:09.060024] [0x00000001f41e1e00] [info] reorder iteration: 4
[2024-11-03 15:48:09.398114] [0x00000001f41e1e00] [info]   current weighted HPWL: 1.41552e+06um
[2024-11-03 15:48:09.402669] [0x00000001f41e1e00] [info] reorder iteration: 5
[2024-11-03 15:48:09.733663] [0x00000001f41e1e00] [info]   current weighted HPWL: 1.41917e+06um
[2024-11-03 15:48:09.738141] [0x00000001f41e1e00] [info] Insert well tap cells
[2024-11-03 15:48:09.741283] [0x00000001f41e1e00] [info] Insertion complete: 6498 well tap cell created
[2024-11-03 15:48:09.741313] [0x00000001f41e1e00] [info] Skip creating end cap cells
[2024-11-03 15:48:09.741318] [0x00000001f41e1e00] [info]   current weighted HPWL: 1.42186e+06um
[2024-11-03 15:48:09.745602] [0x00000001f41e1e00] [info] [0;36mStandard Cluster Well Legalization completed[0m
[2024-11-03 15:48:09.745615] [0x00000001f41e1e00] [info] (wall time: 2.079166s, cpu time: 2.075785)
[2024-11-03 15:48:09.745633] [0x00000001f41e1e00] [info] (peak memory: 296MB,  current memory: 258MB)
[2024-11-03 15:48:09.746624] [0x00000001f41e1e00] [info] Writing PP and NP rect file: dali_outppnp.rect
[2024-11-03 15:48:09.756892] [0x00000001f41e1e00] [info] Writing N-well rect file: dali_outwell.rect
[2024-11-03 15:48:09.757869] [0x00000001f41e1e00] [info] Writing cluster rect file: dali_out_router.cluster
[2024-11-03 15:48:09.759179] [0x00000001f41e1e00] [info] ------------------------------------------------------------
[2024-11-03 15:48:09.759192] [0x00000001f41e1e00] [info] Start I/O Placement
[2024-11-03 15:48:09.759264] [0x00000001f41e1e00] [info] [0;36mI/O Placement complete![0m
[2024-11-03 15:48:09.759333] [0x00000001f41e1e00] [warning] IoPlace flag not specified, use --auto-place by default
[2024-11-03 15:48:09.759339] [0x00000001f41e1e00] [info] ------------------------------------------------------------
[2024-11-03 15:48:09.759342] [0x00000001f41e1e00] [info] Start I/O Placement
[2024-11-03 15:48:09.759368] [0x00000001f41e1e00] [info] [0;36mI/O Placement complete![0m
[2024-11-03 15:48:09.775344] [0x00000001f41e1e00] [info] Export Pplus/Nplus fillings to PhyDB
[2024-11-03 15:48:09.775729] [0x00000001f41e1e00] [info] Export N wells to PhyDB
