[2024-11-03 15:30:31.861255] [0x00000001f41e1e00] [info] ------------------------------------------------------------
[2024-11-03 15:30:31.862319] [0x00000001f41e1e00] [info] Load information from PhyDB
[2024-11-03 15:30:31.862325] [0x00000001f41e1e00] [info]   placement grid not set in PhyDB
[2024-11-03 15:30:31.862329] [0x00000001f41e1e00] [info]   checking sites
[2024-11-03 15:30:31.862332] [0x00000001f41e1e00] [info]     width : 0.6um
[2024-11-03 15:30:31.862338] [0x00000001f41e1e00] [info]     height: 0.3um
[2024-11-03 15:30:31.949774] [0x00000001f41e1e00] [info] No P-well layer info provided, creating fake info
[2024-11-03 15:30:31.949869] [0x00000001f41e1e00] [info] (wall time: 0.089250s, cpu time: 0.087617)
[2024-11-03 15:30:31.949878] [0x00000001f41e1e00] [info] ------------------------------------------------------------
[2024-11-03 15:30:31.949882] [0x00000001f41e1e00] [info] Circuit brief summary:
[2024-11-03 15:30:31.949885] [0x00000001f41e1e00] [info]   movable blocks: 79900
[2024-11-03 15:30:31.949891] [0x00000001f41e1e00] [info]   fixed blocks:   0
[2024-11-03 15:30:31.949895] [0x00000001f41e1e00] [info]   blocks:         79900
[2024-11-03 15:30:31.949898] [0x00000001f41e1e00] [info]   iopins:         1
[2024-11-03 15:30:31.949903] [0x00000001f41e1e00] [info]   nets:           82101
[2024-11-03 15:30:31.949906] [0x00000001f41e1e00] [info]   grid size x/y:  0.6/0.3um
[2024-11-03 15:30:31.949910] [0x00000001f41e1e00] [info]   total movable blk area: 5342600
[2024-11-03 15:30:31.949914] [0x00000001f41e1e00] [info]   total white space     : 16051770
[2024-11-03 15:30:31.949917] [0x00000001f41e1e00] [info]   total block area      : 5342600
[2024-11-03 15:30:31.949920] [0x00000001f41e1e00] [info]   total space: 16051770
[2024-11-03 15:30:31.949923] [0x00000001f41e1e00] [info]     left:   10
[2024-11-03 15:30:31.949926] [0x00000001f41e1e00] [info]     right:  2841
[2024-11-03 15:30:31.949930] [0x00000001f41e1e00] [info]     bottom: 18
[2024-11-03 15:30:31.949932] [0x00000001f41e1e00] [info]     top:    5688
[2024-11-03 15:30:31.949935] [0x00000001f41e1e00] [info]   average movable width/height: 5.85732/10.8411um
[2024-11-03 15:30:31.949939] [0x00000001f41e1e00] [info]   white space utility: 0.332836
[2024-11-03 15:30:31.949943] [0x00000001f41e1e00] [info]   current weighted HPWL: 242343um
[2024-11-03 15:30:31.954899] [0x00000001f41e1e00] [info] ------------------------------------------------------------
[2024-11-03 15:30:31.954927] [0x00000001f41e1e00] [info] Start global placement
[2024-11-03 15:30:31.954931] [0x00000001f41e1e00] [info]   target density: 0.5
[2024-11-03 15:30:31.955269] [0x00000001f41e1e00] [info]   Block location initialization:
    HPWL before, 242343
[2024-11-03 15:30:31.959972] [0x00000001f41e1e00] [info]     HPWL after, 1.06738e+08
[2024-11-03 15:30:34.191289] [0x00000001f41e1e00] [info]   iter-0  : 1.8866e+05  3.3755e+06
[2024-11-03 15:30:34.678639] [0x00000001f41e1e00] [info]   iter-1  : 1.9254e+05  3.0808e+06
[2024-11-03 15:30:35.236534] [0x00000001f41e1e00] [info]   iter-2  : 2.0161e+05  2.9336e+06
[2024-11-03 15:30:35.879365] [0x00000001f41e1e00] [info]   iter-3  : 2.1218e+05  2.7831e+06
[2024-11-03 15:30:36.550382] [0x00000001f41e1e00] [info]   iter-4  : 2.2428e+05  2.5985e+06
[2024-11-03 15:30:37.196326] [0x00000001f41e1e00] [info]   iter-5  : 2.4863e+05  2.4887e+06
[2024-11-03 15:30:38.005159] [0x00000001f41e1e00] [info]   iter-6  : 2.8279e+05  2.3406e+06
[2024-11-03 15:30:38.720752] [0x00000001f41e1e00] [info]   iter-7  : 3.1380e+05  2.2537e+06
[2024-11-03 15:30:39.474575] [0x00000001f41e1e00] [info]   iter-8  : 3.5074e+05  2.0831e+06
[2024-11-03 15:30:40.139780] [0x00000001f41e1e00] [info]   iter-9  : 3.8425e+05  1.9688e+06
[2024-11-03 15:30:40.886191] [0x00000001f41e1e00] [info]   iter-10 : 4.4095e+05  1.7969e+06
[2024-11-03 15:30:41.522264] [0x00000001f41e1e00] [info]   iter-11 : 4.8767e+05  1.7012e+06
[2024-11-03 15:30:42.116168] [0x00000001f41e1e00] [info]   iter-12 : 5.3570e+05  1.6340e+06
[2024-11-03 15:30:42.687479] [0x00000001f41e1e00] [info]   iter-13 : 5.8158e+05  1.5550e+06
[2024-11-03 15:30:43.244004] [0x00000001f41e1e00] [info]   iter-14 : 6.2101e+05  1.4871e+06
[2024-11-03 15:30:43.807339] [0x00000001f41e1e00] [info]   iter-15 : 6.7230e+05  1.4108e+06
[2024-11-03 15:30:44.383219] [0x00000001f41e1e00] [info]   iter-16 : 7.1364e+05  1.3426e+06
[2024-11-03 15:30:44.871845] [0x00000001f41e1e00] [info]   iter-17 : 7.4581e+05  1.2903e+06
[2024-11-03 15:30:45.351685] [0x00000001f41e1e00] [info]   iter-18 : 7.7771e+05  1.2675e+06
[2024-11-03 15:30:45.779354] [0x00000001f41e1e00] [info]   iter-19 : 8.0702e+05  1.2375e+06
[2024-11-03 15:30:46.157594] [0x00000001f41e1e00] [info]   iter-20 : 8.3109e+05  1.2269e+06
[2024-11-03 15:30:46.532719] [0x00000001f41e1e00] [info]   iter-21 : 8.5251e+05  1.2044e+06
[2024-11-03 15:30:46.873601] [0x00000001f41e1e00] [info]   iter-22 : 8.6701e+05  1.1932e+06
[2024-11-03 15:30:47.245973] [0x00000001f41e1e00] [info]   iter-23 : 8.8627e+05  1.1829e+06
[2024-11-03 15:30:47.584751] [0x00000001f41e1e00] [info]   iter-24 : 8.9769e+05  1.1778e+06
[2024-11-03 15:30:47.921278] [0x00000001f41e1e00] [info]   iter-25 : 9.1277e+05  1.1671e+06
[2024-11-03 15:30:48.209763] [0x00000001f41e1e00] [info]   iter-26 : 9.1895e+05  1.1628e+06
[2024-11-03 15:30:48.498893] [0x00000001f41e1e00] [info]   iter-27 : 9.2963e+05  1.1464e+06
[2024-11-03 15:30:48.785446] [0x00000001f41e1e00] [info]   iter-28 : 9.3420e+05  1.1525e+06
[2024-11-03 15:30:49.077707] [0x00000001f41e1e00] [info]   iter-29 : 9.4524e+05  1.1425e+06
[2024-11-03 15:30:49.368245] [0x00000001f41e1e00] [info]   iter-30 : 9.5041e+05  1.1406e+06
[2024-11-03 15:30:49.653663] [0x00000001f41e1e00] [info]   iter-31 : 9.5651e+05  1.1292e+06
[2024-11-03 15:30:49.947411] [0x00000001f41e1e00] [info]   iter-32 : 9.6071e+05  1.1248e+06
[2024-11-03 15:30:50.232841] [0x00000001f41e1e00] [info]   iter-33 : 9.6449e+05  1.1189e+06
[2024-11-03 15:30:50.233980] [0x00000001f41e1e00] [info]   current weighted HPWL: 1.11889e+06um
[2024-11-03 15:30:50.237952] [0x00000001f41e1e00] [info] [0;36mGlobal placement completed[0m
[2024-11-03 15:30:50.237965] [0x00000001f41e1e00] [info] (wall time: 18.283028s, cpu time: 18.252283)
[2024-11-03 15:30:50.237977] [0x00000001f41e1e00] [info] (peak memory: 291MB,  current memory: 291MB)
[2024-11-03 15:30:50.240557] [0x00000001f41e1e00] [info] ------------------------------------------------------------
[2024-11-03 15:30:50.240567] [0x00000001f41e1e00] [info] Start standard cluster well legalization
[2024-11-03 15:30:50.241043] [0x00000001f41e1e00] [info]   Well max plug distance: 75um, 125 
[2024-11-03 15:30:50.241072] [0x00000001f41e1e00] [info]   GridValueX: 0.6 um
[2024-11-03 15:30:50.241076] [0x00000001f41e1e00] [info]   Well spacing: 1.275um, 3
[2024-11-03 15:30:50.241080] [0x00000001f41e1e00] [info]   Well tap cell width: 2
[2024-11-03 15:30:50.241899] [0x00000001f41e1e00] [info] Max movable cell width: 22
[2024-11-03 15:30:50.241914] [0x00000001f41e1e00] [info] Using default gridded row width: 2*max_unplug_length_
[2024-11-03 15:30:50.241917] [0x00000001f41e1e00] [info]   Total number of columns: 12
[2024-11-03 15:30:50.241924] [0x00000001f41e1e00] [info]   Gridded row width: 141um, 235
[2024-11-03 15:30:50.244565] [0x00000001f41e1e00] [info] Maximum possible number of gridded rows in a column: 629
[2024-11-03 15:30:50.256978] [0x00000001f41e1e00] [info] Form block clustering
[2024-11-03 15:30:50.285761] [0x00000001f41e1e00] [info]   current weighted HPWL: 1.29571e+06um
[2024-11-03 15:30:50.290245] [0x00000001f41e1e00] [info] Flip cluster orientation
[2024-11-03 15:30:50.290702] [0x00000001f41e1e00] [info]   current weighted HPWL: 1.3453e+06um
[2024-11-03 15:30:50.294930] [0x00000001f41e1e00] [info] Perform local reordering
[2024-11-03 15:30:50.294937] [0x00000001f41e1e00] [info] reorder iteration: 0
[2024-11-03 15:30:50.596805] [0x00000001f41e1e00] [info]   current weighted HPWL: 1.37831e+06um
[2024-11-03 15:30:50.601056] [0x00000001f41e1e00] [info] reorder iteration: 1
[2024-11-03 15:30:50.898333] [0x00000001f41e1e00] [info]   current weighted HPWL: 1.38247e+06um
[2024-11-03 15:30:50.902631] [0x00000001f41e1e00] [info] reorder iteration: 2
[2024-11-03 15:30:51.200833] [0x00000001f41e1e00] [info]   current weighted HPWL: 1.38874e+06um
[2024-11-03 15:30:51.205243] [0x00000001f41e1e00] [info] reorder iteration: 3
[2024-11-03 15:30:51.500450] [0x00000001f41e1e00] [info]   current weighted HPWL: 1.39429e+06um
[2024-11-03 15:30:51.504634] [0x00000001f41e1e00] [info] reorder iteration: 4
[2024-11-03 15:30:51.806484] [0x00000001f41e1e00] [info]   current weighted HPWL: 1.3988e+06um
[2024-11-03 15:30:51.810936] [0x00000001f41e1e00] [info] reorder iteration: 5
[2024-11-03 15:30:52.108075] [0x00000001f41e1e00] [info]   current weighted HPWL: 1.40287e+06um
[2024-11-03 15:30:52.112358] [0x00000001f41e1e00] [info] Insert well tap cells
[2024-11-03 15:30:52.115464] [0x00000001f41e1e00] [info] Insertion complete: 6714 well tap cell created
[2024-11-03 15:30:52.115491] [0x00000001f41e1e00] [info] Skip creating end cap cells
[2024-11-03 15:30:52.115496] [0x00000001f41e1e00] [info]   current weighted HPWL: 1.40584e+06um
[2024-11-03 15:30:52.119631] [0x00000001f41e1e00] [info] [0;36mStandard Cluster Well Legalization completed[0m
[2024-11-03 15:30:52.119643] [0x00000001f41e1e00] [info] (wall time: 1.879077s, cpu time: 1.877454)
[2024-11-03 15:30:52.119659] [0x00000001f41e1e00] [info] (peak memory: 296MB,  current memory: 296MB)
[2024-11-03 15:30:52.119859] [0x00000001f41e1e00] [info] Writing PP and NP rect file: dali_outppnp.rect
[2024-11-03 15:30:52.130251] [0x00000001f41e1e00] [info] Writing N-well rect file: dali_outwell.rect
[2024-11-03 15:30:52.131229] [0x00000001f41e1e00] [info] Writing cluster rect file: dali_out_router.cluster
[2024-11-03 15:30:52.132308] [0x00000001f41e1e00] [info] ------------------------------------------------------------
[2024-11-03 15:30:52.132315] [0x00000001f41e1e00] [info] Start I/O Placement
[2024-11-03 15:30:52.132374] [0x00000001f41e1e00] [info] [0;36mI/O Placement complete![0m
[2024-11-03 15:30:52.132424] [0x00000001f41e1e00] [warning] IoPlace flag not specified, use --auto-place by default
[2024-11-03 15:30:52.132428] [0x00000001f41e1e00] [info] ------------------------------------------------------------
[2024-11-03 15:30:52.132431] [0x00000001f41e1e00] [info] Start I/O Placement
[2024-11-03 15:30:52.132457] [0x00000001f41e1e00] [info] [0;36mI/O Placement complete![0m
[2024-11-03 15:30:52.147672] [0x00000001f41e1e00] [info] Export Pplus/Nplus fillings to PhyDB
[2024-11-03 15:30:52.148068] [0x00000001f41e1e00] [info] Export N wells to PhyDB
