[2024-11-14 02:09:15.584095] [0x00000001f41e1e00] [info] ------------------------------------------------------------
[2024-11-14 02:09:15.585528] [0x00000001f41e1e00] [info] Load information from PhyDB
[2024-11-14 02:09:15.585534] [0x00000001f41e1e00] [info]   placement grid not set in PhyDB
[2024-11-14 02:09:15.585537] [0x00000001f41e1e00] [info]   checking sites
[2024-11-14 02:09:15.585540] [0x00000001f41e1e00] [info]     width : 0.6um
[2024-11-14 02:09:15.585544] [0x00000001f41e1e00] [info]     height: 0.3um
[2024-11-14 02:09:15.594011] [0x00000001f41e1e00] [info] No P-well layer info provided, creating fake info
[2024-11-14 02:09:15.594071] [0x00000001f41e1e00] [info] (wall time: 0.010685s, cpu time: 0.008829)
[2024-11-14 02:09:15.594075] [0x00000001f41e1e00] [info] ------------------------------------------------------------
[2024-11-14 02:09:15.594078] [0x00000001f41e1e00] [info] Circuit brief summary:
[2024-11-14 02:09:15.594081] [0x00000001f41e1e00] [info]   movable blocks: 13800
[2024-11-14 02:09:15.594085] [0x00000001f41e1e00] [info]   fixed blocks:   0
[2024-11-14 02:09:15.594087] [0x00000001f41e1e00] [info]   blocks:         13800
[2024-11-14 02:09:15.594090] [0x00000001f41e1e00] [info]   iopins:         0
[2024-11-14 02:09:15.594093] [0x00000001f41e1e00] [info]   nets:           14300
[2024-11-14 02:09:15.594095] [0x00000001f41e1e00] [info]   grid size x/y:  0.6/0.3um
[2024-11-14 02:09:15.594099] [0x00000001f41e1e00] [info]   total movable blk area: 496800
[2024-11-14 02:09:15.594101] [0x00000001f41e1e00] [info]   total white space     : 903150
[2024-11-14 02:09:15.594104] [0x00000001f41e1e00] [info]   total block area      : 496800
[2024-11-14 02:09:15.594106] [0x00000001f41e1e00] [info]   total space: 903150
[2024-11-14 02:09:15.594109] [0x00000001f41e1e00] [info]     left:   10
[2024-11-14 02:09:15.594112] [0x00000001f41e1e00] [info]     right:  679
[2024-11-14 02:09:15.594114] [0x00000001f41e1e00] [info]     bottom: 18
[2024-11-14 02:09:15.594117] [0x00000001f41e1e00] [info]     top:    1368
[2024-11-14 02:09:15.594119] [0x00000001f41e1e00] [info]   average movable width/height: 4/9um
[2024-11-14 02:09:15.594123] [0x00000001f41e1e00] [info]   white space utility: 0.550075
[2024-11-14 02:09:15.594126] [0x00000001f41e1e00] [info]   current weighted HPWL: 23940um
[2024-11-14 02:09:15.596194] [0x00000001f41e1e00] [info] ------------------------------------------------------------
[2024-11-14 02:09:15.596201] [0x00000001f41e1e00] [info] Start global placement
[2024-11-14 02:09:15.596204] [0x00000001f41e1e00] [info]   target density: 0.6
[2024-11-14 02:09:15.596295] [0x00000001f41e1e00] [info]   Block location initialization:
    HPWL before, 23940
[2024-11-14 02:09:15.596923] [0x00000001f41e1e00] [info]     HPWL after, 3.55019e+06
[2024-11-14 02:09:15.778990] [0x00000001f41e1e00] [info]   iter-0  : 8.9659e-01  7.7994e+04
[2024-11-14 02:09:15.858466] [0x00000001f41e1e00] [info]   iter-1  : 3.0754e+03  4.7555e+04
[2024-11-14 02:09:15.943835] [0x00000001f41e1e00] [info]   iter-2  : 7.7055e+03  6.1714e+04
[2024-11-14 02:09:16.000427] [0x00000001f41e1e00] [info]   iter-3  : 8.6304e+03  3.9180e+04
[2024-11-14 02:09:16.051046] [0x00000001f41e1e00] [info]   iter-4  : 8.3159e+03  2.6513e+04
[2024-11-14 02:09:16.082164] [0x00000001f41e1e00] [info]   iter-5  : 8.2834e+03  2.3019e+04
[2024-11-14 02:09:16.113299] [0x00000001f41e1e00] [info]   iter-6  : 8.3186e+03  2.2088e+04
[2024-11-14 02:09:16.141969] [0x00000001f41e1e00] [info]   iter-7  : 8.3748e+03  2.0887e+04
[2024-11-14 02:09:16.171878] [0x00000001f41e1e00] [info]   iter-8  : 8.4644e+03  2.0577e+04
[2024-11-14 02:09:16.201361] [0x00000001f41e1e00] [info]   iter-9  : 8.5939e+03  1.9957e+04
[2024-11-14 02:09:16.229743] [0x00000001f41e1e00] [info]   iter-10 : 8.8269e+03  1.8188e+04
[2024-11-14 02:09:16.252978] [0x00000001f41e1e00] [info]   iter-11 : 8.9195e+03  1.8427e+04
[2024-11-14 02:09:16.275924] [0x00000001f41e1e00] [info]   iter-12 : 9.2257e+03  1.7131e+04
[2024-11-14 02:09:16.295678] [0x00000001f41e1e00] [info]   iter-13 : 9.2563e+03  1.7655e+04
[2024-11-14 02:09:16.318160] [0x00000001f41e1e00] [info]   iter-14 : 9.5182e+03  1.7351e+04
[2024-11-14 02:09:16.341389] [0x00000001f41e1e00] [info]   iter-15 : 9.7218e+03  1.6966e+04
[2024-11-14 02:09:16.364262] [0x00000001f41e1e00] [info]   iter-16 : 9.8775e+03  1.6883e+04
[2024-11-14 02:09:16.387176] [0x00000001f41e1e00] [info]   iter-17 : 1.0052e+04  1.6177e+04
[2024-11-14 02:09:16.407242] [0x00000001f41e1e00] [info]   iter-18 : 1.0125e+04  1.6096e+04
[2024-11-14 02:09:16.430491] [0x00000001f41e1e00] [info]   iter-19 : 1.0327e+04  1.5744e+04
[2024-11-14 02:09:16.450227] [0x00000001f41e1e00] [info]   iter-20 : 1.0403e+04  1.5225e+04
[2024-11-14 02:09:16.469848] [0x00000001f41e1e00] [info]   iter-21 : 1.0440e+04  1.5633e+04
[2024-11-14 02:09:16.492671] [0x00000001f41e1e00] [info]   iter-22 : 1.0766e+04  1.6276e+04
[2024-11-14 02:09:16.515542] [0x00000001f41e1e00] [info]   iter-23 : 1.1110e+04  1.5276e+04
[2024-11-14 02:09:16.534750] [0x00000001f41e1e00] [info]   iter-24 : 1.1014e+04  1.4943e+04
[2024-11-14 02:09:16.554227] [0x00000001f41e1e00] [info]   iter-25 : 1.0958e+04  1.5399e+04
[2024-11-14 02:09:16.576583] [0x00000001f41e1e00] [info]   iter-26 : 1.1135e+04  1.4814e+04
[2024-11-14 02:09:16.595867] [0x00000001f41e1e00] [info]   iter-27 : 1.1118e+04  1.5407e+04
[2024-11-14 02:09:16.618065] [0x00000001f41e1e00] [info]   iter-28 : 1.1379e+04  1.5399e+04
[2024-11-14 02:09:16.640736] [0x00000001f41e1e00] [info]   iter-29 : 1.1544e+04  1.5244e+04
[2024-11-14 02:09:16.660481] [0x00000001f41e1e00] [info]   iter-30 : 1.1543e+04  1.5277e+04
[2024-11-14 02:09:16.680313] [0x00000001f41e1e00] [info]   iter-31 : 1.1624e+04  1.5151e+04
[2024-11-14 02:09:16.700112] [0x00000001f41e1e00] [info]   iter-32 : 1.1656e+04  1.5215e+04
[2024-11-14 02:09:16.719420] [0x00000001f41e1e00] [info]   iter-33 : 1.1716e+04  1.5264e+04
[2024-11-14 02:09:16.739173] [0x00000001f41e1e00] [info]   iter-34 : 1.1823e+04  1.5473e+04
[2024-11-14 02:09:16.759104] [0x00000001f41e1e00] [info]   iter-35 : 1.1961e+04  1.5044e+04
[2024-11-14 02:09:16.778653] [0x00000001f41e1e00] [info]   iter-36 : 1.1923e+04  1.4977e+04
[2024-11-14 02:09:16.797960] [0x00000001f41e1e00] [info]   iter-37 : 1.1989e+04  1.4518e+04
[2024-11-14 02:09:16.817212] [0x00000001f41e1e00] [info]   iter-38 : 1.1864e+04  1.3457e+04
[2024-11-14 02:09:16.836390] [0x00000001f41e1e00] [info]   iter-39 : 1.1447e+04  1.4308e+04
[2024-11-14 02:09:16.858912] [0x00000001f41e1e00] [info]   iter-40 : 1.1766e+04  1.4189e+04
[2024-11-14 02:09:16.878175] [0x00000001f41e1e00] [info]   iter-41 : 1.1762e+04  1.4304e+04
[2024-11-14 02:09:16.897580] [0x00000001f41e1e00] [info]   iter-42 : 1.1852e+04  1.4200e+04
[2024-11-14 02:09:16.916796] [0x00000001f41e1e00] [info]   iter-43 : 1.1831e+04  1.5099e+04
[2024-11-14 02:09:16.939732] [0x00000001f41e1e00] [info]   iter-44 : 1.2259e+04  1.4693e+04
[2024-11-14 02:09:16.959131] [0x00000001f41e1e00] [info]   iter-45 : 1.2186e+04  1.4307e+04
[2024-11-14 02:09:16.978527] [0x00000001f41e1e00] [info]   iter-46 : 1.2040e+04  1.4453e+04
[2024-11-14 02:09:16.998188] [0x00000001f41e1e00] [info]   iter-47 : 1.2085e+04  1.4704e+04
[2024-11-14 02:09:17.017911] [0x00000001f41e1e00] [info]   iter-48 : 1.2216e+04  1.5242e+04
[2024-11-14 02:09:17.040037] [0x00000001f41e1e00] [info]   iter-49 : 1.2553e+04  1.5319e+04
[2024-11-14 02:09:17.062208] [0x00000001f41e1e00] [info]   iter-50 : 1.2735e+04  1.5262e+04
[2024-11-14 02:09:17.081525] [0x00000001f41e1e00] [info]   iter-51 : 1.2759e+04  1.4894e+04
[2024-11-14 02:09:17.101507] [0x00000001f41e1e00] [info]   iter-52 : 1.2646e+04  1.5348e+04
[2024-11-14 02:09:17.123765] [0x00000001f41e1e00] [info]   iter-53 : 1.2880e+04  1.5287e+04
[2024-11-14 02:09:17.142781] [0x00000001f41e1e00] [info]   iter-54 : 1.2911e+04  1.5174e+04
[2024-11-14 02:09:17.161860] [0x00000001f41e1e00] [info]   iter-55 : 1.2928e+04  1.4641e+04
[2024-11-14 02:09:17.181224] [0x00000001f41e1e00] [info]   iter-56 : 1.2712e+04  1.4386e+04
[2024-11-14 02:09:17.200574] [0x00000001f41e1e00] [info]   iter-57 : 1.2576e+04  1.4209e+04
[2024-11-14 02:09:17.220240] [0x00000001f41e1e00] [info]   iter-58 : 1.2485e+04  1.3879e+04
[2024-11-14 02:09:17.239887] [0x00000001f41e1e00] [info]   iter-59 : 1.2309e+04  1.3693e+04
[2024-11-14 02:09:17.259172] [0x00000001f41e1e00] [info]   iter-60 : 1.2208e+04  1.3391e+04
[2024-11-14 02:09:17.278777] [0x00000001f41e1e00] [info]   iter-61 : 1.2040e+04  1.3806e+04
[2024-11-14 02:09:17.298036] [0x00000001f41e1e00] [info]   iter-62 : 1.2274e+04  1.4049e+04
[2024-11-14 02:09:17.317286] [0x00000001f41e1e00] [info]   iter-63 : 1.2416e+04  1.3739e+04
[2024-11-14 02:09:17.336301] [0x00000001f41e1e00] [info]   iter-64 : 1.2273e+04  1.4204e+04
[2024-11-14 02:09:17.355087] [0x00000001f41e1e00] [info]   iter-65 : 1.2543e+04  1.4466e+04
[2024-11-14 02:09:17.374442] [0x00000001f41e1e00] [info]   iter-66 : 1.2767e+04  1.4981e+04
[2024-11-14 02:09:17.396787] [0x00000001f41e1e00] [info]   iter-67 : 1.3043e+04  1.4932e+04
[2024-11-14 02:09:17.415870] [0x00000001f41e1e00] [info]   iter-68 : 1.3077e+04  1.4849e+04
[2024-11-14 02:09:17.434966] [0x00000001f41e1e00] [info]   iter-69 : 1.3076e+04  1.5031e+04
[2024-11-14 02:09:17.454197] [0x00000001f41e1e00] [info]   iter-70 : 1.3187e+04  1.4797e+04
[2024-11-14 02:09:17.473211] [0x00000001f41e1e00] [info]   iter-71 : 1.3080e+04  1.4757e+04
[2024-11-14 02:09:17.492387] [0x00000001f41e1e00] [info]   iter-72 : 1.3094e+04  1.4412e+04
[2024-11-14 02:09:17.512155] [0x00000001f41e1e00] [info]   iter-73 : 1.2937e+04  1.4547e+04
[2024-11-14 02:09:17.531878] [0x00000001f41e1e00] [info]   iter-74 : 1.3003e+04  1.4050e+04
[2024-11-14 02:09:17.531959] [0x00000001f41e1e00] [info]   current weighted HPWL: 14050.1um
[2024-11-14 02:09:17.532213] [0x00000001f41e1e00] [info] [0;36mGlobal placement completed[0m
[2024-11-14 02:09:17.532217] [0x00000001f41e1e00] [info] (wall time: 1.936021s, cpu time: 1.948782)
[2024-11-14 02:09:17.532225] [0x00000001f41e1e00] [info] (peak memory: 49MB,  current memory: 49MB)
[2024-11-14 02:09:17.532477] [0x00000001f41e1e00] [info] ------------------------------------------------------------
[2024-11-14 02:09:17.532482] [0x00000001f41e1e00] [info] Start standard cluster well legalization
[2024-11-14 02:09:17.533015] [0x00000001f41e1e00] [info]   Well max plug distance: 75um, 125 
[2024-11-14 02:09:17.533037] [0x00000001f41e1e00] [info]   GridValueX: 0.6 um
[2024-11-14 02:09:17.533048] [0x00000001f41e1e00] [info]   Well spacing: 1.275um, 3
[2024-11-14 02:09:17.533052] [0x00000001f41e1e00] [info]   Well tap cell width: 2
[2024-11-14 02:09:17.533305] [0x00000001f41e1e00] [info] Max movable cell width: 4
[2024-11-14 02:09:17.533311] [0x00000001f41e1e00] [info] Using default gridded row width: 2*max_unplug_length_
[2024-11-14 02:09:17.533314] [0x00000001f41e1e00] [info]   Total number of columns: 3
[2024-11-14 02:09:17.533317] [0x00000001f41e1e00] [info]   Gridded row width: 132.6um, 221
[2024-11-14 02:09:17.533508] [0x00000001f41e1e00] [info] Maximum possible number of gridded rows in a column: 149
[2024-11-14 02:09:17.534838] [0x00000001f41e1e00] [info] Form block clustering
[2024-11-14 02:09:17.538407] [0x00000001f41e1e00] [info]   current weighted HPWL: 32443.8um
[2024-11-14 02:09:17.538781] [0x00000001f41e1e00] [info] Flip cluster orientation
[2024-11-14 02:09:17.538858] [0x00000001f41e1e00] [info]   current weighted HPWL: 50301.6um
[2024-11-14 02:09:17.539181] [0x00000001f41e1e00] [info] Perform local reordering
[2024-11-14 02:09:17.539184] [0x00000001f41e1e00] [info] reorder iteration: 0
[2024-11-14 02:09:17.562649] [0x00000001f41e1e00] [info]   current weighted HPWL: 59581.2um
[2024-11-14 02:09:17.562979] [0x00000001f41e1e00] [info] reorder iteration: 1
[2024-11-14 02:09:17.587708] [0x00000001f41e1e00] [info]   current weighted HPWL: 61038.6um
[2024-11-14 02:09:17.588079] [0x00000001f41e1e00] [info] reorder iteration: 2
[2024-11-14 02:09:17.612746] [0x00000001f41e1e00] [info]   current weighted HPWL: 62385.6um
[2024-11-14 02:09:17.613071] [0x00000001f41e1e00] [info] reorder iteration: 3
[2024-11-14 02:09:17.637764] [0x00000001f41e1e00] [info]   current weighted HPWL: 63537um
[2024-11-14 02:09:17.638115] [0x00000001f41e1e00] [info] reorder iteration: 4
[2024-11-14 02:09:17.660754] [0x00000001f41e1e00] [info]   current weighted HPWL: 64570.8um
[2024-11-14 02:09:17.661064] [0x00000001f41e1e00] [info] reorder iteration: 5
[2024-11-14 02:09:17.683040] [0x00000001f41e1e00] [info]   current weighted HPWL: 65568.6um
[2024-11-14 02:09:17.683347] [0x00000001f41e1e00] [info] Insert well tap cells
[2024-11-14 02:09:17.683726] [0x00000001f41e1e00] [info] Insertion complete: 878 well tap cell created
[2024-11-14 02:09:17.683735] [0x00000001f41e1e00] [info] Skip creating end cap cells
[2024-11-14 02:09:17.683738] [0x00000001f41e1e00] [info]   current weighted HPWL: 65251.8um
[2024-11-14 02:09:17.684067] [0x00000001f41e1e00] [info] [0;36mStandard Cluster Well Legalization completed[0m
[2024-11-14 02:09:17.684077] [0x00000001f41e1e00] [info] (wall time: 0.151596s, cpu time: 0.150477)
[2024-11-14 02:09:17.684087] [0x00000001f41e1e00] [info] (peak memory: 50MB,  current memory: 50MB)
[2024-11-14 02:09:17.684553] [0x00000001f41e1e00] [info] Writing PP and NP rect file: dali_outppnp.rect
[2024-11-14 02:09:17.686013] [0x00000001f41e1e00] [info] Writing N-well rect file: dali_outwell.rect
[2024-11-14 02:09:17.686635] [0x00000001f41e1e00] [info] Writing cluster rect file: dali_out_router.cluster
[2024-11-14 02:09:17.686896] [0x00000001f41e1e00] [info] ------------------------------------------------------------
[2024-11-14 02:09:17.686902] [0x00000001f41e1e00] [info] Start I/O Placement
[2024-11-14 02:09:17.686906] [0x00000001f41e1e00] [info] [0;36mI/O Placement complete![0m
[2024-11-14 02:09:17.686944] [0x00000001f41e1e00] [warning] IoPlace flag not specified, use --auto-place by default
[2024-11-14 02:09:17.686948] [0x00000001f41e1e00] [info] ------------------------------------------------------------
[2024-11-14 02:09:17.686950] [0x00000001f41e1e00] [info] Start I/O Placement
[2024-11-14 02:09:17.686953] [0x00000001f41e1e00] [info] [0;36mI/O Placement complete![0m
[2024-11-14 02:09:17.688633] [0x00000001f41e1e00] [info] Export Pplus/Nplus fillings to PhyDB
[2024-11-14 02:09:17.688667] [0x00000001f41e1e00] [info] Export N wells to PhyDB
