[2024-11-03 18:48:01.508934] [0x00000001f41e1e00] [info] ------------------------------------------------------------
[2024-11-03 18:48:01.509963] [0x00000001f41e1e00] [info] Load information from PhyDB
[2024-11-03 18:48:01.509969] [0x00000001f41e1e00] [info]   placement grid not set in PhyDB
[2024-11-03 18:48:01.509972] [0x00000001f41e1e00] [info]   checking sites
[2024-11-03 18:48:01.509974] [0x00000001f41e1e00] [info]     width : 0.6um
[2024-11-03 18:48:01.509979] [0x00000001f41e1e00] [info]     height: 0.3um
[2024-11-03 18:48:01.584555] [0x00000001f41e1e00] [info] No P-well layer info provided, creating fake info
[2024-11-03 18:48:01.584641] [0x00000001f41e1e00] [info] (wall time: 0.076445s, cpu time: 0.075202)
[2024-11-03 18:48:01.584646] [0x00000001f41e1e00] [info] ------------------------------------------------------------
[2024-11-03 18:48:01.584649] [0x00000001f41e1e00] [info] Circuit brief summary:
[2024-11-03 18:48:01.584651] [0x00000001f41e1e00] [info]   movable blocks: 81900
[2024-11-03 18:48:01.584656] [0x00000001f41e1e00] [info]   fixed blocks:   0
[2024-11-03 18:48:01.584659] [0x00000001f41e1e00] [info]   blocks:         81900
[2024-11-03 18:48:01.584662] [0x00000001f41e1e00] [info]   iopins:         1
[2024-11-03 18:48:01.584664] [0x00000001f41e1e00] [info]   nets:           84101
[2024-11-03 18:48:01.584667] [0x00000001f41e1e00] [info]   grid size x/y:  0.6/0.3um
[2024-11-03 18:48:01.584671] [0x00000001f41e1e00] [info]   total movable blk area: 5340600
[2024-11-03 18:48:01.584674] [0x00000001f41e1e00] [info]   total white space     : 9631656
[2024-11-03 18:48:01.584676] [0x00000001f41e1e00] [info]   total block area      : 5340600
[2024-11-03 18:48:01.584679] [0x00000001f41e1e00] [info]   total space: 9631656
[2024-11-03 18:48:01.584682] [0x00000001f41e1e00] [info]     left:   10
[2024-11-03 18:48:01.584684] [0x00000001f41e1e00] [info]     right:  2203
[2024-11-03 18:48:01.584687] [0x00000001f41e1e00] [info]     bottom: 18
[2024-11-03 18:48:01.584690] [0x00000001f41e1e00] [info]     top:    4410
[2024-11-03 18:48:01.584692] [0x00000001f41e1e00] [info]   average movable width/height: 5.78022/10.7558um
[2024-11-03 18:48:01.584696] [0x00000001f41e1e00] [info]   white space utility: 0.554484
[2024-11-03 18:48:01.584699] [0x00000001f41e1e00] [info]   current weighted HPWL: 254373um
[2024-11-03 18:48:01.595785] [0x00000001f41e1e00] [info] ------------------------------------------------------------
[2024-11-03 18:48:01.595803] [0x00000001f41e1e00] [info] Start global placement
[2024-11-03 18:48:01.595806] [0x00000001f41e1e00] [info]   target density: 0.6
[2024-11-03 18:48:01.596076] [0x00000001f41e1e00] [info]   Block location initialization:
    HPWL before, 254373
[2024-11-03 18:48:01.600140] [0x00000001f41e1e00] [info]     HPWL after, 8.4714e+07
[2024-11-03 18:48:03.168398] [0x00000001f41e1e00] [info]   iter-0  : 1.8415e+05  4.1050e+06
[2024-11-03 18:48:03.561455] [0x00000001f41e1e00] [info]   iter-1  : 1.8599e+05  3.7893e+06
[2024-11-03 18:48:04.061977] [0x00000001f41e1e00] [info]   iter-2  : 1.9339e+05  3.4647e+06
[2024-11-03 18:48:04.546100] [0x00000001f41e1e00] [info]   iter-3  : 2.0333e+05  3.0131e+06
[2024-11-03 18:48:05.069385] [0x00000001f41e1e00] [info]   iter-4  : 2.1371e+05  2.7671e+06
[2024-11-03 18:48:05.612644] [0x00000001f41e1e00] [info]   iter-5  : 2.3509e+05  2.5295e+06
[2024-11-03 18:48:06.336525] [0x00000001f41e1e00] [info]   iter-6  : 2.6683e+05  2.2779e+06
[2024-11-03 18:48:06.958839] [0x00000001f41e1e00] [info]   iter-7  : 2.9355e+05  2.0631e+06
[2024-11-03 18:48:07.598202] [0x00000001f41e1e00] [info]   iter-8  : 3.2543e+05  1.8706e+06
[2024-11-03 18:48:08.240485] [0x00000001f41e1e00] [info]   iter-9  : 3.5564e+05  1.8114e+06
[2024-11-03 18:48:08.865253] [0x00000001f41e1e00] [info]   iter-10 : 4.0379e+05  1.6640e+06
[2024-11-03 18:48:09.529894] [0x00000001f41e1e00] [info]   iter-11 : 4.5909e+05  1.5567e+06
[2024-11-03 18:48:10.155654] [0x00000001f41e1e00] [info]   iter-12 : 5.0130e+05  1.4454e+06
[2024-11-03 18:48:10.751291] [0x00000001f41e1e00] [info]   iter-13 : 5.3925e+05  1.3745e+06
[2024-11-03 18:48:11.249513] [0x00000001f41e1e00] [info]   iter-14 : 5.7135e+05  1.3220e+06
[2024-11-03 18:48:11.823306] [0x00000001f41e1e00] [info]   iter-15 : 6.1646e+05  1.2601e+06
[2024-11-03 18:48:12.454715] [0x00000001f41e1e00] [info]   iter-16 : 6.4821e+05  1.2156e+06
[2024-11-03 18:48:12.969751] [0x00000001f41e1e00] [info]   iter-17 : 6.7809e+05  1.1864e+06
[2024-11-03 18:48:13.382450] [0x00000001f41e1e00] [info]   iter-18 : 7.0123e+05  1.1641e+06
[2024-11-03 18:48:13.820616] [0x00000001f41e1e00] [info]   iter-19 : 7.2790e+05  1.1328e+06
[2024-11-03 18:48:14.231127] [0x00000001f41e1e00] [info]   iter-20 : 7.4473e+05  1.1105e+06
[2024-11-03 18:48:14.578088] [0x00000001f41e1e00] [info]   iter-21 : 7.6159e+05  1.0878e+06
[2024-11-03 18:48:14.955476] [0x00000001f41e1e00] [info]   iter-22 : 7.7133e+05  1.0777e+06
[2024-11-03 18:48:15.293997] [0x00000001f41e1e00] [info]   iter-23 : 7.8644e+05  1.0614e+06
[2024-11-03 18:48:15.581195] [0x00000001f41e1e00] [info]   iter-24 : 7.9473e+05  1.0518e+06
[2024-11-03 18:48:15.875437] [0x00000001f41e1e00] [info]   iter-25 : 8.0367e+05  1.0404e+06
[2024-11-03 18:48:16.163289] [0x00000001f41e1e00] [info]   iter-26 : 8.1185e+05  1.0286e+06
[2024-11-03 18:48:16.445372] [0x00000001f41e1e00] [info]   iter-27 : 8.1778e+05  1.0233e+06
[2024-11-03 18:48:16.727175] [0x00000001f41e1e00] [info]   iter-28 : 8.2433e+05  1.0197e+06
[2024-11-03 18:48:17.012525] [0x00000001f41e1e00] [info]   iter-29 : 8.3144e+05  1.0149e+06
[2024-11-03 18:48:17.303661] [0x00000001f41e1e00] [info]   iter-30 : 8.3674e+05  1.0111e+06
[2024-11-03 18:48:17.568961] [0x00000001f41e1e00] [info]   iter-31 : 8.3839e+05  1.0047e+06
[2024-11-03 18:48:17.813854] [0x00000001f41e1e00] [info]   iter-32 : 8.4334e+05  1.0007e+06
[2024-11-03 18:48:18.072330] [0x00000001f41e1e00] [info]   iter-33 : 8.4736e+05  1.0029e+06
[2024-11-03 18:48:18.073908] [0x00000001f41e1e00] [info]   current weighted HPWL: 1.00286e+06um
[2024-11-03 18:48:18.077622] [0x00000001f41e1e00] [info] [0;36mGlobal placement completed[0m
[2024-11-03 18:48:18.077631] [0x00000001f41e1e00] [info] (wall time: 16.481801s, cpu time: 16.267404)
[2024-11-03 18:48:18.077641] [0x00000001f41e1e00] [info] (peak memory: 306MB,  current memory: 302MB)
[2024-11-03 18:48:18.079957] [0x00000001f41e1e00] [info] ------------------------------------------------------------
[2024-11-03 18:48:18.079979] [0x00000001f41e1e00] [info] Start standard cluster well legalization
[2024-11-03 18:48:18.080509] [0x00000001f41e1e00] [info]   Well max plug distance: 75um, 125 
[2024-11-03 18:48:18.080542] [0x00000001f41e1e00] [info]   GridValueX: 0.6 um
[2024-11-03 18:48:18.080547] [0x00000001f41e1e00] [info]   Well spacing: 1.275um, 3
[2024-11-03 18:48:18.080550] [0x00000001f41e1e00] [info]   Well tap cell width: 2
[2024-11-03 18:48:18.081581] [0x00000001f41e1e00] [info] Max movable cell width: 22
[2024-11-03 18:48:18.081617] [0x00000001f41e1e00] [info] Using default gridded row width: 2*max_unplug_length_
[2024-11-03 18:48:18.081620] [0x00000001f41e1e00] [info]   Total number of columns: 9
[2024-11-03 18:48:18.081624] [0x00000001f41e1e00] [info]   Gridded row width: 145.8um, 243
[2024-11-03 18:48:18.083049] [0x00000001f41e1e00] [info] Maximum possible number of gridded rows in a column: 487
[2024-11-03 18:48:18.092375] [0x00000001f41e1e00] [info] Form block clustering
[2024-11-03 18:48:18.120293] [0x00000001f41e1e00] [info]   current weighted HPWL: 1.28434e+06um
[2024-11-03 18:48:18.123677] [0x00000001f41e1e00] [info] Flip cluster orientation
[2024-11-03 18:48:18.124096] [0x00000001f41e1e00] [info]   current weighted HPWL: 1.35394e+06um
[2024-11-03 18:48:18.127526] [0x00000001f41e1e00] [info] Perform local reordering
[2024-11-03 18:48:18.127531] [0x00000001f41e1e00] [info] reorder iteration: 0
[2024-11-03 18:48:18.395067] [0x00000001f41e1e00] [info]   current weighted HPWL: 1.30465e+06um
[2024-11-03 18:48:18.398704] [0x00000001f41e1e00] [info] reorder iteration: 1
[2024-11-03 18:48:18.668338] [0x00000001f41e1e00] [info]   current weighted HPWL: 1.29671e+06um
[2024-11-03 18:48:18.671919] [0x00000001f41e1e00] [info] reorder iteration: 2
[2024-11-03 18:48:18.963216] [0x00000001f41e1e00] [info]   current weighted HPWL: 1.29809e+06um
[2024-11-03 18:48:18.966756] [0x00000001f41e1e00] [info] reorder iteration: 3
[2024-11-03 18:48:19.227850] [0x00000001f41e1e00] [info]   current weighted HPWL: 1.30121e+06um
[2024-11-03 18:48:19.231268] [0x00000001f41e1e00] [info] reorder iteration: 4
[2024-11-03 18:48:19.487917] [0x00000001f41e1e00] [info]   current weighted HPWL: 1.30449e+06um
[2024-11-03 18:48:19.491328] [0x00000001f41e1e00] [info] reorder iteration: 5
[2024-11-03 18:48:19.748077] [0x00000001f41e1e00] [info]   current weighted HPWL: 1.30757e+06um
[2024-11-03 18:48:19.751499] [0x00000001f41e1e00] [info] Insert well tap cells
[2024-11-03 18:48:19.753701] [0x00000001f41e1e00] [info] Insertion complete: 4776 well tap cell created
[2024-11-03 18:48:19.753725] [0x00000001f41e1e00] [info] Skip creating end cap cells
[2024-11-03 18:48:19.753729] [0x00000001f41e1e00] [info]   current weighted HPWL: 1.31876e+06um
[2024-11-03 18:48:19.757126] [0x00000001f41e1e00] [info] [0;36mStandard Cluster Well Legalization completed[0m
[2024-11-03 18:48:19.757139] [0x00000001f41e1e00] [info] (wall time: 1.677178s, cpu time: 1.657124)
[2024-11-03 18:48:19.757151] [0x00000001f41e1e00] [info] (peak memory: 313MB,  current memory: 313MB)
[2024-11-03 18:48:19.757183] [0x00000001f41e1e00] [info] Writing PP and NP rect file: dali_outppnp.rect
[2024-11-03 18:48:19.764343] [0x00000001f41e1e00] [info] Writing N-well rect file: dali_outwell.rect
[2024-11-03 18:48:19.764910] [0x00000001f41e1e00] [info] Writing cluster rect file: dali_out_router.cluster
[2024-11-03 18:48:19.765540] [0x00000001f41e1e00] [info] ------------------------------------------------------------
[2024-11-03 18:48:19.765547] [0x00000001f41e1e00] [info] Start I/O Placement
[2024-11-03 18:48:19.765588] [0x00000001f41e1e00] [info] [0;36mI/O Placement complete![0m
[2024-11-03 18:48:19.765647] [0x00000001f41e1e00] [warning] IoPlace flag not specified, use --auto-place by default
[2024-11-03 18:48:19.765652] [0x00000001f41e1e00] [info] ------------------------------------------------------------
[2024-11-03 18:48:19.765655] [0x00000001f41e1e00] [info] Start I/O Placement
[2024-11-03 18:48:19.765674] [0x00000001f41e1e00] [info] [0;36mI/O Placement complete![0m
[2024-11-03 18:48:19.779833] [0x00000001f41e1e00] [info] Export Pplus/Nplus fillings to PhyDB
[2024-11-03 18:48:19.780024] [0x00000001f41e1e00] [info] Export N wells to PhyDB
