[2024-11-14 01:51:33.443255] [0x00000001f41e1e00] [info] ------------------------------------------------------------
[2024-11-14 01:51:33.444711] [0x00000001f41e1e00] [info] Load information from PhyDB
[2024-11-14 01:51:33.444716] [0x00000001f41e1e00] [info]   placement grid not set in PhyDB
[2024-11-14 01:51:33.444719] [0x00000001f41e1e00] [info]   checking sites
[2024-11-14 01:51:33.444721] [0x00000001f41e1e00] [info]     width : 0.6um
[2024-11-14 01:51:33.444726] [0x00000001f41e1e00] [info]     height: 0.3um
[2024-11-14 01:51:33.447562] [0x00000001f41e1e00] [info] No P-well layer info provided, creating fake info
[2024-11-14 01:51:33.447610] [0x00000001f41e1e00] [info] (wall time: 0.005114s, cpu time: 0.003243)
[2024-11-14 01:51:33.447616] [0x00000001f41e1e00] [info] ------------------------------------------------------------
[2024-11-14 01:51:33.447619] [0x00000001f41e1e00] [info] Circuit brief summary:
[2024-11-14 01:51:33.447621] [0x00000001f41e1e00] [info]   movable blocks: 3700
[2024-11-14 01:51:33.447625] [0x00000001f41e1e00] [info]   fixed blocks:   0
[2024-11-14 01:51:33.447627] [0x00000001f41e1e00] [info]   blocks:         3700
[2024-11-14 01:51:33.447630] [0x00000001f41e1e00] [info]   iopins:         1
[2024-11-14 01:51:33.447632] [0x00000001f41e1e00] [info]   nets:           5001
[2024-11-14 01:51:33.447635] [0x00000001f41e1e00] [info]   grid size x/y:  0.6/0.3um
[2024-11-14 01:51:33.447638] [0x00000001f41e1e00] [info]   total movable blk area: 398400
[2024-11-14 01:51:33.447641] [0x00000001f41e1e00] [info]   total white space     : 722394
[2024-11-14 01:51:33.447644] [0x00000001f41e1e00] [info]   total block area      : 398400
[2024-11-14 01:51:33.447646] [0x00000001f41e1e00] [info]   total space: 722394
[2024-11-14 01:51:33.447649] [0x00000001f41e1e00] [info]     left:   10
[2024-11-14 01:51:33.447651] [0x00000001f41e1e00] [info]     right:  609
[2024-11-14 01:51:33.447654] [0x00000001f41e1e00] [info]     bottom: 18
[2024-11-14 01:51:33.447656] [0x00000001f41e1e00] [info]     top:    1224
[2024-11-14 01:51:33.447659] [0x00000001f41e1e00] [info]   average movable width/height: 8.35135/11.5676um
[2024-11-14 01:51:33.447667] [0x00000001f41e1e00] [info]   white space utility: 0.5515
[2024-11-14 01:51:33.447669] [0x00000001f41e1e00] [info]   current weighted HPWL: 24092.7um
[2024-11-14 01:51:33.449334] [0x00000001f41e1e00] [info] ------------------------------------------------------------
[2024-11-14 01:51:33.449343] [0x00000001f41e1e00] [info] Start global placement
[2024-11-14 01:51:33.449346] [0x00000001f41e1e00] [info]   target density: 0.6
[2024-11-14 01:51:33.449402] [0x00000001f41e1e00] [info]   Block location initialization:
    HPWL before, 24092.7
[2024-11-14 01:51:33.449575] [0x00000001f41e1e00] [info]     HPWL after, 1.11738e+06
[2024-11-14 01:51:33.465322] [0x00000001f41e1e00] [info]   iter-0  : 1.3257e+04  9.4916e+04
[2024-11-14 01:51:33.474685] [0x00000001f41e1e00] [info]   iter-1  : 1.3567e+04  6.9728e+04
[2024-11-14 01:51:33.484594] [0x00000001f41e1e00] [info]   iter-2  : 1.3658e+04  6.5548e+04
[2024-11-14 01:51:33.492938] [0x00000001f41e1e00] [info]   iter-3  : 1.3676e+04  6.5470e+04
[2024-11-14 01:51:33.501115] [0x00000001f41e1e00] [info]   iter-4  : 1.3730e+04  6.0486e+04
[2024-11-14 01:51:33.508772] [0x00000001f41e1e00] [info]   iter-5  : 1.3837e+04  5.7179e+04
[2024-11-14 01:51:33.516805] [0x00000001f41e1e00] [info]   iter-6  : 1.3952e+04  5.4510e+04
[2024-11-14 01:51:33.524606] [0x00000001f41e1e00] [info]   iter-7  : 1.4045e+04  4.7894e+04
[2024-11-14 01:51:33.532604] [0x00000001f41e1e00] [info]   iter-8  : 1.4193e+04  4.6845e+04
[2024-11-14 01:51:33.540670] [0x00000001f41e1e00] [info]   iter-9  : 1.4397e+04  4.4356e+04
[2024-11-14 01:51:33.549907] [0x00000001f41e1e00] [info]   iter-10 : 1.4786e+04  3.9971e+04
[2024-11-14 01:51:33.558546] [0x00000001f41e1e00] [info]   iter-11 : 1.5180e+04  3.9059e+04
[2024-11-14 01:51:33.566981] [0x00000001f41e1e00] [info]   iter-12 : 1.5647e+04  3.8374e+04
[2024-11-14 01:51:33.575701] [0x00000001f41e1e00] [info]   iter-13 : 1.6023e+04  3.6034e+04
[2024-11-14 01:51:33.583169] [0x00000001f41e1e00] [info]   iter-14 : 1.6337e+04  3.6150e+04
[2024-11-14 01:51:33.591598] [0x00000001f41e1e00] [info]   iter-15 : 1.6957e+04  3.4558e+04
[2024-11-14 01:51:33.599850] [0x00000001f41e1e00] [info]   iter-16 : 1.7469e+04  3.4040e+04
[2024-11-14 01:51:33.608542] [0x00000001f41e1e00] [info]   iter-17 : 1.7982e+04  3.3667e+04
[2024-11-14 01:51:33.617350] [0x00000001f41e1e00] [info]   iter-18 : 1.8418e+04  3.2495e+04
[2024-11-14 01:51:33.626265] [0x00000001f41e1e00] [info]   iter-19 : 1.8798e+04  3.3229e+04
[2024-11-14 01:51:33.635009] [0x00000001f41e1e00] [info]   iter-20 : 1.9280e+04  3.2371e+04
[2024-11-14 01:51:33.643911] [0x00000001f41e1e00] [info]   iter-21 : 1.9636e+04  3.1614e+04
[2024-11-14 01:51:33.651399] [0x00000001f41e1e00] [info]   iter-22 : 1.9880e+04  3.1097e+04
[2024-11-14 01:51:33.658770] [0x00000001f41e1e00] [info]   iter-23 : 2.0118e+04  3.0551e+04
[2024-11-14 01:51:33.666406] [0x00000001f41e1e00] [info]   iter-24 : 2.0228e+04  3.2480e+04
[2024-11-14 01:51:33.674793] [0x00000001f41e1e00] [info]   iter-25 : 2.0793e+04  3.1860e+04
[2024-11-14 01:51:33.682217] [0x00000001f41e1e00] [info]   iter-26 : 2.0984e+04  3.1527e+04
[2024-11-14 01:51:33.689615] [0x00000001f41e1e00] [info]   iter-27 : 2.1159e+04  3.1333e+04
[2024-11-14 01:51:33.697004] [0x00000001f41e1e00] [info]   iter-28 : 2.1544e+04  3.0499e+04
[2024-11-14 01:51:33.704243] [0x00000001f41e1e00] [info]   iter-29 : 2.1519e+04  2.9713e+04
[2024-11-14 01:51:33.711601] [0x00000001f41e1e00] [info]   iter-30 : 2.1501e+04  2.9985e+04
[2024-11-14 01:51:33.718946] [0x00000001f41e1e00] [info]   iter-31 : 2.1618e+04  3.0485e+04
[2024-11-14 01:51:33.726328] [0x00000001f41e1e00] [info]   iter-32 : 2.1957e+04  3.0886e+04
[2024-11-14 01:51:33.733732] [0x00000001f41e1e00] [info]   iter-33 : 2.2274e+04  3.0502e+04
[2024-11-14 01:51:33.740977] [0x00000001f41e1e00] [info]   iter-34 : 2.2517e+04  2.9278e+04
[2024-11-14 01:51:33.748164] [0x00000001f41e1e00] [info]   iter-35 : 2.2257e+04  2.9122e+04
[2024-11-14 01:51:33.755425] [0x00000001f41e1e00] [info]   iter-36 : 2.2209e+04  3.0896e+04
[2024-11-14 01:51:33.763722] [0x00000001f41e1e00] [info]   iter-37 : 2.2949e+04  2.9241e+04
[2024-11-14 01:51:33.770924] [0x00000001f41e1e00] [info]   iter-38 : 2.2665e+04  2.9433e+04
[2024-11-14 01:51:33.778259] [0x00000001f41e1e00] [info]   iter-39 : 2.2851e+04  3.0106e+04
[2024-11-14 01:51:33.785631] [0x00000001f41e1e00] [info]   iter-40 : 2.3135e+04  3.0498e+04
[2024-11-14 01:51:33.792824] [0x00000001f41e1e00] [info]   iter-41 : 2.3333e+04  2.9621e+04
[2024-11-14 01:51:33.800023] [0x00000001f41e1e00] [info]   iter-42 : 2.3327e+04  2.9342e+04
[2024-11-14 01:51:33.807128] [0x00000001f41e1e00] [info]   iter-43 : 2.3358e+04  2.7619e+04
[2024-11-14 01:51:33.814444] [0x00000001f41e1e00] [info]   iter-44 : 2.2831e+04  2.9725e+04
[2024-11-14 01:51:33.823802] [0x00000001f41e1e00] [info]   iter-45 : 2.3627e+04  3.0213e+04
[2024-11-14 01:51:33.830986] [0x00000001f41e1e00] [info]   iter-46 : 2.3864e+04  2.9672e+04
[2024-11-14 01:51:33.838019] [0x00000001f41e1e00] [info]   iter-47 : 2.3913e+04  2.8904e+04
[2024-11-14 01:51:33.845157] [0x00000001f41e1e00] [info]   iter-48 : 2.3672e+04  2.9087e+04
[2024-11-14 01:51:33.852189] [0x00000001f41e1e00] [info]   iter-49 : 2.3753e+04  2.7698e+04
[2024-11-14 01:51:33.859284] [0x00000001f41e1e00] [info]   iter-50 : 2.3243e+04  2.8920e+04
[2024-11-14 01:51:33.867372] [0x00000001f41e1e00] [info]   iter-51 : 2.3678e+04  2.8715e+04
[2024-11-14 01:51:33.874649] [0x00000001f41e1e00] [info]   iter-52 : 2.3757e+04  2.9276e+04
[2024-11-14 01:51:33.881699] [0x00000001f41e1e00] [info]   iter-53 : 2.4047e+04  2.8222e+04
[2024-11-14 01:51:33.888932] [0x00000001f41e1e00] [info]   iter-54 : 2.3697e+04  2.8653e+04
[2024-11-14 01:51:33.896079] [0x00000001f41e1e00] [info]   iter-55 : 2.3922e+04  2.8976e+04
[2024-11-14 01:51:33.903224] [0x00000001f41e1e00] [info]   iter-56 : 2.4097e+04  2.9621e+04
[2024-11-14 01:51:33.910391] [0x00000001f41e1e00] [info]   iter-57 : 2.4433e+04  2.9244e+04
[2024-11-14 01:51:33.917399] [0x00000001f41e1e00] [info]   iter-58 : 2.4475e+04  2.8047e+04
[2024-11-14 01:51:33.924723] [0x00000001f41e1e00] [info]   iter-59 : 2.4029e+04  2.8271e+04
[2024-11-14 01:51:33.931905] [0x00000001f41e1e00] [info]   iter-60 : 2.4100e+04  2.8704e+04
[2024-11-14 01:51:33.938885] [0x00000001f41e1e00] [info]   iter-61 : 2.4326e+04  2.8059e+04
[2024-11-14 01:51:33.946021] [0x00000001f41e1e00] [info]   iter-62 : 2.4167e+04  2.8745e+04
[2024-11-14 01:51:33.953519] [0x00000001f41e1e00] [info]   iter-63 : 2.4513e+04  2.8844e+04
[2024-11-14 01:51:33.960627] [0x00000001f41e1e00] [info]   iter-64 : 2.4582e+04  2.8839e+04
[2024-11-14 01:51:33.960664] [0x00000001f41e1e00] [info]   current weighted HPWL: 28839.3um
[2024-11-14 01:51:33.960800] [0x00000001f41e1e00] [info] [0;36mGlobal placement completed[0m
[2024-11-14 01:51:33.960804] [0x00000001f41e1e00] [info] (wall time: 0.511467s, cpu time: 0.517803)
[2024-11-14 01:51:33.960815] [0x00000001f41e1e00] [info] (peak memory: 26MB,  current memory: 26MB)
[2024-11-14 01:51:33.960905] [0x00000001f41e1e00] [info] ------------------------------------------------------------
[2024-11-14 01:51:33.960910] [0x00000001f41e1e00] [info] Start standard cluster well legalization
[2024-11-14 01:51:33.961377] [0x00000001f41e1e00] [info]   Well max plug distance: 75um, 125 
[2024-11-14 01:51:33.961409] [0x00000001f41e1e00] [info]   GridValueX: 0.6 um
[2024-11-14 01:51:33.961413] [0x00000001f41e1e00] [info]   Well spacing: 1.275um, 3
[2024-11-14 01:51:33.961416] [0x00000001f41e1e00] [info]   Well tap cell width: 2
[2024-11-14 01:51:33.961625] [0x00000001f41e1e00] [info] Max movable cell width: 22
[2024-11-14 01:51:33.961636] [0x00000001f41e1e00] [info] Using default gridded row width: 2*max_unplug_length_
[2024-11-14 01:51:33.961640] [0x00000001f41e1e00] [info]   Total number of columns: 3
[2024-11-14 01:51:33.961643] [0x00000001f41e1e00] [info]   Gridded row width: 118.2um, 197
[2024-11-14 01:51:33.961811] [0x00000001f41e1e00] [info] Maximum possible number of gridded rows in a column: 133
[2024-11-14 01:51:33.962185] [0x00000001f41e1e00] [info] Form block clustering
[2024-11-14 01:51:33.963575] [0x00000001f41e1e00] [info]   current weighted HPWL: 62674.2um
[2024-11-14 01:51:33.963724] [0x00000001f41e1e00] [info] Flip cluster orientation
[2024-11-14 01:51:33.963747] [0x00000001f41e1e00] [info]   current weighted HPWL: 68533.2um
[2024-11-14 01:51:33.963881] [0x00000001f41e1e00] [info] Perform local reordering
[2024-11-14 01:51:33.963883] [0x00000001f41e1e00] [info] reorder iteration: 0
[2024-11-14 01:51:33.973303] [0x00000001f41e1e00] [info]   current weighted HPWL: 62179.8um
[2024-11-14 01:51:33.973449] [0x00000001f41e1e00] [info] reorder iteration: 1
[2024-11-14 01:51:33.983045] [0x00000001f41e1e00] [info]   current weighted HPWL: 60708.6um
[2024-11-14 01:51:33.983187] [0x00000001f41e1e00] [info] reorder iteration: 2
[2024-11-14 01:51:33.993578] [0x00000001f41e1e00] [info]   current weighted HPWL: 60574.8um
[2024-11-14 01:51:33.993761] [0x00000001f41e1e00] [info] reorder iteration: 3
[2024-11-14 01:51:34.003458] [0x00000001f41e1e00] [info]   current weighted HPWL: 60676.8um
[2024-11-14 01:51:34.003609] [0x00000001f41e1e00] [info] reorder iteration: 4
[2024-11-14 01:51:34.013147] [0x00000001f41e1e00] [info]   current weighted HPWL: 60745.8um
[2024-11-14 01:51:34.013296] [0x00000001f41e1e00] [info] reorder iteration: 5
[2024-11-14 01:51:34.022818] [0x00000001f41e1e00] [info]   current weighted HPWL: 60874.2um
[2024-11-14 01:51:34.022964] [0x00000001f41e1e00] [info] Insert well tap cells
[2024-11-14 01:51:34.023104] [0x00000001f41e1e00] [info] Insertion complete: 376 well tap cell created
[2024-11-14 01:51:34.023108] [0x00000001f41e1e00] [info] Skip creating end cap cells
[2024-11-14 01:51:34.023111] [0x00000001f41e1e00] [info]   current weighted HPWL: 61696.2um
[2024-11-14 01:51:34.023247] [0x00000001f41e1e00] [info] [0;36mStandard Cluster Well Legalization completed[0m
[2024-11-14 01:51:34.023256] [0x00000001f41e1e00] [info] (wall time: 0.062346s, cpu time: 0.061669)
[2024-11-14 01:51:34.023263] [0x00000001f41e1e00] [info] (peak memory: 27MB,  current memory: 27MB)
[2024-11-14 01:51:34.023317] [0x00000001f41e1e00] [info] Writing PP and NP rect file: dali_outppnp.rect
[2024-11-14 01:51:34.024106] [0x00000001f41e1e00] [info] Writing N-well rect file: dali_outwell.rect
[2024-11-14 01:51:34.024552] [0x00000001f41e1e00] [info] Writing cluster rect file: dali_out_router.cluster
[2024-11-14 01:51:34.024752] [0x00000001f41e1e00] [info] ------------------------------------------------------------
[2024-11-14 01:51:34.024761] [0x00000001f41e1e00] [info] Start I/O Placement
[2024-11-14 01:51:34.024773] [0x00000001f41e1e00] [info] [0;36mI/O Placement complete![0m
[2024-11-14 01:51:34.024804] [0x00000001f41e1e00] [warning] IoPlace flag not specified, use --auto-place by default
[2024-11-14 01:51:34.024807] [0x00000001f41e1e00] [info] ------------------------------------------------------------
[2024-11-14 01:51:34.024810] [0x00000001f41e1e00] [info] Start I/O Placement
[2024-11-14 01:51:34.024818] [0x00000001f41e1e00] [info] [0;36mI/O Placement complete![0m
[2024-11-14 01:51:34.025257] [0x00000001f41e1e00] [info] Export Pplus/Nplus fillings to PhyDB
[2024-11-14 01:51:34.025286] [0x00000001f41e1e00] [info] Export N wells to PhyDB
