[2024-11-13 23:44:32.698611] [0x00000001f41e1e00] [info] ------------------------------------------------------------
[2024-11-13 23:44:32.699645] [0x00000001f41e1e00] [info] Load information from PhyDB
[2024-11-13 23:44:32.699651] [0x00000001f41e1e00] [info]   placement grid not set in PhyDB
[2024-11-13 23:44:32.699654] [0x00000001f41e1e00] [info]   checking sites
[2024-11-13 23:44:32.699657] [0x00000001f41e1e00] [info]     width : 0.6um
[2024-11-13 23:44:32.699661] [0x00000001f41e1e00] [info]     height: 0.3um
[2024-11-13 23:44:32.768324] [0x00000001f41e1e00] [info] No P-well layer info provided, creating fake info
[2024-11-13 23:44:32.768411] [0x00000001f41e1e00] [info] (wall time: 0.070202s, cpu time: 0.068985)
[2024-11-13 23:44:32.768418] [0x00000001f41e1e00] [info] ------------------------------------------------------------
[2024-11-13 23:44:32.768421] [0x00000001f41e1e00] [info] Circuit brief summary:
[2024-11-13 23:44:32.768423] [0x00000001f41e1e00] [info]   movable blocks: 73700
[2024-11-13 23:44:32.768428] [0x00000001f41e1e00] [info]   fixed blocks:   0
[2024-11-13 23:44:32.768430] [0x00000001f41e1e00] [info]   blocks:         73700
[2024-11-13 23:44:32.768433] [0x00000001f41e1e00] [info]   iopins:         1
[2024-11-13 23:44:32.768435] [0x00000001f41e1e00] [info]   nets:           75901
[2024-11-13 23:44:32.768439] [0x00000001f41e1e00] [info]   grid size x/y:  0.6/0.3um
[2024-11-13 23:44:32.768443] [0x00000001f41e1e00] [info]   total movable blk area: 4604400
[2024-11-13 23:44:32.768446] [0x00000001f41e1e00] [info]   total white space     : 8319096
[2024-11-13 23:44:32.768450] [0x00000001f41e1e00] [info]   total block area      : 4604400
[2024-11-13 23:44:32.768453] [0x00000001f41e1e00] [info]   total space: 8319096
[2024-11-13 23:44:32.768456] [0x00000001f41e1e00] [info]     left:   10
[2024-11-13 23:44:32.768459] [0x00000001f41e1e00] [info]     right:  2046
[2024-11-13 23:44:32.768462] [0x00000001f41e1e00] [info]     bottom: 18
[2024-11-13 23:44:32.768465] [0x00000001f41e1e00] [info]     top:    4104
[2024-11-13 23:44:32.768468] [0x00000001f41e1e00] [info]   average movable width/height: 5.63908/10.5495um
[2024-11-13 23:44:32.768471] [0x00000001f41e1e00] [info]   white space utility: 0.553474
[2024-11-13 23:44:32.768474] [0x00000001f41e1e00] [info]   current weighted HPWL: 221973um
[2024-11-13 23:44:32.773816] [0x00000001f41e1e00] [info] ------------------------------------------------------------
[2024-11-13 23:44:32.773829] [0x00000001f41e1e00] [info] Start global placement
[2024-11-13 23:44:32.773832] [0x00000001f41e1e00] [info]   target density: 0.6
[2024-11-13 23:44:32.774170] [0x00000001f41e1e00] [info]   Block location initialization:
    HPWL before, 221973
[2024-11-13 23:44:32.777843] [0x00000001f41e1e00] [info]     HPWL after, 7.00803e+07
[2024-11-13 23:44:34.336295] [0x00000001f41e1e00] [info]   iter-0  : 1.5109e+05  3.4899e+06
[2024-11-13 23:44:34.746925] [0x00000001f41e1e00] [info]   iter-1  : 1.5324e+05  2.9897e+06
[2024-11-13 23:44:35.157918] [0x00000001f41e1e00] [info]   iter-2  : 1.5877e+05  2.8042e+06
[2024-11-13 23:44:35.635933] [0x00000001f41e1e00] [info]   iter-3  : 1.6766e+05  2.5848e+06
[2024-11-13 23:44:36.222582] [0x00000001f41e1e00] [info]   iter-4  : 1.7658e+05  2.3811e+06
[2024-11-13 23:44:36.678845] [0x00000001f41e1e00] [info]   iter-5  : 1.9515e+05  2.1916e+06
[2024-11-13 23:44:37.219386] [0x00000001f41e1e00] [info]   iter-6  : 2.1606e+05  1.9584e+06
[2024-11-13 23:44:37.705248] [0x00000001f41e1e00] [info]   iter-7  : 2.3456e+05  1.7958e+06
[2024-11-13 23:44:38.164629] [0x00000001f41e1e00] [info]   iter-8  : 2.5286e+05  1.6601e+06
[2024-11-13 23:44:38.644997] [0x00000001f41e1e00] [info]   iter-9  : 2.7056e+05  1.5542e+06
[2024-11-13 23:44:39.218558] [0x00000001f41e1e00] [info]   iter-10 : 3.0452e+05  1.4908e+06
[2024-11-13 23:44:39.760598] [0x00000001f41e1e00] [info]   iter-11 : 3.4086e+05  1.3748e+06
[2024-11-13 23:44:40.303754] [0x00000001f41e1e00] [info]   iter-12 : 3.7611e+05  1.2986e+06
[2024-11-13 23:44:40.840091] [0x00000001f41e1e00] [info]   iter-13 : 4.1010e+05  1.2133e+06
[2024-11-13 23:44:41.276121] [0x00000001f41e1e00] [info]   iter-14 : 4.3978e+05  1.1489e+06
[2024-11-13 23:44:41.770792] [0x00000001f41e1e00] [info]   iter-15 : 4.7366e+05  1.0933e+06
[2024-11-13 23:44:42.214423] [0x00000001f41e1e00] [info]   iter-16 : 5.0127e+05  1.0438e+06
[2024-11-13 23:44:42.585517] [0x00000001f41e1e00] [info]   iter-17 : 5.2797e+05  1.0167e+06
[2024-11-13 23:44:42.949047] [0x00000001f41e1e00] [info]   iter-18 : 5.5383e+05  9.7959e+05
[2024-11-13 23:44:43.277842] [0x00000001f41e1e00] [info]   iter-19 : 5.7493e+05  9.6006e+05
[2024-11-13 23:44:43.607233] [0x00000001f41e1e00] [info]   iter-20 : 5.9282e+05  9.4479e+05
[2024-11-13 23:44:43.933976] [0x00000001f41e1e00] [info]   iter-21 : 6.0936e+05  9.3529e+05
[2024-11-13 23:44:44.261438] [0x00000001f41e1e00] [info]   iter-22 : 6.2492e+05  9.1931e+05
[2024-11-13 23:44:44.597459] [0x00000001f41e1e00] [info]   iter-23 : 6.3640e+05  9.0534e+05
[2024-11-13 23:44:44.918224] [0x00000001f41e1e00] [info]   iter-24 : 6.4810e+05  8.9430e+05
[2024-11-13 23:44:45.176049] [0x00000001f41e1e00] [info]   iter-25 : 6.5787e+05  8.8374e+05
[2024-11-13 23:44:45.468139] [0x00000001f41e1e00] [info]   iter-26 : 6.6353e+05  8.7500e+05
[2024-11-13 23:44:45.729547] [0x00000001f41e1e00] [info]   iter-27 : 6.7361e+05  8.6821e+05
[2024-11-13 23:44:45.985268] [0x00000001f41e1e00] [info]   iter-28 : 6.7869e+05  8.6217e+05
[2024-11-13 23:44:46.242188] [0x00000001f41e1e00] [info]   iter-29 : 6.8470e+05  8.5561e+05
[2024-11-13 23:44:46.500277] [0x00000001f41e1e00] [info]   iter-30 : 6.8961e+05  8.5078e+05
[2024-11-13 23:44:46.757463] [0x00000001f41e1e00] [info]   iter-31 : 6.9309e+05  8.4847e+05
[2024-11-13 23:44:47.010873] [0x00000001f41e1e00] [info]   iter-32 : 6.9728e+05  8.4286e+05
[2024-11-13 23:44:47.267328] [0x00000001f41e1e00] [info]   iter-33 : 7.0011e+05  8.4357e+05
[2024-11-13 23:44:47.523359] [0x00000001f41e1e00] [info]   iter-34 : 7.0553e+05  8.4008e+05
[2024-11-13 23:44:47.524442] [0x00000001f41e1e00] [info]   current weighted HPWL: 840076um
[2024-11-13 23:44:47.527385] [0x00000001f41e1e00] [info] [0;36mGlobal placement completed[0m
[2024-11-13 23:44:47.527394] [0x00000001f41e1e00] [info] (wall time: 14.753639s, cpu time: 14.726128)
[2024-11-13 23:44:47.527404] [0x00000001f41e1e00] [info] (peak memory: 306MB,  current memory: 306MB)
[2024-11-13 23:44:47.530109] [0x00000001f41e1e00] [info] ------------------------------------------------------------
[2024-11-13 23:44:47.530117] [0x00000001f41e1e00] [info] Start standard cluster well legalization
[2024-11-13 23:44:47.530651] [0x00000001f41e1e00] [info]   Well max plug distance: 75um, 125 
[2024-11-13 23:44:47.530690] [0x00000001f41e1e00] [info]   GridValueX: 0.6 um
[2024-11-13 23:44:47.530694] [0x00000001f41e1e00] [info]   Well spacing: 1.275um, 3
[2024-11-13 23:44:47.530701] [0x00000001f41e1e00] [info]   Well tap cell width: 2
[2024-11-13 23:44:47.531749] [0x00000001f41e1e00] [info] Max movable cell width: 22
[2024-11-13 23:44:47.531763] [0x00000001f41e1e00] [info] Using default gridded row width: 2*max_unplug_length_
[2024-11-13 23:44:47.531766] [0x00000001f41e1e00] [info]   Total number of columns: 9
[2024-11-13 23:44:47.531769] [0x00000001f41e1e00] [info]   Gridded row width: 135um, 225
[2024-11-13 23:44:47.532921] [0x00000001f41e1e00] [info] Maximum possible number of gridded rows in a column: 453
[2024-11-13 23:44:47.541197] [0x00000001f41e1e00] [info] Form block clustering
[2024-11-13 23:44:47.564208] [0x00000001f41e1e00] [info]   current weighted HPWL: 1.07489e+06um
[2024-11-13 23:44:47.567464] [0x00000001f41e1e00] [info] Flip cluster orientation
[2024-11-13 23:44:47.567824] [0x00000001f41e1e00] [info]   current weighted HPWL: 1.14531e+06um
[2024-11-13 23:44:47.570982] [0x00000001f41e1e00] [info] Perform local reordering
[2024-11-13 23:44:47.570986] [0x00000001f41e1e00] [info] reorder iteration: 0
[2024-11-13 23:44:47.806158] [0x00000001f41e1e00] [info]   current weighted HPWL: 1.10796e+06um
[2024-11-13 23:44:47.809321] [0x00000001f41e1e00] [info] reorder iteration: 1
[2024-11-13 23:44:48.040568] [0x00000001f41e1e00] [info]   current weighted HPWL: 1.10348e+06um
[2024-11-13 23:44:48.044232] [0x00000001f41e1e00] [info] reorder iteration: 2
[2024-11-13 23:44:48.274858] [0x00000001f41e1e00] [info]   current weighted HPWL: 1.10522e+06um
[2024-11-13 23:44:48.277882] [0x00000001f41e1e00] [info] reorder iteration: 3
[2024-11-13 23:44:48.511899] [0x00000001f41e1e00] [info]   current weighted HPWL: 1.10796e+06um
[2024-11-13 23:44:48.515154] [0x00000001f41e1e00] [info] reorder iteration: 4
[2024-11-13 23:44:48.761760] [0x00000001f41e1e00] [info]   current weighted HPWL: 1.11075e+06um
[2024-11-13 23:44:48.764969] [0x00000001f41e1e00] [info] reorder iteration: 5
[2024-11-13 23:44:49.004312] [0x00000001f41e1e00] [info]   current weighted HPWL: 1.11336e+06um
[2024-11-13 23:44:49.007680] [0x00000001f41e1e00] [info] Insert well tap cells
[2024-11-13 23:44:49.009580] [0x00000001f41e1e00] [info] Insertion complete: 4556 well tap cell created
[2024-11-13 23:44:49.009593] [0x00000001f41e1e00] [info] Skip creating end cap cells
[2024-11-13 23:44:49.009596] [0x00000001f41e1e00] [info]   current weighted HPWL: 1.12252e+06um
[2024-11-13 23:44:49.012549] [0x00000001f41e1e00] [info] [0;36mStandard Cluster Well Legalization completed[0m
[2024-11-13 23:44:49.012559] [0x00000001f41e1e00] [info] (wall time: 1.482453s, cpu time: 1.475920)
[2024-11-13 23:44:49.012573] [0x00000001f41e1e00] [info] (peak memory: 311MB,  current memory: 311MB)
[2024-11-13 23:44:49.013088] [0x00000001f41e1e00] [info] Writing PP and NP rect file: dali_outppnp.rect
[2024-11-13 23:44:49.019015] [0x00000001f41e1e00] [info] Writing N-well rect file: dali_outwell.rect
[2024-11-13 23:44:49.019580] [0x00000001f41e1e00] [info] Writing cluster rect file: dali_out_router.cluster
[2024-11-13 23:44:49.020179] [0x00000001f41e1e00] [info] ------------------------------------------------------------
[2024-11-13 23:44:49.020185] [0x00000001f41e1e00] [info] Start I/O Placement
[2024-11-13 23:44:49.020215] [0x00000001f41e1e00] [info] [0;36mI/O Placement complete![0m
[2024-11-13 23:44:49.020246] [0x00000001f41e1e00] [warning] IoPlace flag not specified, use --auto-place by default
[2024-11-13 23:44:49.020250] [0x00000001f41e1e00] [info] ------------------------------------------------------------
[2024-11-13 23:44:49.020253] [0x00000001f41e1e00] [info] Start I/O Placement
[2024-11-13 23:44:49.020266] [0x00000001f41e1e00] [info] [0;36mI/O Placement complete![0m
[2024-11-13 23:44:49.033687] [0x00000001f41e1e00] [info] Export Pplus/Nplus fillings to PhyDB
[2024-11-13 23:44:49.033873] [0x00000001f41e1e00] [info] Export N wells to PhyDB
