[2024-11-14 02:03:50.172889] [0x00000001f41e1e00] [info] ------------------------------------------------------------
[2024-11-14 02:03:50.173694] [0x00000001f41e1e00] [info] Load information from PhyDB
[2024-11-14 02:03:50.173706] [0x00000001f41e1e00] [info]   placement grid not set in PhyDB
[2024-11-14 02:03:50.173709] [0x00000001f41e1e00] [info]   checking sites
[2024-11-14 02:03:50.173712] [0x00000001f41e1e00] [info]     width : 0.6um
[2024-11-14 02:03:50.173716] [0x00000001f41e1e00] [info]     height: 0.3um
[2024-11-14 02:03:50.176520] [0x00000001f41e1e00] [info] No P-well layer info provided, creating fake info
[2024-11-14 02:03:50.176549] [0x00000001f41e1e00] [info] (wall time: 0.004248s, cpu time: 0.003273)
[2024-11-14 02:03:50.176552] [0x00000001f41e1e00] [info] ------------------------------------------------------------
[2024-11-14 02:03:50.176554] [0x00000001f41e1e00] [info] Circuit brief summary:
[2024-11-14 02:03:50.176557] [0x00000001f41e1e00] [info]   movable blocks: 5600
[2024-11-14 02:03:50.176561] [0x00000001f41e1e00] [info]   fixed blocks:   0
[2024-11-14 02:03:50.176563] [0x00000001f41e1e00] [info]   blocks:         5600
[2024-11-14 02:03:50.176565] [0x00000001f41e1e00] [info]   iopins:         0
[2024-11-14 02:03:50.176568] [0x00000001f41e1e00] [info]   nets:           5600
[2024-11-14 02:03:50.176571] [0x00000001f41e1e00] [info]   grid size x/y:  0.6/0.3um
[2024-11-14 02:03:50.176574] [0x00000001f41e1e00] [info]   total movable blk area: 409600
[2024-11-14 02:03:50.176577] [0x00000001f41e1e00] [info]   total white space     : 744192
[2024-11-14 02:03:50.176579] [0x00000001f41e1e00] [info]   total block area      : 409600
[2024-11-14 02:03:50.176582] [0x00000001f41e1e00] [info]   total space: 744192
[2024-11-14 02:03:50.176584] [0x00000001f41e1e00] [info]     left:   10
[2024-11-14 02:03:50.176587] [0x00000001f41e1e00] [info]     right:  618
[2024-11-14 02:03:50.176589] [0x00000001f41e1e00] [info]     bottom: 18
[2024-11-14 02:03:50.176592] [0x00000001f41e1e00] [info]     top:    1242
[2024-11-14 02:03:50.176594] [0x00000001f41e1e00] [info]   average movable width/height: 5.14286/14.7143um
[2024-11-14 02:03:50.176597] [0x00000001f41e1e00] [info]   white space utility: 0.550396
[2024-11-14 02:03:50.176600] [0x00000001f41e1e00] [info]   current weighted HPWL: 17280um
[2024-11-14 02:03:50.178059] [0x00000001f41e1e00] [info] ------------------------------------------------------------
[2024-11-14 02:03:50.178064] [0x00000001f41e1e00] [info] Start global placement
[2024-11-14 02:03:50.178067] [0x00000001f41e1e00] [info]   target density: 0.6
[2024-11-14 02:03:50.178245] [0x00000001f41e1e00] [info]   Block location initialization:
    HPWL before, 17280
[2024-11-14 02:03:50.178472] [0x00000001f41e1e00] [info]     HPWL after, 1.85368e+06
[2024-11-14 02:03:50.201150] [0x00000001f41e1e00] [info]   iter-0  : 1.6884e+04  5.0407e+04
[2024-11-14 02:03:50.223408] [0x00000001f41e1e00] [info]   iter-1  : 1.6909e+04  4.1349e+04
[2024-11-14 02:03:50.240363] [0x00000001f41e1e00] [info]   iter-2  : 1.6903e+04  3.6414e+04
[2024-11-14 02:03:50.257871] [0x00000001f41e1e00] [info]   iter-3  : 1.6910e+04  3.3942e+04
[2024-11-14 02:03:50.274916] [0x00000001f41e1e00] [info]   iter-4  : 1.6922e+04  3.3804e+04
[2024-11-14 02:03:50.291062] [0x00000001f41e1e00] [info]   iter-5  : 1.6958e+04  3.2500e+04
[2024-11-14 02:03:50.307020] [0x00000001f41e1e00] [info]   iter-6  : 1.6995e+04  3.1681e+04
[2024-11-14 02:03:50.323302] [0x00000001f41e1e00] [info]   iter-7  : 1.7012e+04  3.2020e+04
[2024-11-14 02:03:50.337808] [0x00000001f41e1e00] [info]   iter-8  : 1.7069e+04  3.0884e+04
[2024-11-14 02:03:50.354056] [0x00000001f41e1e00] [info]   iter-9  : 1.7072e+04  3.2109e+04
[2024-11-14 02:03:50.368108] [0x00000001f41e1e00] [info]   iter-10 : 1.7168e+04  3.1472e+04
[2024-11-14 02:03:50.380503] [0x00000001f41e1e00] [info]   iter-11 : 1.7213e+04  3.0847e+04
[2024-11-14 02:03:50.392950] [0x00000001f41e1e00] [info]   iter-12 : 1.7278e+04  3.1427e+04
[2024-11-14 02:03:50.409393] [0x00000001f41e1e00] [info]   iter-13 : 1.7365e+04  3.1306e+04
[2024-11-14 02:03:50.421568] [0x00000001f41e1e00] [info]   iter-14 : 1.7446e+04  2.9912e+04
[2024-11-14 02:03:50.433927] [0x00000001f41e1e00] [info]   iter-15 : 1.7487e+04  3.0314e+04
[2024-11-14 02:03:50.446142] [0x00000001f41e1e00] [info]   iter-16 : 1.7615e+04  3.0671e+04
[2024-11-14 02:03:50.462481] [0x00000001f41e1e00] [info]   iter-17 : 1.7719e+04  2.9650e+04
[2024-11-14 02:03:50.476651] [0x00000001f41e1e00] [info]   iter-18 : 1.7764e+04  2.9965e+04
[2024-11-14 02:03:50.491317] [0x00000001f41e1e00] [info]   iter-19 : 1.7882e+04  3.0630e+04
[2024-11-14 02:03:50.505779] [0x00000001f41e1e00] [info]   iter-20 : 1.8045e+04  3.0480e+04
[2024-11-14 02:03:50.519890] [0x00000001f41e1e00] [info]   iter-21 : 1.8147e+04  2.8752e+04
[2024-11-14 02:03:50.532236] [0x00000001f41e1e00] [info]   iter-22 : 1.8095e+04  3.0067e+04
[2024-11-14 02:03:50.544168] [0x00000001f41e1e00] [info]   iter-23 : 1.8333e+04  2.7917e+04
[2024-11-14 02:03:50.556224] [0x00000001f41e1e00] [info]   iter-24 : 1.8203e+04  2.7847e+04
[2024-11-14 02:03:50.568158] [0x00000001f41e1e00] [info]   iter-25 : 1.8277e+04  2.7841e+04
[2024-11-14 02:03:50.582304] [0x00000001f41e1e00] [info]   iter-26 : 1.8378e+04  2.9429e+04
[2024-11-14 02:03:50.594633] [0x00000001f41e1e00] [info]   iter-27 : 1.8652e+04  2.7871e+04
[2024-11-14 02:03:50.606733] [0x00000001f41e1e00] [info]   iter-28 : 1.8543e+04  2.7350e+04
[2024-11-14 02:03:50.619006] [0x00000001f41e1e00] [info]   iter-29 : 1.8545e+04  2.8041e+04
[2024-11-14 02:03:50.631114] [0x00000001f41e1e00] [info]   iter-30 : 1.8750e+04  2.8770e+04
[2024-11-14 02:03:50.643053] [0x00000001f41e1e00] [info]   iter-31 : 1.8973e+04  2.6824e+04
[2024-11-14 02:03:50.655206] [0x00000001f41e1e00] [info]   iter-32 : 1.8752e+04  2.6683e+04
[2024-11-14 02:03:50.667169] [0x00000001f41e1e00] [info]   iter-33 : 1.8809e+04  2.8341e+04
[2024-11-14 02:03:50.679581] [0x00000001f41e1e00] [info]   iter-34 : 1.9169e+04  2.7748e+04
[2024-11-14 02:03:50.694400] [0x00000001f41e1e00] [info]   iter-35 : 1.9212e+04  2.7848e+04
[2024-11-14 02:03:50.709082] [0x00000001f41e1e00] [info]   iter-36 : 1.9306e+04  2.7408e+04
[2024-11-14 02:03:50.721513] [0x00000001f41e1e00] [info]   iter-37 : 1.9254e+04  2.6835e+04
[2024-11-14 02:03:50.733649] [0x00000001f41e1e00] [info]   iter-38 : 1.9242e+04  2.6823e+04
[2024-11-14 02:03:50.745643] [0x00000001f41e1e00] [info]   iter-39 : 1.9283e+04  2.6356e+04
[2024-11-14 02:03:50.760037] [0x00000001f41e1e00] [info]   iter-40 : 1.9247e+04  2.6169e+04
[2024-11-14 02:03:50.774231] [0x00000001f41e1e00] [info]   iter-41 : 1.9288e+04  2.5758e+04
[2024-11-14 02:03:50.788673] [0x00000001f41e1e00] [info]   iter-42 : 1.9254e+04  2.5939e+04
[2024-11-14 02:03:50.802656] [0x00000001f41e1e00] [info]   iter-43 : 1.9345e+04  2.5537e+04
[2024-11-14 02:03:50.816476] [0x00000001f41e1e00] [info]   iter-44 : 1.9310e+04  2.4838e+04
[2024-11-14 02:03:50.830319] [0x00000001f41e1e00] [info]   iter-45 : 1.9222e+04  2.3326e+04
[2024-11-14 02:03:50.842374] [0x00000001f41e1e00] [info]   iter-46 : 1.8825e+04  2.2462e+04
[2024-11-14 02:03:50.856602] [0x00000001f41e1e00] [info]   iter-47 : 1.8644e+04  2.1761e+04
[2024-11-14 02:03:50.872335] [0x00000001f41e1e00] [info]   iter-48 : 1.8445e+04  2.2317e+04
[2024-11-14 02:03:50.886371] [0x00000001f41e1e00] [info]   iter-49 : 1.8615e+04  2.3329e+04
[2024-11-14 02:03:50.900412] [0x00000001f41e1e00] [info]   iter-50 : 1.8987e+04  2.3586e+04
[2024-11-14 02:03:50.916520] [0x00000001f41e1e00] [info]   iter-51 : 1.9114e+04  2.4172e+04
[2024-11-14 02:03:50.930575] [0x00000001f41e1e00] [info]   iter-52 : 1.9386e+04  2.4253e+04
[2024-11-14 02:03:50.944799] [0x00000001f41e1e00] [info]   iter-53 : 1.9468e+04  2.4962e+04
[2024-11-14 02:03:50.960768] [0x00000001f41e1e00] [info]   iter-54 : 1.9711e+04  2.3993e+04
[2024-11-14 02:03:50.972679] [0x00000001f41e1e00] [info]   iter-55 : 1.9486e+04  2.3378e+04
[2024-11-14 02:03:50.986789] [0x00000001f41e1e00] [info]   iter-56 : 1.9332e+04  2.2326e+04
[2024-11-14 02:03:51.002611] [0x00000001f41e1e00] [info]   iter-57 : 1.8967e+04  2.2715e+04
[2024-11-14 02:03:51.016613] [0x00000001f41e1e00] [info]   iter-58 : 1.9167e+04  2.1633e+04
[2024-11-14 02:03:51.033403] [0x00000001f41e1e00] [info]   iter-59 : 1.8785e+04  2.0887e+04
[2024-11-14 02:03:51.045689] [0x00000001f41e1e00] [info]   iter-60 : 1.8537e+04  2.1143e+04
[2024-11-14 02:03:51.061479] [0x00000001f41e1e00] [info]   iter-61 : 1.8648e+04  2.1451e+04
[2024-11-14 02:03:51.081452] [0x00000001f41e1e00] [info]   iter-62 : 1.8837e+04  2.1541e+04
[2024-11-14 02:03:51.095416] [0x00000001f41e1e00] [info]   iter-63 : 1.8944e+04  2.1656e+04
[2024-11-14 02:03:51.111411] [0x00000001f41e1e00] [info]   iter-64 : 1.8975e+04  2.0785e+04
[2024-11-14 02:03:51.123370] [0x00000001f41e1e00] [info]   iter-65 : 1.8649e+04  2.1052e+04
[2024-11-14 02:03:51.139070] [0x00000001f41e1e00] [info]   iter-66 : 1.8760e+04  2.0792e+04
[2024-11-14 02:03:51.155028] [0x00000001f41e1e00] [info]   iter-67 : 1.8670e+04  2.1033e+04
[2024-11-14 02:03:51.169160] [0x00000001f41e1e00] [info]   iter-68 : 1.8783e+04  2.1338e+04
[2024-11-14 02:03:51.185109] [0x00000001f41e1e00] [info]   iter-69 : 1.8903e+04  2.2202e+04
[2024-11-14 02:03:51.200706] [0x00000001f41e1e00] [info]   iter-70 : 1.9314e+04  2.1575e+04
[2024-11-14 02:03:51.212528] [0x00000001f41e1e00] [info]   iter-71 : 1.9088e+04  2.0928e+04
[2024-11-14 02:03:51.224497] [0x00000001f41e1e00] [info]   iter-72 : 1.8810e+04  2.1182e+04
[2024-11-14 02:03:51.238311] [0x00000001f41e1e00] [info]   iter-73 : 1.8997e+04  2.0495e+04
[2024-11-14 02:03:51.238373] [0x00000001f41e1e00] [info]   current weighted HPWL: 20494.7um
[2024-11-14 02:03:51.238520] [0x00000001f41e1e00] [info] [0;36mGlobal placement completed[0m
[2024-11-14 02:03:51.238525] [0x00000001f41e1e00] [info] (wall time: 1.060465s, cpu time: 1.068008)
[2024-11-14 02:03:51.238536] [0x00000001f41e1e00] [info] (peak memory: 33MB,  current memory: 33MB)
[2024-11-14 02:03:51.238743] [0x00000001f41e1e00] [info] ------------------------------------------------------------
[2024-11-14 02:03:51.238747] [0x00000001f41e1e00] [info] Start standard cluster well legalization
[2024-11-14 02:03:51.238774] [0x00000001f41e1e00] [info]   Well max plug distance: 75um, 125 
[2024-11-14 02:03:51.238778] [0x00000001f41e1e00] [info]   GridValueX: 0.6 um
[2024-11-14 02:03:51.238781] [0x00000001f41e1e00] [info]   Well spacing: 1.275um, 3
[2024-11-14 02:03:51.238784] [0x00000001f41e1e00] [info]   Well tap cell width: 2
[2024-11-14 02:03:51.238904] [0x00000001f41e1e00] [info] Max movable cell width: 6
[2024-11-14 02:03:51.238907] [0x00000001f41e1e00] [info] Using default gridded row width: 2*max_unplug_length_
[2024-11-14 02:03:51.238910] [0x00000001f41e1e00] [info]   Total number of columns: 3
[2024-11-14 02:03:51.238913] [0x00000001f41e1e00] [info]   Gridded row width: 120um, 200
[2024-11-14 02:03:51.239040] [0x00000001f41e1e00] [info] Maximum possible number of gridded rows in a column: 111
[2024-11-14 02:03:51.239616] [0x00000001f41e1e00] [info] Form block clustering
[2024-11-14 02:03:51.241295] [0x00000001f41e1e00] [info]   current weighted HPWL: 72731.4um
[2024-11-14 02:03:51.241450] [0x00000001f41e1e00] [info] Flip cluster orientation
[2024-11-14 02:03:51.241472] [0x00000001f41e1e00] [info]   current weighted HPWL: 73258.5um
[2024-11-14 02:03:51.241643] [0x00000001f41e1e00] [info] Perform local reordering
[2024-11-14 02:03:51.241645] [0x00000001f41e1e00] [info] reorder iteration: 0
[2024-11-14 02:03:51.255253] [0x00000001f41e1e00] [info]   current weighted HPWL: 66431.1um
[2024-11-14 02:03:51.255448] [0x00000001f41e1e00] [info] reorder iteration: 1
[2024-11-14 02:03:51.267996] [0x00000001f41e1e00] [info]   current weighted HPWL: 65808.3um
[2024-11-14 02:03:51.268172] [0x00000001f41e1e00] [info] reorder iteration: 2
[2024-11-14 02:03:51.279994] [0x00000001f41e1e00] [info]   current weighted HPWL: 66379.5um
[2024-11-14 02:03:51.280161] [0x00000001f41e1e00] [info] reorder iteration: 3
[2024-11-14 02:03:51.292130] [0x00000001f41e1e00] [info]   current weighted HPWL: 66738.3um
[2024-11-14 02:03:51.292315] [0x00000001f41e1e00] [info] reorder iteration: 4
[2024-11-14 02:03:51.304156] [0x00000001f41e1e00] [info]   current weighted HPWL: 66998.7um
[2024-11-14 02:03:51.304374] [0x00000001f41e1e00] [info] reorder iteration: 5
[2024-11-14 02:03:51.316155] [0x00000001f41e1e00] [info]   current weighted HPWL: 67144.5um
[2024-11-14 02:03:51.316328] [0x00000001f41e1e00] [info] Insert well tap cells
[2024-11-14 02:03:51.316483] [0x00000001f41e1e00] [info] Insertion complete: 356 well tap cell created
[2024-11-14 02:03:51.316487] [0x00000001f41e1e00] [info] Skip creating end cap cells
[2024-11-14 02:03:51.316490] [0x00000001f41e1e00] [info]   current weighted HPWL: 66712.5um
[2024-11-14 02:03:51.316650] [0x00000001f41e1e00] [info] [0;36mStandard Cluster Well Legalization completed[0m
[2024-11-14 02:03:51.316656] [0x00000001f41e1e00] [info] (wall time: 0.077911s, cpu time: 0.077842)
[2024-11-14 02:03:51.316662] [0x00000001f41e1e00] [info] (peak memory: 34MB,  current memory: 34MB)
[2024-11-14 02:03:51.316684] [0x00000001f41e1e00] [info] Writing PP and NP rect file: dali_outppnp.rect
[2024-11-14 02:03:51.317263] [0x00000001f41e1e00] [info] Writing N-well rect file: dali_outwell.rect
[2024-11-14 02:03:51.317361] [0x00000001f41e1e00] [info] Writing cluster rect file: dali_out_router.cluster
[2024-11-14 02:03:51.317476] [0x00000001f41e1e00] [info] ------------------------------------------------------------
[2024-11-14 02:03:51.317480] [0x00000001f41e1e00] [info] Start I/O Placement
[2024-11-14 02:03:51.317484] [0x00000001f41e1e00] [info] [0;36mI/O Placement complete![0m
[2024-11-14 02:03:51.317519] [0x00000001f41e1e00] [warning] IoPlace flag not specified, use --auto-place by default
[2024-11-14 02:03:51.317523] [0x00000001f41e1e00] [info] ------------------------------------------------------------
[2024-11-14 02:03:51.317525] [0x00000001f41e1e00] [info] Start I/O Placement
[2024-11-14 02:03:51.317528] [0x00000001f41e1e00] [info] [0;36mI/O Placement complete![0m
[2024-11-14 02:03:51.318006] [0x00000001f41e1e00] [info] Export Pplus/Nplus fillings to PhyDB
[2024-11-14 02:03:51.318040] [0x00000001f41e1e00] [info] Export N wells to PhyDB
