[                   0] <buffer._087_>  WARNING: weak-interference on `Y'   [by -cmd-]
[                   0] <buffer._083_>  WARNING: weak-interference on `Y'   [by -cmd-]
[                   0] <buffer._075_>  WARNING: weak-interference on `Y'   [by -cmd-]
[                   0] <buffer._081_>  WARNING: weak-interference on `Y'   [by -cmd-]
[                   0] <buffer._079_>  WARNING: weak-interference on `Y'   [by -cmd-]
[                   0] <buffer._085_>  WARNING: weak-interference on `Y'   [by -cmd-]
[                   0] <buffer._077_>  WARNING: weak-interference on `Y'   [by -cmd-]
[                   0] <buffer._089_>  WARNING: weak-interference on `Y'   [by -cmd-]
[                   0] <buffer._103_>  WARNING: weak-interference on `_q'   [by -cmd-]
[                   0] <buffer._103_>  WARNING: weak-interference on `QB'   [by -cmd-]
[                   0] <buffer._101_>  WARNING: weak-interference on `_q'   [by -cmd-]
[                   0] <buffer._101_>  WARNING: weak-interference on `QB'   [by -cmd-]
[                   0] <buffer._099_>  WARNING: weak-interference on `_q'   [by -cmd-]
[                   0] <buffer._099_>  WARNING: weak-interference on `QB'   [by -cmd-]
[                   0] <buffer._104_>  WARNING: weak-interference on `_q'   [by -cmd-]
[                   0] <buffer._104_>  WARNING: weak-interference on `QB'   [by -cmd-]
[                   0] <buffer._100_>  WARNING: weak-interference on `_q'   [by -cmd-]
[                   0] <buffer._100_>  WARNING: weak-interference on `QB'   [by -cmd-]
[                   0] <buffer._097_>  WARNING: weak-interference on `_q'   [by -cmd-]
[                   0] <buffer._097_>  WARNING: weak-interference on `QB'   [by -cmd-]
[                   0] <buffer._106_>  WARNING: weak-interference on `_q'   [by -cmd-]
[                   0] <buffer._106_>  WARNING: weak-interference on `QB'   [by -cmd-]
[                   0] <buffer._098_>  WARNING: weak-interference on `_q'   [by -cmd-]
[                   0] <buffer._098_>  WARNING: weak-interference on `QB'   [by -cmd-]
[                   0] <buffer._092_>  WARNING: weak-interference on `_q'   [by -cmd-]
[                   0] <buffer._092_>  WARNING: weak-interference on `QB'   [by -cmd-]
[                   0] <buffer._105_>  WARNING: weak-interference on `_q'   [by -cmd-]
[                   0] <buffer._105_>  WARNING: weak-interference on `QB'   [by -cmd-]
[                   0] <buffer._102_>  WARNING: weak-interference on `_q'   [by -cmd-]
[                   0] <buffer._102_>  WARNING: weak-interference on `QB'   [by -cmd-]
[                   0] <buffer._094_>  WARNING: weak-interference on `_q'   [by -cmd-]
[                   0] <buffer._094_>  WARNING: weak-interference on `QB'   [by -cmd-]
[                   0] <buffer._093_>  WARNING: weak-interference on `_q'   [by -cmd-]
[                   0] <buffer._093_>  WARNING: weak-interference on `QB'   [by -cmd-]
[                   0] <buffer._091_>  WARNING: weak-interference on `_q'   [by -cmd-]
[                   0] <buffer._091_>  WARNING: weak-interference on `QB'   [by -cmd-]
[                   0] <buffer._096_>  WARNING: weak-interference on `_q'   [by -cmd-]
[                   0] <buffer._096_>  WARNING: weak-interference on `QB'   [by -cmd-]
[                   0] <buffer._095_>  WARNING: weak-interference on `_q'   [by -cmd-]
[                   0] <buffer._095_>  WARNING: weak-interference on `QB'   [by -cmd-]
[                   0] <sink._2_>  WARNING: weak-interference on `_So'   [by -cmd-]
[                   0] <sink._2_>  WARNING: weak-interference on `_So2'   [by -cmd-]
[                   0] <buffer._107_>  WARNING: weak-interference on `_So'   [by -cmd-]
[                   0] <buffer._107_>  WARNING: weak-interference on `_So2'   [by -cmd-]
[                   0] <source._326_>  WARNING: weak-interference on `_So'   [by -cmd-]
[                   0] <source._326_>  WARNING: weak-interference on `_So2'   [by -cmd-]
[                   0] <source._332_>  WARNING: weak-interference on `_So'   [by -cmd-]
[                   0] <source._332_>  WARNING: weak-interference on `_So2'   [by -cmd-]
[                   0] <source._315_>  WARNING: weak-interference on `_So'   [by -cmd-]
[                   0] <source._315_>  WARNING: weak-interference on `_So2'   [by -cmd-]
[                   0] <source._321_>  WARNING: weak-interference on `_So'   [by -cmd-]
[                   0] <source._321_>  WARNING: weak-interference on `_So2'   [by -cmd-]
[                   0] <source._340_>  WARNING: weak-interference on `_So'   [by -cmd-]
[                   0] <source._340_>  WARNING: weak-interference on `_So2'   [by -cmd-]
[                   0] <source._336_>  WARNING: weak-interference on `_So'   [by -cmd-]
[                   0] <source._336_>  WARNING: weak-interference on `_So2'   [by -cmd-]
[                   0] <source._317_>  WARNING: weak-interference on `_So'   [by -cmd-]
[                   0] <source._317_>  WARNING: weak-interference on `_So2'   [by -cmd-]
[                   0] <source._318_>  WARNING: weak-interference on `_So'   [by -cmd-]
[                   0] <source._318_>  WARNING: weak-interference on `_So2'   [by -cmd-]
[                   0] <source._337_>  WARNING: weak-interference on `_So'   [by -cmd-]
[                   0] <source._337_>  WARNING: weak-interference on `_So2'   [by -cmd-]
[                   0] <source._308_>  WARNING: weak-interference on `_So'   [by -cmd-]
[                   0] <source._308_>  WARNING: weak-interference on `_So2'   [by -cmd-]
[                   0] <source._311_>  WARNING: weak-interference on `_So'   [by -cmd-]
[                   0] <source._311_>  WARNING: weak-interference on `_So2'   [by -cmd-]
[                   0] <source._314_>  WARNING: weak-interference on `_So'   [by -cmd-]
[                   0] <source._314_>  WARNING: weak-interference on `_So2'   [by -cmd-]
[                   0] <source._313_>  WARNING: weak-interference on `_So'   [by -cmd-]
[                   0] <source._313_>  WARNING: weak-interference on `_So2'   [by -cmd-]
[                   0] <source._323_>  WARNING: weak-interference on `_So'   [by -cmd-]
[                   0] <source._323_>  WARNING: weak-interference on `_So2'   [by -cmd-]
[                   0] <source._325_>  WARNING: weak-interference on `_So'   [by -cmd-]
[                   0] <source._325_>  WARNING: weak-interference on `_So2'   [by -cmd-]
[                   0] <source._338_>  WARNING: weak-interference on `_So'   [by -cmd-]
[                   0] <source._338_>  WARNING: weak-interference on `_So2'   [by -cmd-]
[                   0] <source._320_>  WARNING: weak-interference on `_So'   [by -cmd-]
[                   0] <source._320_>  WARNING: weak-interference on `_So2'   [by -cmd-]
[                   0] <source._341_>  WARNING: weak-interference on `_So'   [by -cmd-]
[                   0] <source._341_>  WARNING: weak-interference on `_So2'   [by -cmd-]
[                   0] <source._310_>  WARNING: weak-interference on `_So'   [by -cmd-]
[                   0] <source._310_>  WARNING: weak-interference on `_So2'   [by -cmd-]
[                   0] <source._306_>  WARNING: weak-interference on `_So'   [by -cmd-]
[                   0] <source._306_>  WARNING: weak-interference on `_So2'   [by -cmd-]
[                   0] <source._331_>  WARNING: weak-interference on `_So'   [by -cmd-]
[                   0] <source._331_>  WARNING: weak-interference on `_So2'   [by -cmd-]
[                   0] <source._335_>  WARNING: weak-interference on `_So'   [by -cmd-]
[                   0] <source._335_>  WARNING: weak-interference on `_So2'   [by -cmd-]
[                   0] <source._312_>  WARNING: weak-interference on `_So'   [by -cmd-]
[                   0] <source._312_>  WARNING: weak-interference on `_So2'   [by -cmd-]
[                   0] <source._307_>  WARNING: weak-interference on `_So'   [by -cmd-]
[                   0] <source._307_>  WARNING: weak-interference on `_So2'   [by -cmd-]
[                   0] <source._334_>  WARNING: weak-interference on `_So'   [by -cmd-]
[                   0] <source._334_>  WARNING: weak-interference on `_So2'   [by -cmd-]
[                   0] <source._324_>  WARNING: weak-interference on `_So'   [by -cmd-]
[                   0] <source._324_>  WARNING: weak-interference on `_So2'   [by -cmd-]
[                   0] <source._327_>  WARNING: weak-interference on `_So'   [by -cmd-]
[                   0] <source._327_>  WARNING: weak-interference on `_So2'   [by -cmd-]
[                   0] <source._339_>  WARNING: weak-interference on `_So'   [by -cmd-]
[                   0] <source._339_>  WARNING: weak-interference on `_So2'   [by -cmd-]
[                   0] <source._309_>  WARNING: weak-interference on `_So'   [by -cmd-]
[                   0] <source._309_>  WARNING: weak-interference on `_So2'   [by -cmd-]
[                   0] <source._333_>  WARNING: weak-interference on `_So'   [by -cmd-]
[                   0] <source._333_>  WARNING: weak-interference on `_So2'   [by -cmd-]
[                   0] <source._329_>  WARNING: weak-interference on `_So'   [by -cmd-]
[                   0] <source._329_>  WARNING: weak-interference on `_So2'   [by -cmd-]
[                   0] <source._319_>  WARNING: weak-interference on `_So'   [by -cmd-]
[                   0] <source._319_>  WARNING: weak-interference on `_So2'   [by -cmd-]
[                   0] <source._330_>  WARNING: weak-interference on `_So'   [by -cmd-]
[                   0] <source._330_>  WARNING: weak-interference on `_So2'   [by -cmd-]
[                   0] <source._322_>  WARNING: weak-interference on `_So'   [by -cmd-]
[                   0] <source._322_>  WARNING: weak-interference on `_So2'   [by -cmd-]
[                   0] <source._316_>  WARNING: weak-interference on `_So'   [by -cmd-]
[                   0] <source._316_>  WARNING: weak-interference on `_So2'   [by -cmd-]
[                   0] <source._328_>  WARNING: weak-interference on `_So'   [by -cmd-]
[                   0] <source._328_>  WARNING: weak-interference on `_So2'   [by -cmd-]
[                  10] <buffer._069_>  WARNING: weak-interference on `Y'   [by buffer._054_.Y <- 1]
[                  10] <source._317_>  WARNING: weak-interference on `_dl'   [by source._317_._clk <- 1]
[                  10] <source._336_>  WARNING: weak-interference on `_dl'   [by source._336_._clk <- 1]
[                  10] <source._340_>  WARNING: weak-interference on `_dl'   [by source._340_._clk <- 1]
[                  10] <source._321_>  WARNING: weak-interference on `_dl'   [by source._321_._clk <- 1]
[                  10] <source._315_>  WARNING: weak-interference on `_dl'   [by source._315_._clk <- 1]
[                  10] <source._332_>  WARNING: weak-interference on `_dl'   [by source._332_._clk <- 1]
[                  10] <source._326_>  WARNING: weak-interference on `_dl'   [by source._326_._clk <- 1]
[                  10] <buffer._095_>  WARNING: weak-interference on `_q'   [by buffer._095_._clk <- 1]
[                  10] <buffer._095_>  WARNING: weak-interference on `QB'   [by buffer._095_._clk <- 1]
[                  10] <buffer._096_>  WARNING: weak-interference on `_q'   [by buffer._096_._clk <- 1]
[                  10] <buffer._096_>  WARNING: weak-interference on `QB'   [by buffer._096_._clk <- 1]
[                  10] <buffer._091_>  WARNING: weak-interference on `_q'   [by buffer._091_._clk <- 1]
[                  10] <buffer._091_>  WARNING: weak-interference on `QB'   [by buffer._091_._clk <- 1]
[                  10] <buffer._093_>  WARNING: weak-interference on `_q'   [by buffer._093_._clk <- 1]
[                  10] <buffer._093_>  WARNING: weak-interference on `QB'   [by buffer._093_._clk <- 1]
[                  10] <buffer._094_>  WARNING: weak-interference on `_q'   [by buffer._094_._clk <- 1]
[                  10] <buffer._094_>  WARNING: weak-interference on `QB'   [by buffer._094_._clk <- 1]
[                  10] <buffer._107_>  WARNING: weak-interference on `_dl'   [by buffer._107_._clk <- 1]
[                  10] <buffer._102_>  WARNING: weak-interference on `_q'   [by buffer._102_._clk <- 1]
[                  10] <buffer._102_>  WARNING: weak-interference on `QB'   [by buffer._102_._clk <- 1]
[                  10] <buffer._105_>  WARNING: weak-interference on `_q'   [by buffer._105_._clk <- 1]
[                  10] <buffer._105_>  WARNING: weak-interference on `QB'   [by buffer._105_._clk <- 1]
[                  10] <buffer._092_>  WARNING: weak-interference on `_q'   [by buffer._092_._clk <- 1]
[                  10] <buffer._092_>  WARNING: weak-interference on `QB'   [by buffer._092_._clk <- 1]
[                  10] <buffer._098_>  WARNING: weak-interference on `_q'   [by buffer._098_._clk <- 1]
[                  10] <buffer._098_>  WARNING: weak-interference on `QB'   [by buffer._098_._clk <- 1]
[                  10] <buffer._106_>  WARNING: weak-interference on `_q'   [by buffer._106_._clk <- 1]
[                  10] <buffer._106_>  WARNING: weak-interference on `QB'   [by buffer._106_._clk <- 1]
[                  10] <buffer._073_>  WARNING: weak-interference on `Y'   [by buffer._062_.Y <- 1]
[                  10] <source._328_>  WARNING: weak-interference on `_dl'   [by source._328_._clk <- 1]
[                  10] <buffer._097_>  WARNING: weak-interference on `_q'   [by buffer._097_._clk <- 1]
[                  10] <buffer._097_>  WARNING: weak-interference on `QB'   [by buffer._097_._clk <- 1]
[                  10] <source._316_>  WARNING: weak-interference on `_dl'   [by source._316_._clk <- 1]
[                  10] <source._322_>  WARNING: weak-interference on `_dl'   [by source._322_._clk <- 1]
[                  10] <buffer._100_>  WARNING: weak-interference on `_q'   [by buffer._100_._clk <- 1]
[                  10] <buffer._100_>  WARNING: weak-interference on `QB'   [by buffer._100_._clk <- 1]
[                  10] <source._330_>  WARNING: weak-interference on `_dl'   [by source._330_._clk <- 1]
[                  10] <source._319_>  WARNING: weak-interference on `_dl'   [by source._319_._clk <- 1]
[                  10] <buffer._104_>  WARNING: weak-interference on `_q'   [by buffer._104_._clk <- 1]
[                  10] <buffer._104_>  WARNING: weak-interference on `QB'   [by buffer._104_._clk <- 1]
[                  10] <source._329_>  WARNING: weak-interference on `_dl'   [by source._329_._clk <- 1]
[                  10] <source._333_>  WARNING: weak-interference on `_dl'   [by source._333_._clk <- 1]
[                  10] <buffer._099_>  WARNING: weak-interference on `_q'   [by buffer._099_._clk <- 1]
[                  10] <buffer._099_>  WARNING: weak-interference on `QB'   [by buffer._099_._clk <- 1]
[                  10] <source._309_>  WARNING: weak-interference on `_dl'   [by source._309_._clk <- 1]
[                  10] <source._339_>  WARNING: weak-interference on `_dl'   [by source._339_._clk <- 1]
[                  10] <buffer._101_>  WARNING: weak-interference on `_q'   [by buffer._101_._clk <- 1]
[                  10] <buffer._101_>  WARNING: weak-interference on `QB'   [by buffer._101_._clk <- 1]
[                  10] <source._327_>  WARNING: weak-interference on `_dl'   [by source._327_._clk <- 1]
[                  10] <source._324_>  WARNING: weak-interference on `_dl'   [by source._324_._clk <- 1]
[                  10] <buffer._103_>  WARNING: weak-interference on `_q'   [by buffer._103_._clk <- 1]
[                  10] <buffer._103_>  WARNING: weak-interference on `QB'   [by buffer._103_._clk <- 1]
[                  10] <source._334_>  WARNING: weak-interference on `_dl'   [by source._334_._clk <- 1]
[                  10] <source._307_>  WARNING: weak-interference on `_dl'   [by source._307_._clk <- 1]
[                  10] <source._312_>  WARNING: weak-interference on `_dl'   [by source._312_._clk <- 1]
[                  10] <source._335_>  WARNING: weak-interference on `_dl'   [by source._335_._clk <- 1]
[                  10] <source._331_>  WARNING: weak-interference on `_dl'   [by source._331_._clk <- 1]
[                  10] <source._306_>  WARNING: weak-interference on `_dl'   [by source._306_._clk <- 1]
[                  10] <source._310_>  WARNING: weak-interference on `_dl'   [by source._310_._clk <- 1]
[                  10] <source._341_>  WARNING: weak-interference on `_dl'   [by source._341_._clk <- 1]
[                  10] <source._320_>  WARNING: weak-interference on `_dl'   [by source._320_._clk <- 1]
[                  10] <source._338_>  WARNING: weak-interference on `_dl'   [by source._338_._clk <- 1]
[                  10] <source._325_>  WARNING: weak-interference on `_dl'   [by source._325_._clk <- 1]
[                  10] <source._323_>  WARNING: weak-interference on `_dl'   [by source._323_._clk <- 1]
[                  10] <source._313_>  WARNING: weak-interference on `_dl'   [by source._313_._clk <- 1]
[                  10] <source._314_>  WARNING: weak-interference on `_dl'   [by source._314_._clk <- 1]
[                  10] <source._311_>  WARNING: weak-interference on `_dl'   [by source._311_._clk <- 1]
[                  10] <source._308_>  WARNING: weak-interference on `_dl'   [by source._308_._clk <- 1]
[                  10] <source._337_>  WARNING: weak-interference on `_dl'   [by source._337_._clk <- 1]
[                  10] <source._318_>  WARNING: weak-interference on `_dl'   [by source._318_._clk <- 1]
[                  20] <source._337_>  WARNING: weak-interference on `_dl'   [by source._337_.__clk <- 0]
[                  20] <source._318_>  WARNING: weak-interference on `_dl'   [by source._318_.__clk <- 0]
[                  20] <buffer._068_>  WARNING: weak-interference on `Y'   [by buffer._065_.Y <- 1]
[                  20] <buffer._070_>  WARNING: weak-interference on `Y'   [by buffer._065_.Y <- 1]
[                  20] <buffer._067_>  WARNING: weak-interference on `Y'   [by buffer._065_.Y <- 1]
[                  20] <buffer._071_>  WARNING: weak-interference on `Y'   [by buffer._065_.Y <- 1]
[                  20] <buffer._066_>  WARNING: weak-interference on `Y'   [by buffer._065_.Y <- 1]
[                  20] <buffer._072_>  WARNING: weak-interference on `Y'   [by buffer._065_.Y <- 1]
[                  20] <source._332_>  WARNING: weak-interference on `_dl'   [by source._332_.__clk <- 0]
[                  20] <source._317_>  WARNING: weak-interference on `_dl'   [by source._317_.__clk <- 0]
[                  20] <source._315_>  WARNING: weak-interference on `_dl'   [by source._315_.__clk <- 0]
[                  20] <source._340_>  WARNING: weak-interference on `_dl'   [by source._340_.__clk <- 0]
[                  20] <source._336_>  WARNING: weak-interference on `_dl'   [by source._336_.__clk <- 0]
[                  20] <source._321_>  WARNING: weak-interference on `_dl'   [by source._321_.__clk <- 0]
[                  20] <source._326_>  WARNING: weak-interference on `_dl'   [by source._326_.__clk <- 0]
[                  20] <buffer._107_>  WARNING: weak-interference on `_dl'   [by buffer._107_.__clk <- 0]
[                  20] <source._324_>  WARNING: weak-interference on `_dl'   [by source._324_.__clk <- 0]
[                  20] <source._316_>  WARNING: weak-interference on `_dl'   [by source._316_.__clk <- 0]
[                  20] <source._328_>  WARNING: weak-interference on `_dl'   [by source._328_.__clk <- 0]
[                  20] <source._327_>  WARNING: weak-interference on `_dl'   [by source._327_.__clk <- 0]
[                  20] <source._330_>  WARNING: weak-interference on `_dl'   [by source._330_.__clk <- 0]
[                  20] <source._322_>  WARNING: weak-interference on `_dl'   [by source._322_.__clk <- 0]
[                  20] <source._319_>  WARNING: weak-interference on `_dl'   [by source._319_.__clk <- 0]
[                  20] <source._329_>  WARNING: weak-interference on `_dl'   [by source._329_.__clk <- 0]
[                  20] <source._333_>  WARNING: weak-interference on `_dl'   [by source._333_.__clk <- 0]
[                  20] <source._309_>  WARNING: weak-interference on `_dl'   [by source._309_.__clk <- 0]
[                  20] <source._339_>  WARNING: weak-interference on `_dl'   [by source._339_.__clk <- 0]
[                  20] <source._308_>  WARNING: weak-interference on `_dl'   [by source._308_.__clk <- 0]
[                  20] <source._310_>  WARNING: weak-interference on `_dl'   [by source._310_.__clk <- 0]
[                  20] <source._307_>  WARNING: weak-interference on `_dl'   [by source._307_.__clk <- 0]
[                  20] <buffer._080_>  WARNING: weak-interference on `Y'   [by buffer._074_.Y <- 1]
[                  20] <buffer._078_>  WARNING: weak-interference on `Y'   [by buffer._074_.Y <- 1]
[                  20] <buffer._088_>  WARNING: weak-interference on `Y'   [by buffer._074_.Y <- 1]
[                  20] <buffer._076_>  WARNING: weak-interference on `Y'   [by buffer._074_.Y <- 1]
[                  20] <buffer._082_>  WARNING: weak-interference on `Y'   [by buffer._074_.Y <- 1]
[                  20] <buffer._090_>  WARNING: weak-interference on `Y'   [by buffer._074_.Y <- 1]
[                  20] <buffer._086_>  WARNING: weak-interference on `Y'   [by buffer._074_.Y <- 1]
[                  20] <buffer._084_>  WARNING: weak-interference on `Y'   [by buffer._074_.Y <- 1]
[                  20] <source._334_>  WARNING: weak-interference on `_dl'   [by source._334_.__clk <- 0]
[                  20] <source._312_>  WARNING: weak-interference on `_dl'   [by source._312_.__clk <- 0]
[                  20] <source._335_>  WARNING: weak-interference on `_dl'   [by source._335_.__clk <- 0]
[                  20] <source._331_>  WARNING: weak-interference on `_dl'   [by source._331_.__clk <- 0]
[                  20] <source._306_>  WARNING: weak-interference on `_dl'   [by source._306_.__clk <- 0]
[                  20] <source._311_>  WARNING: weak-interference on `_dl'   [by source._311_.__clk <- 0]
[                  20] <source._320_>  WARNING: weak-interference on `_dl'   [by source._320_.__clk <- 0]
[                  20] <source._341_>  WARNING: weak-interference on `_dl'   [by source._341_.__clk <- 0]
[                  20] <source._338_>  WARNING: weak-interference on `_dl'   [by source._338_.__clk <- 0]
[                  20] <source._325_>  WARNING: weak-interference on `_dl'   [by source._325_.__clk <- 0]
[                  20] <source._323_>  WARNING: weak-interference on `_dl'   [by source._323_.__clk <- 0]
[                  20] <source._313_>  WARNING: weak-interference on `_dl'   [by source._313_.__clk <- 0]
[                  20] <source._314_>  WARNING: weak-interference on `_dl'   [by source._314_.__clk <- 0]
[                  30] <source._234_>  WARNING: weak-interference on `Y'   [by source._333_.Q <- 0]
[                  30] <source._226_>  WARNING: weak-interference on `Y'   [by source._338_.Q <- 0]
[                  30] <source._182_>  WARNING: weak-interference on `Y'   [by source._338_.Q <- 0]
[                  30] <source._228_>  WARNING: weak-interference on `Y'   [by source._337_.Q <- 0]
[                  30] <source._183_>  WARNING: weak-interference on `Y'   [by source._337_.Q <- 0]
[                  30] <buffer._072_>  WARNING: weak-interference on `Y'   [by buffer._072_._S <- 0]
[                  30] <source._267_>  WARNING: weak-interference on `Y'   [by source._307_.Q <- 0]
[                  30] <buffer._064_>  WARNING: weak-interference on `Y'   [by sink._2_.Q <- 0]
[                  30] <source._176_>  WARNING: weak-interference on `Y'   [by source._313_.Q <- 0]
[                  30] <source._259_>  WARNING: weak-interference on `Y'   [by source._313_.Q <- 0]
[                  30] <buffer._066_>  WARNING: weak-interference on `Y'   [by buffer._066_._S <- 0]
[                  30] <source._257_>  WARNING: weak-interference on `Y'   [by source._314_.Q <- 0]
[                  30] <source._176_>  WARNING: weak-interference on `Y'   [by source._314_.Q <- 0]
[                  30] <source._260_>  WARNING: weak-interference on `Y'   [by source._312_.Q <- 0]
[                  30] <source._261_>  WARNING: weak-interference on `Y'   [by source._311_.Q <- 0]
[                  30] <source._252_>  WARNING: weak-interference on `Y'   [by source._318_.Q <- 0]
[                  30] <source._177_>  WARNING: weak-interference on `Y'   [by source._318_.Q <- 0]
[                  30] <source._243_>  WARNING: weak-interference on `Y'   [by source._326_.Q <- 0]
[                  30] <source._178_>  WARNING: weak-interference on `Y'   [by source._317_.Q <- 0]
[                  30] <source._254_>  WARNING: weak-interference on `Y'   [by source._317_.Q <- 0]
[                  30] <source._265_>  WARNING: weak-interference on `Y'   [by source._308_.Q <- 0]
[                  30] <source._187_>  WARNING: weak-interference on `Y'   [by source._328_.Q <- 0]
[                  30] <source._241_>  WARNING: weak-interference on `Y'   [by source._328_.Q <- 0]
[                  30] <source._174_>  WARNING: weak-interference on `Y'   [by source._324_.Q <- 0]
[                  30] <source._246_>  WARNING: weak-interference on `Y'   [by source._324_.Q <- 0]
[                  30] <buffer._070_>  WARNING: weak-interference on `Y'   [by buffer._070_._S <- 0]
[                  30] <source._240_>  WARNING: weak-interference on `Y'   [by source._329_.Q <- 0]
[                  30] <source._247_>  WARNING: weak-interference on `Y'   [by source._323_.Q <- 0]
[                  30] <source._172_>  WARNING: weak-interference on `Y'   [by source._323_.Q <- 0]
[                  30] <source._225_>  WARNING: weak-interference on `Y'   [by source._339_.Q <- 0]
[                  30] <source._249_>  WARNING: weak-interference on `Y'   [by source._321_.Q <- 0]
[                  30] <buffer._068_>  WARNING: weak-interference on `Y'   [by buffer._068_._S <- 0]
[                  30] <buffer._071_>  WARNING: weak-interference on `Y'   [by buffer._071_._S <- 0]
[                  30] <source._256_>  WARNING: weak-interference on `Y'   [by source._315_.Q <- 0]
[                  30] <source._250_>  WARNING: weak-interference on `Y'   [by source._320_.Q <- 0]
[                  30] <source._269_>  WARNING: weak-interference on `Y'   [by source._306_.Q <- 0]
[                  30] <source._230_>  WARNING: weak-interference on `Y'   [by source._335_.Q <- 0]
[                  30] <source._185_>  WARNING: weak-interference on `Y'   [by source._335_.Q <- 0]
[                  30] <source._224_>  WARNING: weak-interference on `Y'   [by source._340_.Q <- 0]
[                  30] <source._223_>  WARNING: weak-interference on `Y'   [by source._340_.Q <- 0]
[                  30] <source._181_>  WARNING: weak-interference on `Y'   [by source._340_.Q <- 0]
[                  30] <buffer._067_>  WARNING: weak-interference on `Y'   [by buffer._067_._S <- 0]
[                  30] <source._251_>  WARNING: weak-interference on `Y'   [by source._319_.Q <- 0]
[                  30] <source._238_>  WARNING: weak-interference on `Y'   [by source._330_.Q <- 0]
[                  30] <source._242_>  WARNING: weak-interference on `Y'   [by source._327_.Q <- 0]
[                  30] <source._248_>  WARNING: weak-interference on `Y'   [by source._322_.Q <- 0]
[                  30] <source._245_>  WARNING: weak-interference on `Y'   [by source._325_.Q <- 0]
[                  30] <source._264_>  WARNING: weak-interference on `Y'   [by source._310_.Q <- 0]
[                  30] <source._268_>  WARNING: weak-interference on `Y'   [by source._310_.Q <- 0]
[                  30] <source._229_>  WARNING: weak-interference on `Y'   [by source._336_.Q <- 0]
[                  30] <source._255_>  WARNING: weak-interference on `Y'   [by source._316_.Q <- 0]
[                  30] <source._236_>  WARNING: weak-interference on `Y'   [by source._331_.Q <- 0]
[                  30] <source._232_>  WARNING: weak-interference on `Y'   [by source._334_.Q <- 0]
[                  40] <source._186_>  WARNING: weak-interference on `Y'   [by source._185_.Y <- 1]
[                  40] <source._188_>  WARNING: weak-interference on `Y'   [by source._187_.Y <- 1]
[                  40] <source._255_>  WARNING: weak-interference on `Y'   [by source._255_._A <- 1]
[                  40] <source._229_>  WARNING: weak-interference on `Y'   [by source._229_._A <- 1]
[                  40] <source._264_>  WARNING: weak-interference on `Y'   [by source._264_._A <- 1]
[                  40] <source._175_>  WARNING: weak-interference on `Y'   [by source._162_.Y <- 1]
[                  40] <source._248_>  WARNING: weak-interference on `Y'   [by source._248_._A <- 1]
[                  40] <source._234_>  WARNING: weak-interference on `Y'   [by source._234_._A <- 1]
[                  40] <source._241_>  WARNING: weak-interference on `Y'   [by source._210_.Y <- 1]
[                  40] <source._175_>  WARNING: weak-interference on `Y'   [by source._174_.Y <- 1]
[                  40] <source._179_>  WARNING: weak-interference on `Y'   [by source._177_.Y <- 1]
[                  40] <source._251_>  WARNING: weak-interference on `Y'   [by source._251_._A <- 1]
[                  40] <source._249_>  WARNING: weak-interference on `Y'   [by source._203_.Y <- 1]
[                  40] <source._250_>  WARNING: weak-interference on `Y'   [by source._250_._A <- 1]
[                  40] <source._256_>  WARNING: weak-interference on `Y'   [by source._256_._A <- 1]
[                  40] <source._186_>  WARNING: weak-interference on `Y'   [by source._157_.Y <- 1]
[                  40] <source._228_>  WARNING: weak-interference on `Y'   [by source._228_._A <- 1]
[                  40] <source._254_>  WARNING: weak-interference on `Y'   [by source._199_.Y <- 1]
[                  40] <source._235_>  WARNING: weak-interference on `Y'   [by source._158_.Y <- 1]
[                  40] <source._259_>  WARNING: weak-interference on `Y'   [by source._259_._A <- 1]
[                  40] <source._247_>  WARNING: weak-interference on `Y'   [by source._247_._A <- 1]
[                  40] <source._188_>  WARNING: weak-interference on `Y'   [by source._160_.Y <- 1]
[                  40] <source._240_>  WARNING: weak-interference on `Y'   [by source._211_.Y <- 1]
[                  40] <source._270_>  WARNING: weak-interference on `Y'   [by source._171_.Y <- 1]
[                  40] <source._179_>  WARNING: weak-interference on `Y'   [by source._176_.Y <- 1]
[                  40] <source._263_>  WARNING: weak-interference on `Y'   [by source._262_.Y <- 1]
[                  40] <source._260_>  WARNING: weak-interference on `Y'   [by source._260_._A <- 1]
[                  40] <source._190_>  WARNING: weak-interference on `Y'   [by source._169_.Y <- 1]
[                  40] <buffer._087_>  WARNING: weak-interference on `Y'   [by buffer._045_.Y <- 1]
[                  40] <buffer._083_>  WARNING: weak-interference on `Y'   [by buffer._045_.Y <- 1]
[                  40] <buffer._075_>  WARNING: weak-interference on `Y'   [by buffer._045_.Y <- 1]
[                  40] <buffer._081_>  WARNING: weak-interference on `Y'   [by buffer._045_.Y <- 1]
[                  40] <buffer._079_>  WARNING: weak-interference on `Y'   [by buffer._045_.Y <- 1]
[                  40] <buffer._085_>  WARNING: weak-interference on `Y'   [by buffer._045_.Y <- 1]
[                  40] <buffer._077_>  WARNING: weak-interference on `Y'   [by buffer._045_.Y <- 1]
[                  40] <buffer._064_>  WARNING: weak-interference on `Y'   [by buffer._045_.Y <- 1]
[                  40] <buffer._089_>  WARNING: weak-interference on `Y'   [by buffer._045_.Y <- 1]
[                  40] <source._194_>  WARNING: weak-interference on `Y'   [by buffer._045_.Y <- 1]
[                  40] <source._193_>  WARNING: weak-interference on `Y'   [by buffer._045_.Y <- 1]
[                  40] <source._225_>  WARNING: weak-interference on `Y'   [by source._225_._A <- 1]
[                  40] <source._173_>  WARNING: weak-interference on `Y'   [by source._164_.Y <- 1]
[                  40] <source._173_>  WARNING: weak-interference on `Y'   [by source._172_.Y <- 1]
[                  40] <source._246_>  WARNING: weak-interference on `Y'   [by source._246_._A <- 1]
[                  40] <source._224_>  WARNING: weak-interference on `Y'   [by source._224_._A <- 1]
[                  40] <source._184_>  WARNING: weak-interference on `Y'   [by source._181_.Y <- 1]
[                  40] <source._245_>  WARNING: weak-interference on `Y'   [by source._207_.Y <- 1]
[                  40] <source._184_>  WARNING: weak-interference on `Y'   [by source._182_.Y <- 1]
[                  40] <source._242_>  WARNING: weak-interference on `Y'   [by source._242_._A <- 1]
[                  40] <source._266_>  WARNING: weak-interference on `Y'   [by source._261_.Y <- 1]
[                  40] <source._191_>  WARNING: weak-interference on `Y'   [by source._153_.Y <- 1]
[                  50] <source._247_>  WARNING: weak-interference on `Y'   [by source._205_.Y <- 0]
[                  50] <source._227_>  WARNING: weak-interference on `Y'   [by source._221_.Y <- 0]
[                  50] <source._225_>  WARNING: weak-interference on `Y'   [by source._221_.Y <- 0]
[                  50] <source._251_>  WARNING: weak-interference on `Y'   [by source._201_.Y <- 0]
[                  50] <source._253_>  WARNING: weak-interference on `Y'   [by source._201_.Y <- 0]
[                  50] <source._244_>  WARNING: weak-interference on `Y'   [by source._209_.Y <- 0]
[                  50] <source._242_>  WARNING: weak-interference on `Y'   [by source._209_.Y <- 0]
[                  50] <source._224_>  WARNING: weak-interference on `Y'   [by source._222_.Y <- 0]
[                  50] <source._189_>  WARNING: weak-interference on `Y'   [by source._186_.Y <- 0]
[                  50] <source._235_>  WARNING: weak-interference on `Y'   [by source._235_._A <- 0]
[                  50] <source._258_>  WARNING: weak-interference on `Y'   [by source._197_.Y <- 0]
[                  50] <source._256_>  WARNING: weak-interference on `Y'   [by source._197_.Y <- 0]
[                  50] <source._239_>  WARNING: weak-interference on `Y'   [by source._213_.Y <- 0]
[                  50] <buffer._098_>  WARNING: weak-interference on `QB'   [by buffer._098_.__q <- 0]
[                  50] <source._180_>  WARNING: weak-interference on `Y'   [by source._175_.Y <- 0]
[                  50] <source._229_>  WARNING: weak-interference on `Y'   [by source._218_.Y <- 0]
[                  50] <source._231_>  WARNING: weak-interference on `Y'   [by source._218_.Y <- 0]
[                  50] <buffer._094_>  WARNING: weak-interference on `QB'   [by buffer._094_.__q <- 0]
[                  50] <source._180_>  WARNING: weak-interference on `Y'   [by source._173_.Y <- 0]
[                  50] <source._189_>  WARNING: weak-interference on `Y'   [by source._188_.Y <- 0]
[                  50] <source._233_>  WARNING: weak-interference on `Y'   [by source._217_.Y <- 0]
[                  50] <source._237_>  WARNING: weak-interference on `Y'   [by source._214_.Y <- 0]
[                  50] <source._235_>  WARNING: weak-interference on `Y'   [by source._214_.Y <- 0]
[                  60] <source._190_>  WARNING: weak-interference on `Y'   [by source._180_.Y <- 1]
[                  70] <buffer._095_>  WARNING: weak-interference on `QB'   [by buffer._095_.__q <- 0]
[                  70] <buffer._092_>  WARNING: weak-interference on `QB'   [by buffer._092_.__q <- 0]
[                  70] <buffer._093_>  WARNING: weak-interference on `QB'   [by buffer._093_.__q <- 0]
[                  70] <buffer._091_>  WARNING: weak-interference on `QB'   [by buffer._091_.__q <- 0]
[                  70] <buffer._097_>  WARNING: weak-interference on `QB'   [by buffer._097_.__q <- 0]
[                  70] <buffer._096_>  WARNING: weak-interference on `QB'   [by buffer._096_.__q <- 0]
[                  80] <source._268_>  WARNING: weak-interference on `Y'   [by source._191_.Y <- 1]
[                 120] <buffer._087_>  WARNING: weak-interference on `Y'   [by -cmd-]
[                 120] <buffer._083_>  WARNING: weak-interference on `Y'   [by -cmd-]
[                 120] <buffer._075_>  WARNING: weak-interference on `Y'   [by -cmd-]
[                 120] <buffer._081_>  WARNING: weak-interference on `Y'   [by -cmd-]
[                 120] <buffer._079_>  WARNING: weak-interference on `Y'   [by -cmd-]
[                 120] <buffer._085_>  WARNING: weak-interference on `Y'   [by -cmd-]
[                 120] <buffer._077_>  WARNING: weak-interference on `Y'   [by -cmd-]
[                 120] <buffer._089_>  WARNING: weak-interference on `Y'   [by -cmd-]
[                 150] <buffer._101_>  WARNING: weak-interference on `_q'   [by buffer._101_._clk <- 0]
[                 150] <buffer._101_>  WARNING: weak-interference on `QB'   [by buffer._101_._clk <- 0]
[                 150] <buffer._100_>  WARNING: weak-interference on `_q'   [by buffer._100_._clk <- 0]
[                 150] <buffer._100_>  WARNING: weak-interference on `QB'   [by buffer._100_._clk <- 0]
[                 150] <buffer._102_>  WARNING: weak-interference on `_q'   [by buffer._102_._clk <- 0]
[                 150] <buffer._102_>  WARNING: weak-interference on `QB'   [by buffer._102_._clk <- 0]
[                 150] <buffer._103_>  WARNING: weak-interference on `_q'   [by buffer._103_._clk <- 0]
[                 150] <buffer._103_>  WARNING: weak-interference on `QB'   [by buffer._103_._clk <- 0]
[                 150] <buffer._104_>  WARNING: weak-interference on `_q'   [by buffer._104_._clk <- 0]
[                 150] <buffer._104_>  WARNING: weak-interference on `QB'   [by buffer._104_._clk <- 0]
[                 150] <buffer._105_>  WARNING: weak-interference on `_q'   [by buffer._105_._clk <- 0]
[                 150] <buffer._105_>  WARNING: weak-interference on `QB'   [by buffer._105_._clk <- 0]
[                 150] <buffer._099_>  WARNING: weak-interference on `_q'   [by buffer._099_._clk <- 0]
[                 150] <buffer._099_>  WARNING: weak-interference on `QB'   [by buffer._099_._clk <- 0]
[                 150] <buffer._106_>  WARNING: weak-interference on `_q'   [by buffer._106_._clk <- 0]
[                 150] <buffer._106_>  WARNING: weak-interference on `QB'   [by buffer._106_._clk <- 0]
[                 180] <buffer._088_>  WARNING: weak-interference on `Y'   [by buffer._059_.Y <- 1]
[                 180] <buffer._080_>  WARNING: weak-interference on `Y'   [by buffer._051_.Y <- 1]
[                 180] <buffer._082_>  WARNING: weak-interference on `Y'   [by buffer._053_.Y <- 1]
[                 180] <buffer._084_>  WARNING: weak-interference on `Y'   [by buffer._055_.Y <- 1]
[                 180] <buffer._078_>  WARNING: weak-interference on `Y'   [by buffer._049_.Y <- 1]
[                 180] <buffer._090_>  WARNING: weak-interference on `Y'   [by buffer._061_.Y <- 1]
[                 180] <buffer._086_>  WARNING: weak-interference on `Y'   [by buffer._057_.Y <- 1]
[                 180] <buffer._076_>  WARNING: weak-interference on `Y'   [by buffer._047_.Y <- 1]
[                 200] <buffer._066_>  WARNING: unstable transition on `Y'   [by buffer._066_._S <- 1]
[                 221] <buffer._101_>  WARNING: weak-interference on `_q'   [by buffer._101_._clk <- 1]
[                 221] <buffer._101_>  WARNING: weak-interference on `QB'   [by buffer._101_._clk <- 1]
[                 221] <buffer._100_>  WARNING: weak-interference on `_q'   [by buffer._100_._clk <- 1]
[                 221] <buffer._100_>  WARNING: weak-interference on `QB'   [by buffer._100_._clk <- 1]
[                 221] <buffer._102_>  WARNING: weak-interference on `_q'   [by buffer._102_._clk <- 1]
[                 221] <buffer._102_>  WARNING: weak-interference on `QB'   [by buffer._102_._clk <- 1]
[                 221] <buffer._103_>  WARNING: weak-interference on `_q'   [by buffer._103_._clk <- 1]
[                 221] <buffer._103_>  WARNING: weak-interference on `QB'   [by buffer._103_._clk <- 1]
[                 221] <buffer._104_>  WARNING: weak-interference on `_q'   [by buffer._104_._clk <- 1]
[                 221] <buffer._104_>  WARNING: weak-interference on `QB'   [by buffer._104_._clk <- 1]
[                 221] <buffer._105_>  WARNING: weak-interference on `_q'   [by buffer._105_._clk <- 1]
[                 221] <buffer._105_>  WARNING: weak-interference on `QB'   [by buffer._105_._clk <- 1]
[                 221] <buffer._099_>  WARNING: weak-interference on `_q'   [by buffer._099_._clk <- 1]
[                 221] <buffer._099_>  WARNING: weak-interference on `QB'   [by buffer._099_._clk <- 1]
[                 221] <buffer._106_>  WARNING: weak-interference on `_q'   [by buffer._106_._clk <- 1]
[                 221] <buffer._106_>  WARNING: weak-interference on `QB'   [by buffer._106_._clk <- 1]
[                 271] <buffer._101_>  WARNING: weak-interference on `_q'   [by buffer._101_._clk <- 0]
[                 271] <buffer._101_>  WARNING: weak-interference on `QB'   [by buffer._101_._clk <- 0]
[                 271] <buffer._100_>  WARNING: weak-interference on `_q'   [by buffer._100_._clk <- 0]
[                 271] <buffer._100_>  WARNING: weak-interference on `QB'   [by buffer._100_._clk <- 0]
[                 271] <buffer._102_>  WARNING: weak-interference on `_q'   [by buffer._102_._clk <- 0]
[                 271] <buffer._102_>  WARNING: weak-interference on `QB'   [by buffer._102_._clk <- 0]
[                 271] <buffer._103_>  WARNING: weak-interference on `_q'   [by buffer._103_._clk <- 0]
[                 271] <buffer._103_>  WARNING: weak-interference on `QB'   [by buffer._103_._clk <- 0]
[                 271] <buffer._104_>  WARNING: weak-interference on `_q'   [by buffer._104_._clk <- 0]
[                 271] <buffer._104_>  WARNING: weak-interference on `QB'   [by buffer._104_._clk <- 0]
[                 271] <buffer._105_>  WARNING: weak-interference on `_q'   [by buffer._105_._clk <- 0]
[                 271] <buffer._105_>  WARNING: weak-interference on `QB'   [by buffer._105_._clk <- 0]
[                 271] <buffer._099_>  WARNING: weak-interference on `_q'   [by buffer._099_._clk <- 0]
[                 271] <buffer._099_>  WARNING: weak-interference on `QB'   [by buffer._099_._clk <- 0]
[                 271] <buffer._106_>  WARNING: weak-interference on `_q'   [by buffer._106_._clk <- 0]
[                 271] <buffer._106_>  WARNING: weak-interference on `QB'   [by buffer._106_._clk <- 0]
[                 311] <buffer._080_>  WARNING: weak-interference on `Y'   [by buffer._074_.Y <- 0]
[                 311] <buffer._078_>  WARNING: weak-interference on `Y'   [by buffer._074_.Y <- 0]
[                 311] <buffer._088_>  WARNING: weak-interference on `Y'   [by buffer._074_.Y <- 0]
[                 311] <buffer._076_>  WARNING: weak-interference on `Y'   [by buffer._074_.Y <- 0]
[                 311] <buffer._082_>  WARNING: weak-interference on `Y'   [by buffer._074_.Y <- 0]
[                 311] <buffer._090_>  WARNING: weak-interference on `Y'   [by buffer._074_.Y <- 0]
[                 311] <buffer._086_>  WARNING: weak-interference on `Y'   [by buffer._074_.Y <- 0]
[                 311] <buffer._084_>  WARNING: weak-interference on `Y'   [by buffer._074_.Y <- 0]
[                 321] <source._192_>  WARNING: unstable transition on `Y'   [by source._171_.Y <- 1]
[                 321] <source._270_>  WARNING: unstable transition on `Y'   [by source._171_.Y <- 1]
[                 321] <source._264_>  WARNING: unstable transition on `Y'   [by source._193_.Y <- 1]
[                 331] <source._263_>  WARNING: unstable transition on `Y'   [by source._262_.Y <- 0]
[                 331] <buffer._099_>  WARNING: weak-interference on `_q'   [by buffer._076_.Y <- 0]
[                 331] <buffer._103_>  WARNING: weak-interference on `_q'   [by buffer._084_.Y <- 0]
[                 331] <buffer._105_>  WARNING: weak-interference on `_q'   [by buffer._088_.Y <- 0]
[                 331] <buffer._106_>  WARNING: weak-interference on `_q'   [by buffer._090_.Y <- 0]
[                 331] <buffer._104_>  WARNING: weak-interference on `_q'   [by buffer._086_.Y <- 0]
[                 331] <buffer._102_>  WARNING: weak-interference on `_q'   [by buffer._082_.Y <- 0]
[                 331] <buffer._101_>  WARNING: weak-interference on `_q'   [by buffer._080_.Y <- 0]
[                 331] <buffer._100_>  WARNING: weak-interference on `_q'   [by buffer._078_.Y <- 0]
[                 352] <buffer._099_>  WARNING: weak-interference on `QB'   [by buffer._099_._clk <- 1]
[                 352] <buffer._106_>  WARNING: weak-interference on `QB'   [by buffer._106_._clk <- 1]
[                 352] <buffer._103_>  WARNING: weak-interference on `QB'   [by buffer._103_._clk <- 1]
[                 352] <buffer._100_>  WARNING: weak-interference on `QB'   [by buffer._100_._clk <- 1]
[                 352] <buffer._101_>  WARNING: weak-interference on `QB'   [by buffer._101_._clk <- 1]
[                 352] <buffer._102_>  WARNING: weak-interference on `QB'   [by buffer._102_._clk <- 1]
[                 352] <buffer._104_>  WARNING: weak-interference on `QB'   [by buffer._104_._clk <- 1]
[                 352] <buffer._105_>  WARNING: weak-interference on `QB'   [by buffer._105_._clk <- 1]
[                 362] <buffer._101_>  WARNING: weak-interference on `QB'   [by buffer._101_.__q <- 0]
[                 362] <buffer._100_>  WARNING: weak-interference on `QB'   [by buffer._100_.__q <- 0]
[                 362] <buffer._103_>  WARNING: weak-interference on `QB'   [by buffer._103_.__q <- 0]
[                 362] <buffer._102_>  WARNING: weak-interference on `QB'   [by buffer._102_.__q <- 0]
[                 362] <buffer._104_>  WARNING: weak-interference on `QB'   [by buffer._104_.__q <- 0]
[                 362] <buffer._105_>  WARNING: weak-interference on `QB'   [by buffer._105_.__q <- 0]
[                 362] <buffer._099_>  WARNING: weak-interference on `QB'   [by buffer._099_.__q <- 0]
[                 362] <buffer._106_>  WARNING: weak-interference on `QB'   [by buffer._106_.__q <- 0]
