[2024-12-05 10:43:27.464945] [0x00000001f41e1e00] [info] ------------------------------------------------------------
[2024-12-05 10:43:27.466373] [0x00000001f41e1e00] [info] Load information from PhyDB
[2024-12-05 10:43:27.466379] [0x00000001f41e1e00] [info]   placement grid not set in PhyDB
[2024-12-05 10:43:27.466383] [0x00000001f41e1e00] [info]   checking sites
[2024-12-05 10:43:27.466386] [0x00000001f41e1e00] [info]     width : 0.54um
[2024-12-05 10:43:27.466391] [0x00000001f41e1e00] [info]     height: 0.9um
[2024-12-05 10:43:27.472864] [0x00000001f41e1e00] [info] No P-well layer info provided, creating fake info
[2024-12-05 10:43:27.472912] [0x00000001f41e1e00] [info] (wall time: 0.008591s, cpu time: 0.006811)
[2024-12-05 10:43:27.472918] [0x00000001f41e1e00] [info] ------------------------------------------------------------
[2024-12-05 10:43:27.472921] [0x00000001f41e1e00] [info] Circuit brief summary:
[2024-12-05 10:43:27.472924] [0x00000001f41e1e00] [info]   movable blocks: 8000
[2024-12-05 10:43:27.472929] [0x00000001f41e1e00] [info]   fixed blocks:   0
[2024-12-05 10:43:27.472932] [0x00000001f41e1e00] [info]   blocks:         8000
[2024-12-05 10:43:27.472935] [0x00000001f41e1e00] [info]   iopins:         0
[2024-12-05 10:43:27.472938] [0x00000001f41e1e00] [info]   nets:           16000
[2024-12-05 10:43:27.472942] [0x00000001f41e1e00] [info]   grid size x/y:  0.54/0.9um
[2024-12-05 10:43:27.472946] [0x00000001f41e1e00] [info]   total movable blk area: 192000
[2024-12-05 10:43:27.472950] [0x00000001f41e1e00] [info]   total white space     : 979110
[2024-12-05 10:43:27.472953] [0x00000001f41e1e00] [info]   total block area      : 192000
[2024-12-05 10:43:27.472956] [0x00000001f41e1e00] [info]   total space: 979110
[2024-12-05 10:43:27.472959] [0x00000001f41e1e00] [info]     left:   10
[2024-12-05 10:43:27.472962] [0x00000001f41e1e00] [info]     right:  1275
[2024-12-05 10:43:27.472965] [0x00000001f41e1e00] [info]     bottom: 18
[2024-12-05 10:43:27.472968] [0x00000001f41e1e00] [info]     top:    792
[2024-12-05 10:43:27.472971] [0x00000001f41e1e00] [info]   average movable width/height: 4/6um
[2024-12-05 10:43:27.472975] [0x00000001f41e1e00] [info]   white space utility: 0.196096
[2024-12-05 10:43:27.472978] [0x00000001f41e1e00] [info]   current weighted HPWL: 0um
[2024-12-05 10:43:27.474417] [0x00000001f41e1e00] [info] ------------------------------------------------------------
[2024-12-05 10:43:27.474425] [0x00000001f41e1e00] [info] Start global placement
[2024-12-05 10:43:27.474429] [0x00000001f41e1e00] [info]   target density: 0.3
[2024-12-05 10:43:27.474496] [0x00000001f41e1e00] [info]   Block location initialization:
    HPWL before, 0
[2024-12-05 10:43:27.474791] [0x00000001f41e1e00] [info]     HPWL after, 0
[2024-12-05 10:43:27.477367] [0x00000001f41e1e00] [info]   iter-0  : 0.0000e+00  0.0000e+00
[2024-12-05 10:43:27.478512] [0x00000001f41e1e00] [info]   iter-1  : 0.0000e+00  0.0000e+00
[2024-12-05 10:43:27.479497] [0x00000001f41e1e00] [info]   iter-2  : 0.0000e+00  0.0000e+00
[2024-12-05 10:43:27.480489] [0x00000001f41e1e00] [info]   iter-3  : 0.0000e+00  0.0000e+00
[2024-12-05 10:43:27.481437] [0x00000001f41e1e00] [info]   iter-4  : 0.0000e+00  0.0000e+00
[2024-12-05 10:43:27.482331] [0x00000001f41e1e00] [info]   iter-5  : 0.0000e+00  0.0000e+00
[2024-12-05 10:43:27.483265] [0x00000001f41e1e00] [info]   iter-6  : 0.0000e+00  0.0000e+00
[2024-12-05 10:43:27.484197] [0x00000001f41e1e00] [info]   iter-7  : 0.0000e+00  0.0000e+00
[2024-12-05 10:43:27.485169] [0x00000001f41e1e00] [info]   iter-8  : 0.0000e+00  0.0000e+00
[2024-12-05 10:43:27.486058] [0x00000001f41e1e00] [info]   iter-9  : 0.0000e+00  0.0000e+00
[2024-12-05 10:43:27.486962] [0x00000001f41e1e00] [info]   iter-10 : 0.0000e+00  0.0000e+00
[2024-12-05 10:43:27.487851] [0x00000001f41e1e00] [info]   iter-11 : 0.0000e+00  0.0000e+00
[2024-12-05 10:43:27.488734] [0x00000001f41e1e00] [info]   iter-12 : 0.0000e+00  0.0000e+00
[2024-12-05 10:43:27.489710] [0x00000001f41e1e00] [info]   iter-13 : 0.0000e+00  0.0000e+00
[2024-12-05 10:43:27.490764] [0x00000001f41e1e00] [info]   iter-14 : 0.0000e+00  0.0000e+00
[2024-12-05 10:43:27.491850] [0x00000001f41e1e00] [info]   iter-15 : 0.0000e+00  0.0000e+00
[2024-12-05 10:43:27.492995] [0x00000001f41e1e00] [info]   iter-16 : 0.0000e+00  0.0000e+00
[2024-12-05 10:43:27.494032] [0x00000001f41e1e00] [info]   iter-17 : 0.0000e+00  0.0000e+00
[2024-12-05 10:43:27.495076] [0x00000001f41e1e00] [info]   iter-18 : 0.0000e+00  0.0000e+00
[2024-12-05 10:43:27.496107] [0x00000001f41e1e00] [info]   iter-19 : 0.0000e+00  0.0000e+00
[2024-12-05 10:43:27.497086] [0x00000001f41e1e00] [info]   iter-20 : 0.0000e+00  0.0000e+00
[2024-12-05 10:43:27.498083] [0x00000001f41e1e00] [info]   iter-21 : 0.0000e+00  0.0000e+00
[2024-12-05 10:43:27.499065] [0x00000001f41e1e00] [info]   iter-22 : 0.0000e+00  0.0000e+00
[2024-12-05 10:43:27.500026] [0x00000001f41e1e00] [info]   iter-23 : 0.0000e+00  0.0000e+00
[2024-12-05 10:43:27.500998] [0x00000001f41e1e00] [info]   iter-24 : 0.0000e+00  0.0000e+00
[2024-12-05 10:43:27.501960] [0x00000001f41e1e00] [info]   iter-25 : 0.0000e+00  0.0000e+00
[2024-12-05 10:43:27.502924] [0x00000001f41e1e00] [info]   iter-26 : 0.0000e+00  0.0000e+00
[2024-12-05 10:43:27.503851] [0x00000001f41e1e00] [info]   iter-27 : 0.0000e+00  0.0000e+00
[2024-12-05 10:43:27.504879] [0x00000001f41e1e00] [info]   iter-28 : 0.0000e+00  0.0000e+00
[2024-12-05 10:43:27.505827] [0x00000001f41e1e00] [info]   iter-29 : 0.0000e+00  0.0000e+00
[2024-12-05 10:43:27.506822] [0x00000001f41e1e00] [info]   iter-30 : 0.0000e+00  0.0000e+00
[2024-12-05 10:43:27.507782] [0x00000001f41e1e00] [info]   iter-31 : 0.0000e+00  0.0000e+00
[2024-12-05 10:43:27.508718] [0x00000001f41e1e00] [info]   iter-32 : 0.0000e+00  0.0000e+00
[2024-12-05 10:43:27.509696] [0x00000001f41e1e00] [info]   iter-33 : 0.0000e+00  0.0000e+00
[2024-12-05 10:43:27.510686] [0x00000001f41e1e00] [info]   iter-34 : 0.0000e+00  0.0000e+00
[2024-12-05 10:43:27.511627] [0x00000001f41e1e00] [info]   iter-35 : 0.0000e+00  0.0000e+00
[2024-12-05 10:43:27.512544] [0x00000001f41e1e00] [info]   iter-36 : 0.0000e+00  0.0000e+00
[2024-12-05 10:43:27.513462] [0x00000001f41e1e00] [info]   iter-37 : 0.0000e+00  0.0000e+00
[2024-12-05 10:43:27.514436] [0x00000001f41e1e00] [info]   iter-38 : 0.0000e+00  0.0000e+00
[2024-12-05 10:43:27.515389] [0x00000001f41e1e00] [info]   iter-39 : 0.0000e+00  0.0000e+00
[2024-12-05 10:43:27.516323] [0x00000001f41e1e00] [info]   iter-40 : 0.0000e+00  0.0000e+00
[2024-12-05 10:43:27.517302] [0x00000001f41e1e00] [info]   iter-41 : 0.0000e+00  0.0000e+00
[2024-12-05 10:43:27.518226] [0x00000001f41e1e00] [info]   iter-42 : 0.0000e+00  0.0000e+00
[2024-12-05 10:43:27.519128] [0x00000001f41e1e00] [info]   iter-43 : 0.0000e+00  0.0000e+00
[2024-12-05 10:43:27.520046] [0x00000001f41e1e00] [info]   iter-44 : 0.0000e+00  0.0000e+00
[2024-12-05 10:43:27.520965] [0x00000001f41e1e00] [info]   iter-45 : 0.0000e+00  0.0000e+00
[2024-12-05 10:43:27.521911] [0x00000001f41e1e00] [info]   iter-46 : 0.0000e+00  0.0000e+00
[2024-12-05 10:43:27.522908] [0x00000001f41e1e00] [info]   iter-47 : 0.0000e+00  0.0000e+00
[2024-12-05 10:43:27.523930] [0x00000001f41e1e00] [info]   iter-48 : 0.0000e+00  0.0000e+00
[2024-12-05 10:43:27.524865] [0x00000001f41e1e00] [info]   iter-49 : 0.0000e+00  0.0000e+00
[2024-12-05 10:43:27.525785] [0x00000001f41e1e00] [info]   iter-50 : 0.0000e+00  0.0000e+00
[2024-12-05 10:43:27.526805] [0x00000001f41e1e00] [info]   iter-51 : 0.0000e+00  0.0000e+00
[2024-12-05 10:43:27.527749] [0x00000001f41e1e00] [info]   iter-52 : 0.0000e+00  0.0000e+00
[2024-12-05 10:43:27.528685] [0x00000001f41e1e00] [info]   iter-53 : 0.0000e+00  0.0000e+00
[2024-12-05 10:43:27.529639] [0x00000001f41e1e00] [info]   iter-54 : 0.0000e+00  0.0000e+00
[2024-12-05 10:43:27.530602] [0x00000001f41e1e00] [info]   iter-55 : 0.0000e+00  0.0000e+00
[2024-12-05 10:43:27.531538] [0x00000001f41e1e00] [info]   iter-56 : 0.0000e+00  0.0000e+00
[2024-12-05 10:43:27.532479] [0x00000001f41e1e00] [info]   iter-57 : 0.0000e+00  0.0000e+00
[2024-12-05 10:43:27.533413] [0x00000001f41e1e00] [info]   iter-58 : 0.0000e+00  0.0000e+00
[2024-12-05 10:43:27.534410] [0x00000001f41e1e00] [info]   iter-59 : 0.0000e+00  0.0000e+00
[2024-12-05 10:43:27.535443] [0x00000001f41e1e00] [info]   iter-60 : 0.0000e+00  0.0000e+00
[2024-12-05 10:43:27.536414] [0x00000001f41e1e00] [info]   iter-61 : 0.0000e+00  0.0000e+00
[2024-12-05 10:43:27.537469] [0x00000001f41e1e00] [info]   iter-62 : 0.0000e+00  0.0000e+00
[2024-12-05 10:43:27.538530] [0x00000001f41e1e00] [info]   iter-63 : 0.0000e+00  0.0000e+00
[2024-12-05 10:43:27.539508] [0x00000001f41e1e00] [info]   iter-64 : 0.0000e+00  0.0000e+00
[2024-12-05 10:43:27.540446] [0x00000001f41e1e00] [info]   iter-65 : 0.0000e+00  0.0000e+00
[2024-12-05 10:43:27.541496] [0x00000001f41e1e00] [info]   iter-66 : 0.0000e+00  0.0000e+00
[2024-12-05 10:43:27.542484] [0x00000001f41e1e00] [info]   iter-67 : 0.0000e+00  0.0000e+00
[2024-12-05 10:43:27.543486] [0x00000001f41e1e00] [info]   iter-68 : 0.0000e+00  0.0000e+00
[2024-12-05 10:43:27.544401] [0x00000001f41e1e00] [info]   iter-69 : 0.0000e+00  0.0000e+00
[2024-12-05 10:43:27.545334] [0x00000001f41e1e00] [info]   iter-70 : 0.0000e+00  0.0000e+00
[2024-12-05 10:43:27.546340] [0x00000001f41e1e00] [info]   iter-71 : 0.0000e+00  0.0000e+00
[2024-12-05 10:43:27.547322] [0x00000001f41e1e00] [info]   iter-72 : 0.0000e+00  0.0000e+00
[2024-12-05 10:43:27.548320] [0x00000001f41e1e00] [info]   iter-73 : 0.0000e+00  0.0000e+00
[2024-12-05 10:43:27.549316] [0x00000001f41e1e00] [info]   iter-74 : 0.0000e+00  0.0000e+00
[2024-12-05 10:43:27.550285] [0x00000001f41e1e00] [info]   iter-75 : 0.0000e+00  0.0000e+00
[2024-12-05 10:43:27.551266] [0x00000001f41e1e00] [info]   iter-76 : 0.0000e+00  0.0000e+00
[2024-12-05 10:43:27.552271] [0x00000001f41e1e00] [info]   iter-77 : 0.0000e+00  0.0000e+00
[2024-12-05 10:43:27.553208] [0x00000001f41e1e00] [info]   iter-78 : 0.0000e+00  0.0000e+00
[2024-12-05 10:43:27.554197] [0x00000001f41e1e00] [info]   iter-79 : 0.0000e+00  0.0000e+00
[2024-12-05 10:43:27.555187] [0x00000001f41e1e00] [info]   iter-80 : 0.0000e+00  0.0000e+00
[2024-12-05 10:43:27.556123] [0x00000001f41e1e00] [info]   iter-81 : 0.0000e+00  0.0000e+00
[2024-12-05 10:43:27.557068] [0x00000001f41e1e00] [info]   iter-82 : 0.0000e+00  0.0000e+00
[2024-12-05 10:43:27.558019] [0x00000001f41e1e00] [info]   iter-83 : 0.0000e+00  0.0000e+00
[2024-12-05 10:43:27.559003] [0x00000001f41e1e00] [info]   iter-84 : 0.0000e+00  0.0000e+00
[2024-12-05 10:43:27.559958] [0x00000001f41e1e00] [info]   iter-85 : 0.0000e+00  0.0000e+00
[2024-12-05 10:43:27.560930] [0x00000001f41e1e00] [info]   iter-86 : 0.0000e+00  0.0000e+00
[2024-12-05 10:43:27.561934] [0x00000001f41e1e00] [info]   iter-87 : 0.0000e+00  0.0000e+00
[2024-12-05 10:43:27.562975] [0x00000001f41e1e00] [info]   iter-88 : 0.0000e+00  0.0000e+00
[2024-12-05 10:43:27.563956] [0x00000001f41e1e00] [info]   iter-89 : 0.0000e+00  0.0000e+00
[2024-12-05 10:43:27.564944] [0x00000001f41e1e00] [info]   iter-90 : 0.0000e+00  0.0000e+00
[2024-12-05 10:43:27.565928] [0x00000001f41e1e00] [info]   iter-91 : 0.0000e+00  0.0000e+00
[2024-12-05 10:43:27.566937] [0x00000001f41e1e00] [info]   iter-92 : 0.0000e+00  0.0000e+00
[2024-12-05 10:43:27.567932] [0x00000001f41e1e00] [info]   iter-93 : 0.0000e+00  0.0000e+00
[2024-12-05 10:43:27.568945] [0x00000001f41e1e00] [info]   iter-94 : 0.0000e+00  0.0000e+00
[2024-12-05 10:43:27.569964] [0x00000001f41e1e00] [info]   iter-95 : 0.0000e+00  0.0000e+00
[2024-12-05 10:43:27.570977] [0x00000001f41e1e00] [info]   iter-96 : 0.0000e+00  0.0000e+00
[2024-12-05 10:43:27.571937] [0x00000001f41e1e00] [info]   iter-97 : 0.0000e+00  0.0000e+00
[2024-12-05 10:43:27.572874] [0x00000001f41e1e00] [info]   iter-98 : 0.0000e+00  0.0000e+00
[2024-12-05 10:43:27.573934] [0x00000001f41e1e00] [info]   iter-99 : 0.0000e+00  0.0000e+00
[2024-12-05 10:43:27.574091] [0x00000001f41e1e00] [info]   current weighted HPWL: 0um
[2024-12-05 10:43:27.574149] [0x00000001f41e1e00] [info] [0;36mGlobal placement completed[0m
[2024-12-05 10:43:27.574155] [0x00000001f41e1e00] [info] (wall time: 0.099740s, cpu time: 0.116013)
[2024-12-05 10:43:27.574163] [0x00000001f41e1e00] [info] (peak memory: 26MB,  current memory: 26MB)
[2024-12-05 10:43:27.574316] [0x00000001f41e1e00] [info] ------------------------------------------------------------
[2024-12-05 10:43:27.574331] [0x00000001f41e1e00] [info] Start standard cluster well legalization
[2024-12-05 10:43:27.574968] [0x00000001f41e1e00] [info]   Well max plug distance: 360um, 666 
[2024-12-05 10:43:27.574993] [0x00000001f41e1e00] [info]   GridValueX: 0.54 um
[2024-12-05 10:43:27.575002] [0x00000001f41e1e00] [info]   Well spacing: 0.63um, 2
[2024-12-05 10:43:27.575007] [0x00000001f41e1e00] [info]   Well tap cell width: 2
[2024-12-05 10:43:27.575869] [0x00000001f41e1e00] [info] Max movable cell width: 4
[2024-12-05 10:43:27.575894] [0x00000001f41e1e00] [info] Using default gridded row width: 2*max_unplug_length_
[2024-12-05 10:43:27.575901] [0x00000001f41e1e00] [info]   Total number of columns: 1
[2024-12-05 10:43:27.575912] [0x00000001f41e1e00] [info]   Gridded row width: 680.94um, 1261
[2024-12-05 10:43:27.576090] [0x00000001f41e1e00] [info] Maximum possible number of gridded rows in a column: 128
[2024-12-05 10:43:27.576622] [0x00000001f41e1e00] [info] Form block clustering
[2024-12-05 10:43:27.579815] [0x00000001f41e1e00] [info]   current weighted HPWL: 0um
[2024-12-05 10:43:27.579881] [0x00000001f41e1e00] [info] Flip cluster orientation
[2024-12-05 10:43:27.579936] [0x00000001f41e1e00] [info]   current weighted HPWL: 0um
[2024-12-05 10:43:27.579988] [0x00000001f41e1e00] [info] Perform local reordering
[2024-12-05 10:43:27.579991] [0x00000001f41e1e00] [info] reorder iteration: 0
[2024-12-05 10:43:27.593032] [0x00000001f41e1e00] [info]   current weighted HPWL: 0um
[2024-12-05 10:43:27.593096] [0x00000001f41e1e00] [info] reorder iteration: 1
[2024-12-05 10:43:27.605413] [0x00000001f41e1e00] [info]   current weighted HPWL: 0um
[2024-12-05 10:43:27.605475] [0x00000001f41e1e00] [info] reorder iteration: 2
[2024-12-05 10:43:27.618617] [0x00000001f41e1e00] [info]   current weighted HPWL: 0um
[2024-12-05 10:43:27.618704] [0x00000001f41e1e00] [info] reorder iteration: 3
[2024-12-05 10:43:27.633372] [0x00000001f41e1e00] [info]   current weighted HPWL: 0um
[2024-12-05 10:43:27.633453] [0x00000001f41e1e00] [info] reorder iteration: 4
[2024-12-05 10:43:27.646109] [0x00000001f41e1e00] [info]   current weighted HPWL: 0um
[2024-12-05 10:43:27.646172] [0x00000001f41e1e00] [info] reorder iteration: 5
[2024-12-05 10:43:27.659173] [0x00000001f41e1e00] [info]   current weighted HPWL: 0um
[2024-12-05 10:43:27.659256] [0x00000001f41e1e00] [info] Insert well tap cells
[2024-12-05 10:43:27.659570] [0x00000001f41e1e00] [info] Insertion complete: 256 well tap cell created
[2024-12-05 10:43:27.659576] [0x00000001f41e1e00] [info] Skip creating end cap cells
[2024-12-05 10:43:27.659580] [0x00000001f41e1e00] [info]   current weighted HPWL: 0um
[2024-12-05 10:43:27.659630] [0x00000001f41e1e00] [info] [0;36mStandard Cluster Well Legalization completed[0m
[2024-12-05 10:43:27.659639] [0x00000001f41e1e00] [info] (wall time: 0.085322s, cpu time: 0.083172)
[2024-12-05 10:43:27.659647] [0x00000001f41e1e00] [info] (peak memory: 27MB,  current memory: 27MB)
[2024-12-05 10:43:27.659797] [0x00000001f41e1e00] [info] Writing PP and NP rect file: dali_outppnp.rect
[2024-12-05 10:43:27.660471] [0x00000001f41e1e00] [info] Writing N-well rect file: dali_outwell.rect
[2024-12-05 10:43:27.660596] [0x00000001f41e1e00] [info] Writing cluster rect file: dali_out_router.cluster
[2024-12-05 10:43:27.660828] [0x00000001f41e1e00] [info] ------------------------------------------------------------
[2024-12-05 10:43:27.660837] [0x00000001f41e1e00] [info] Start I/O Placement
[2024-12-05 10:43:27.660843] [0x00000001f41e1e00] [info] [0;36mI/O Placement complete![0m
[2024-12-05 10:43:27.660873] [0x00000001f41e1e00] [warning] IoPlace flag not specified, use --auto-place by default
[2024-12-05 10:43:27.660878] [0x00000001f41e1e00] [info] ------------------------------------------------------------
[2024-12-05 10:43:27.660881] [0x00000001f41e1e00] [info] Start I/O Placement
[2024-12-05 10:43:27.660884] [0x00000001f41e1e00] [info] [0;36mI/O Placement complete![0m
[2024-12-05 10:43:27.662046] [0x00000001f41e1e00] [info] Export Pplus/Nplus fillings to PhyDB
[2024-12-05 10:43:27.662068] [0x00000001f41e1e00] [info] Export N wells to PhyDB
