[2024-11-14 02:12:56.998851] [0x00000001f41e1e00] [info] ------------------------------------------------------------
[2024-11-14 02:12:57.000291] [0x00000001f41e1e00] [info] Load information from PhyDB
[2024-11-14 02:12:57.000296] [0x00000001f41e1e00] [info]   placement grid not set in PhyDB
[2024-11-14 02:12:57.000299] [0x00000001f41e1e00] [info]   checking sites
[2024-11-14 02:12:57.000302] [0x00000001f41e1e00] [info]     width : 0.6um
[2024-11-14 02:12:57.000306] [0x00000001f41e1e00] [info]     height: 0.3um
[2024-11-14 02:12:57.013648] [0x00000001f41e1e00] [info] No P-well layer info provided, creating fake info
[2024-11-14 02:12:57.013724] [0x00000001f41e1e00] [info] (wall time: 0.015610s, cpu time: 0.013697)
[2024-11-14 02:12:57.013728] [0x00000001f41e1e00] [info] ------------------------------------------------------------
[2024-11-14 02:12:57.013731] [0x00000001f41e1e00] [info] Circuit brief summary:
[2024-11-14 02:12:57.013734] [0x00000001f41e1e00] [info]   movable blocks: 23300
[2024-11-14 02:12:57.013738] [0x00000001f41e1e00] [info]   fixed blocks:   0
[2024-11-14 02:12:57.013741] [0x00000001f41e1e00] [info]   blocks:         23300
[2024-11-14 02:12:57.013744] [0x00000001f41e1e00] [info]   iopins:         0
[2024-11-14 02:12:57.013746] [0x00000001f41e1e00] [info]   nets:           25500
[2024-11-14 02:12:57.013749] [0x00000001f41e1e00] [info]   grid size x/y:  0.6/0.3um
[2024-11-14 02:12:57.013753] [0x00000001f41e1e00] [info]   total movable blk area: 1624400
[2024-11-14 02:12:57.013755] [0x00000001f41e1e00] [info]   total white space     : 4889052
[2024-11-14 02:12:57.013758] [0x00000001f41e1e00] [info]   total block area      : 1624400
[2024-11-14 02:12:57.013761] [0x00000001f41e1e00] [info]   total space: 4889052
[2024-11-14 02:12:57.013763] [0x00000001f41e1e00] [info]     left:   10
[2024-11-14 02:12:57.013766] [0x00000001f41e1e00] [info]     right:  1571
[2024-11-14 02:12:57.013768] [0x00000001f41e1e00] [info]     bottom: 18
[2024-11-14 02:12:57.013771] [0x00000001f41e1e00] [info]     top:    3150
[2024-11-14 02:12:57.013773] [0x00000001f41e1e00] [info]   average movable width/height: 5.11588/13.9185um
[2024-11-14 02:12:57.013776] [0x00000001f41e1e00] [info]   white space utility: 0.332253
[2024-11-14 02:12:57.013779] [0x00000001f41e1e00] [info]   current weighted HPWL: 70200um
[2024-11-14 02:12:57.016971] [0x00000001f41e1e00] [info] ------------------------------------------------------------
[2024-11-14 02:12:57.016983] [0x00000001f41e1e00] [info] Start global placement
[2024-11-14 02:12:57.016986] [0x00000001f41e1e00] [info]   target density: 0.5
[2024-11-14 02:12:57.017123] [0x00000001f41e1e00] [info]   Block location initialization:
    HPWL before, 70200
[2024-11-14 02:12:57.018245] [0x00000001f41e1e00] [info]     HPWL after, 1.92501e+07
[2024-11-14 02:12:57.133372] [0x00000001f41e1e00] [info]   iter-0  : 6.7397e+04  2.2221e+05
[2024-11-14 02:12:57.198361] [0x00000001f41e1e00] [info]   iter-1  : 6.7436e+04  1.8893e+05
[2024-11-14 02:12:57.270677] [0x00000001f41e1e00] [info]   iter-2  : 6.7496e+04  1.6643e+05
[2024-11-14 02:12:57.324855] [0x00000001f41e1e00] [info]   iter-3  : 6.7542e+04  1.6335e+05
[2024-11-14 02:12:57.396045] [0x00000001f41e1e00] [info]   iter-4  : 6.7589e+04  1.6085e+05
[2024-11-14 02:12:57.447801] [0x00000001f41e1e00] [info]   iter-5  : 6.7727e+04  1.5679e+05
[2024-11-14 02:12:57.517021] [0x00000001f41e1e00] [info]   iter-6  : 6.7883e+04  1.5363e+05
[2024-11-14 02:12:57.569281] [0x00000001f41e1e00] [info]   iter-7  : 6.8012e+04  1.5108e+05
[2024-11-14 02:12:57.637421] [0x00000001f41e1e00] [info]   iter-8  : 6.8137e+04  1.5259e+05
[2024-11-14 02:12:57.690457] [0x00000001f41e1e00] [info]   iter-9  : 6.8325e+04  1.5197e+05
[2024-11-14 02:12:57.760159] [0x00000001f41e1e00] [info]   iter-10 : 6.8647e+04  1.5504e+05
[2024-11-14 02:12:57.813089] [0x00000001f41e1e00] [info]   iter-11 : 6.8993e+04  1.5148e+05
[2024-11-14 02:12:57.867626] [0x00000001f41e1e00] [info]   iter-12 : 6.9251e+04  1.5113e+05
[2024-11-14 02:12:57.937255] [0x00000001f41e1e00] [info]   iter-13 : 6.9506e+04  1.5075e+05
[2024-11-14 02:12:57.989605] [0x00000001f41e1e00] [info]   iter-14 : 6.9934e+04  1.4640e+05
[2024-11-14 02:12:58.043070] [0x00000001f41e1e00] [info]   iter-15 : 7.0355e+04  1.4989e+05
[2024-11-14 02:12:58.096085] [0x00000001f41e1e00] [info]   iter-16 : 7.1057e+04  1.4605e+05
[2024-11-14 02:12:58.151656] [0x00000001f41e1e00] [info]   iter-17 : 7.1440e+04  1.4982e+05
[2024-11-14 02:12:58.204095] [0x00000001f41e1e00] [info]   iter-18 : 7.2168e+04  1.4475e+05
[2024-11-14 02:12:58.257375] [0x00000001f41e1e00] [info]   iter-19 : 7.2498e+04  1.4616e+05
[2024-11-14 02:12:58.309394] [0x00000001f41e1e00] [info]   iter-20 : 7.3165e+04  1.4291e+05
[2024-11-14 02:12:58.363924] [0x00000001f41e1e00] [info]   iter-21 : 7.3533e+04  1.3961e+05
[2024-11-14 02:12:58.417212] [0x00000001f41e1e00] [info]   iter-22 : 7.3884e+04  1.3936e+05
[2024-11-14 02:12:58.470651] [0x00000001f41e1e00] [info]   iter-23 : 7.4416e+04  1.4469e+05
[2024-11-14 02:12:58.524829] [0x00000001f41e1e00] [info]   iter-24 : 7.5461e+04  1.3738e+05
[2024-11-14 02:12:58.578166] [0x00000001f41e1e00] [info]   iter-25 : 7.5407e+04  1.3635e+05
[2024-11-14 02:12:58.632269] [0x00000001f41e1e00] [info]   iter-26 : 7.5874e+04  1.3988e+05
[2024-11-14 02:12:58.684742] [0x00000001f41e1e00] [info]   iter-27 : 7.6776e+04  1.3452e+05
[2024-11-14 02:12:58.737218] [0x00000001f41e1e00] [info]   iter-28 : 7.6844e+04  1.3691e+05
[2024-11-14 02:12:58.798873] [0x00000001f41e1e00] [info]   iter-29 : 7.7813e+04  1.3299e+05
[2024-11-14 02:12:58.851718] [0x00000001f41e1e00] [info]   iter-30 : 7.7933e+04  1.3351e+05
[2024-11-14 02:12:58.913350] [0x00000001f41e1e00] [info]   iter-31 : 7.8599e+04  1.3408e+05
[2024-11-14 02:12:58.974504] [0x00000001f41e1e00] [info]   iter-32 : 7.9316e+04  1.4071e+05
[2024-11-14 02:12:59.035297] [0x00000001f41e1e00] [info]   iter-33 : 8.1149e+04  1.3520e+05
[2024-11-14 02:12:59.096580] [0x00000001f41e1e00] [info]   iter-34 : 8.0940e+04  1.3410e+05
[2024-11-14 02:12:59.157294] [0x00000001f41e1e00] [info]   iter-35 : 8.1345e+04  1.3607e+05
[2024-11-14 02:12:59.219457] [0x00000001f41e1e00] [info]   iter-36 : 8.2407e+04  1.3669e+05
[2024-11-14 02:12:59.281644] [0x00000001f41e1e00] [info]   iter-37 : 8.3219e+04  1.3745e+05
[2024-11-14 02:12:59.342406] [0x00000001f41e1e00] [info]   iter-38 : 8.4047e+04  1.3282e+05
[2024-11-14 02:12:59.403885] [0x00000001f41e1e00] [info]   iter-39 : 8.3725e+04  1.3686e+05
[2024-11-14 02:12:59.465704] [0x00000001f41e1e00] [info]   iter-40 : 8.5200e+04  1.3099e+05
[2024-11-14 02:12:59.528262] [0x00000001f41e1e00] [info]   iter-41 : 8.4487e+04  1.3147e+05
[2024-11-14 02:12:59.589770] [0x00000001f41e1e00] [info]   iter-42 : 8.5153e+04  1.3004e+05
[2024-11-14 02:12:59.651749] [0x00000001f41e1e00] [info]   iter-43 : 8.5381e+04  1.3048e+05
[2024-11-14 02:12:59.713300] [0x00000001f41e1e00] [info]   iter-44 : 8.5978e+04  1.3117e+05
[2024-11-14 02:12:59.774848] [0x00000001f41e1e00] [info]   iter-45 : 8.6704e+04  1.2537e+05
[2024-11-14 02:12:59.828333] [0x00000001f41e1e00] [info]   iter-46 : 8.5648e+04  1.3279e+05
[2024-11-14 02:12:59.889530] [0x00000001f41e1e00] [info]   iter-47 : 8.8267e+04  1.2620e+05
[2024-11-14 02:12:59.943093] [0x00000001f41e1e00] [info]   iter-48 : 8.6796e+04  1.2683e+05
[2024-11-14 02:13:00.004112] [0x00000001f41e1e00] [info]   iter-49 : 8.7499e+04  1.2712e+05
[2024-11-14 02:13:00.067866] [0x00000001f41e1e00] [info]   iter-50 : 8.8023e+04  1.2492e+05
[2024-11-14 02:13:00.130552] [0x00000001f41e1e00] [info]   iter-51 : 8.7841e+04  1.2651e+05
[2024-11-14 02:13:00.192632] [0x00000001f41e1e00] [info]   iter-52 : 8.8741e+04  1.3096e+05
[2024-11-14 02:13:00.254172] [0x00000001f41e1e00] [info]   iter-53 : 9.0705e+04  1.3016e+05
[2024-11-14 02:13:00.317508] [0x00000001f41e1e00] [info]   iter-54 : 9.0975e+04  1.2990e+05
[2024-11-14 02:13:00.379808] [0x00000001f41e1e00] [info]   iter-55 : 9.1307e+04  1.2733e+05
[2024-11-14 02:13:00.440322] [0x00000001f41e1e00] [info]   iter-56 : 9.0910e+04  1.2925e+05
[2024-11-14 02:13:00.503648] [0x00000001f41e1e00] [info]   iter-57 : 9.1992e+04  1.2548e+05
[2024-11-14 02:13:00.565268] [0x00000001f41e1e00] [info]   iter-58 : 9.0900e+04  1.2891e+05
[2024-11-14 02:13:00.626456] [0x00000001f41e1e00] [info]   iter-59 : 9.2631e+04  1.2998e+05
[2024-11-14 02:13:00.689042] [0x00000001f41e1e00] [info]   iter-60 : 9.3564e+04  1.2662e+05
[2024-11-14 02:13:00.741321] [0x00000001f41e1e00] [info]   iter-61 : 9.2543e+04  1.2490e+05
[2024-11-14 02:13:00.803074] [0x00000001f41e1e00] [info]   iter-62 : 9.2337e+04  1.2881e+05
[2024-11-14 02:13:00.864849] [0x00000001f41e1e00] [info]   iter-63 : 9.4302e+04  1.2637e+05
[2024-11-14 02:13:00.926670] [0x00000001f41e1e00] [info]   iter-64 : 9.3732e+04  1.2866e+05
[2024-11-14 02:13:00.988548] [0x00000001f41e1e00] [info]   iter-65 : 9.5049e+04  1.2630e+05
[2024-11-14 02:13:01.040403] [0x00000001f41e1e00] [info]   iter-66 : 9.4362e+04  1.3020e+05
[2024-11-14 02:13:01.112399] [0x00000001f41e1e00] [info]   iter-67 : 9.6486e+04  1.2796e+05
[2024-11-14 02:13:01.173463] [0x00000001f41e1e00] [info]   iter-68 : 9.5966e+04  1.2973e+05
[2024-11-14 02:13:01.243789] [0x00000001f41e1e00] [info]   iter-69 : 9.7049e+04  1.2794e+05
[2024-11-14 02:13:01.305149] [0x00000001f41e1e00] [info]   iter-70 : 9.6674e+04  1.2738e+05
[2024-11-14 02:13:01.367082] [0x00000001f41e1e00] [info]   iter-71 : 9.6828e+04  1.2284e+05
[2024-11-14 02:13:01.419809] [0x00000001f41e1e00] [info]   iter-72 : 9.4975e+04  1.2217e+05
[2024-11-14 02:13:01.481068] [0x00000001f41e1e00] [info]   iter-73 : 9.5054e+04  1.2734e+05
[2024-11-14 02:13:01.551883] [0x00000001f41e1e00] [info]   iter-74 : 9.7841e+04  1.2347e+05
[2024-11-14 02:13:01.605298] [0x00000001f41e1e00] [info]   iter-75 : 9.6310e+04  1.2327e+05
[2024-11-14 02:13:01.667005] [0x00000001f41e1e00] [info]   iter-76 : 9.6484e+04  1.2601e+05
[2024-11-14 02:13:01.728794] [0x00000001f41e1e00] [info]   iter-77 : 9.8220e+04  1.2549e+05
[2024-11-14 02:13:01.790029] [0x00000001f41e1e00] [info]   iter-78 : 9.8207e+04  1.2335e+05
[2024-11-14 02:13:01.852406] [0x00000001f41e1e00] [info]   iter-79 : 9.7406e+04  1.2510e+05
[2024-11-14 02:13:01.913516] [0x00000001f41e1e00] [info]   iter-80 : 9.8521e+04  1.2270e+05
[2024-11-14 02:13:01.974602] [0x00000001f41e1e00] [info]   iter-81 : 9.7642e+04  1.2248e+05
[2024-11-14 02:13:02.035684] [0x00000001f41e1e00] [info]   iter-82 : 9.7707e+04  1.2276e+05
[2024-11-14 02:13:02.095921] [0x00000001f41e1e00] [info]   iter-83 : 9.8169e+04  1.2116e+05
[2024-11-14 02:13:02.157113] [0x00000001f41e1e00] [info]   iter-84 : 9.7520e+04  1.2446e+05
[2024-11-14 02:13:02.218474] [0x00000001f41e1e00] [info]   iter-85 : 9.9475e+04  1.2073e+05
[2024-11-14 02:13:02.270383] [0x00000001f41e1e00] [info]   iter-86 : 9.7719e+04  1.1766e+05
[2024-11-14 02:13:02.322261] [0x00000001f41e1e00] [info]   iter-87 : 9.6284e+04  1.2017e+05
[2024-11-14 02:13:02.392632] [0x00000001f41e1e00] [info]   iter-88 : 9.7984e+04  1.2076e+05
[2024-11-14 02:13:02.455248] [0x00000001f41e1e00] [info]   iter-89 : 9.8482e+04  1.2080e+05
[2024-11-14 02:13:02.516152] [0x00000001f41e1e00] [info]   iter-90 : 9.8736e+04  1.2155e+05
[2024-11-14 02:13:02.577650] [0x00000001f41e1e00] [info]   iter-91 : 9.9305e+04  1.2194e+05
[2024-11-14 02:13:02.638086] [0x00000001f41e1e00] [info]   iter-92 : 9.9723e+04  1.2135e+05
[2024-11-14 02:13:02.699497] [0x00000001f41e1e00] [info]   iter-93 : 9.9637e+04  1.2208e+05
[2024-11-14 02:13:02.760041] [0x00000001f41e1e00] [info]   iter-94 : 1.0027e+05  1.2219e+05
[2024-11-14 02:13:02.821656] [0x00000001f41e1e00] [info]   iter-95 : 1.0049e+05  1.2433e+05
[2024-11-14 02:13:02.882355] [0x00000001f41e1e00] [info]   iter-96 : 1.0198e+05  1.2507e+05
[2024-11-14 02:13:02.943238] [0x00000001f41e1e00] [info]   iter-97 : 1.0269e+05  1.2025e+05
[2024-11-14 02:13:02.996140] [0x00000001f41e1e00] [info]   iter-98 : 1.0011e+05  1.1903e+05
[2024-11-14 02:13:03.057581] [0x00000001f41e1e00] [info]   iter-99 : 9.9718e+04  1.2054e+05
[2024-11-14 02:13:03.057686] [0x00000001f41e1e00] [info]   current weighted HPWL: 120535um
[2024-11-14 02:13:03.058309] [0x00000001f41e1e00] [info] [0;36mGlobal placement completed[0m
[2024-11-14 02:13:03.058313] [0x00000001f41e1e00] [info] (wall time: 6.041338s, cpu time: 6.066580)
[2024-11-14 02:13:03.058364] [0x00000001f41e1e00] [info] (peak memory: 93MB,  current memory: 93MB)
[2024-11-14 02:13:03.059180] [0x00000001f41e1e00] [info] ------------------------------------------------------------
[2024-11-14 02:13:03.059187] [0x00000001f41e1e00] [info] Start standard cluster well legalization
[2024-11-14 02:13:03.060221] [0x00000001f41e1e00] [info]   Well max plug distance: 75um, 125 
[2024-11-14 02:13:03.060249] [0x00000001f41e1e00] [info]   GridValueX: 0.6 um
[2024-11-14 02:13:03.060253] [0x00000001f41e1e00] [info]   Well spacing: 1.275um, 3
[2024-11-14 02:13:03.060260] [0x00000001f41e1e00] [info]   Well tap cell width: 2
[2024-11-14 02:13:03.060780] [0x00000001f41e1e00] [info] Max movable cell width: 6
[2024-11-14 02:13:03.060788] [0x00000001f41e1e00] [info] Using default gridded row width: 2*max_unplug_length_
[2024-11-14 02:13:03.060790] [0x00000001f41e1e00] [info]   Total number of columns: 7
[2024-11-14 02:13:03.060793] [0x00000001f41e1e00] [info]   Gridded row width: 133.2um, 222
[2024-11-14 02:13:03.061441] [0x00000001f41e1e00] [info] Maximum possible number of gridded rows in a column: 284
[2024-11-14 02:13:03.064066] [0x00000001f41e1e00] [info] Form block clustering
[2024-11-14 02:13:03.071014] [0x00000001f41e1e00] [info]   current weighted HPWL: 300796um
[2024-11-14 02:13:03.071717] [0x00000001f41e1e00] [info] Flip cluster orientation
[2024-11-14 02:13:03.071763] [0x00000001f41e1e00] [info]   current weighted HPWL: 305322um
[2024-11-14 02:13:03.072514] [0x00000001f41e1e00] [info] Perform local reordering
[2024-11-14 02:13:03.072516] [0x00000001f41e1e00] [info] reorder iteration: 0
[2024-11-14 02:13:03.132431] [0x00000001f41e1e00] [info]   current weighted HPWL: 306830um
[2024-11-14 02:13:03.133184] [0x00000001f41e1e00] [info] reorder iteration: 1
[2024-11-14 02:13:03.191701] [0x00000001f41e1e00] [info]   current weighted HPWL: 308472um
[2024-11-14 02:13:03.192482] [0x00000001f41e1e00] [info] reorder iteration: 2
[2024-11-14 02:13:03.255451] [0x00000001f41e1e00] [info]   current weighted HPWL: 312914um
[2024-11-14 02:13:03.256229] [0x00000001f41e1e00] [info] reorder iteration: 3
[2024-11-14 02:13:03.315389] [0x00000001f41e1e00] [info]   current weighted HPWL: 316321um
[2024-11-14 02:13:03.316144] [0x00000001f41e1e00] [info] reorder iteration: 4
[2024-11-14 02:13:03.374280] [0x00000001f41e1e00] [info]   current weighted HPWL: 319010um
[2024-11-14 02:13:03.375030] [0x00000001f41e1e00] [info] reorder iteration: 5
[2024-11-14 02:13:03.433385] [0x00000001f41e1e00] [info]   current weighted HPWL: 320814um
[2024-11-14 02:13:03.434181] [0x00000001f41e1e00] [info] Insert well tap cells
[2024-11-14 02:13:03.434838] [0x00000001f41e1e00] [info] Insertion complete: 1624 well tap cell created
[2024-11-14 02:13:03.434855] [0x00000001f41e1e00] [info] Skip creating end cap cells
[2024-11-14 02:13:03.434859] [0x00000001f41e1e00] [info]   current weighted HPWL: 319154um
[2024-11-14 02:13:03.435658] [0x00000001f41e1e00] [info] [0;36mStandard Cluster Well Legalization completed[0m
[2024-11-14 02:13:03.435672] [0x00000001f41e1e00] [info] (wall time: 0.376483s, cpu time: 0.375123)
[2024-11-14 02:13:03.435684] [0x00000001f41e1e00] [info] (peak memory: 95MB,  current memory: 95MB)
[2024-11-14 02:13:03.435711] [0x00000001f41e1e00] [info] Writing PP and NP rect file: dali_outppnp.rect
[2024-11-14 02:13:03.438652] [0x00000001f41e1e00] [info] Writing N-well rect file: dali_outwell.rect
[2024-11-14 02:13:03.438930] [0x00000001f41e1e00] [info] Writing cluster rect file: dali_out_router.cluster
[2024-11-14 02:13:03.439530] [0x00000001f41e1e00] [info] ------------------------------------------------------------
[2024-11-14 02:13:03.439537] [0x00000001f41e1e00] [info] Start I/O Placement
[2024-11-14 02:13:03.439545] [0x00000001f41e1e00] [info] [0;36mI/O Placement complete![0m
[2024-11-14 02:13:03.439580] [0x00000001f41e1e00] [warning] IoPlace flag not specified, use --auto-place by default
[2024-11-14 02:13:03.439584] [0x00000001f41e1e00] [info] ------------------------------------------------------------
[2024-11-14 02:13:03.439587] [0x00000001f41e1e00] [info] Start I/O Placement
[2024-11-14 02:13:03.439601] [0x00000001f41e1e00] [info] [0;36mI/O Placement complete![0m
[2024-11-14 02:13:03.441907] [0x00000001f41e1e00] [info] Export Pplus/Nplus fillings to PhyDB
[2024-11-14 02:13:03.442003] [0x00000001f41e1e00] [info] Export N wells to PhyDB
