[2024-11-14 02:16:42.097657] [0x00000001f41e1e00] [info] ------------------------------------------------------------
[2024-11-14 02:16:42.109874] [0x00000001f41e1e00] [info] Load information from PhyDB
[2024-11-14 02:16:42.109881] [0x00000001f41e1e00] [info]   placement grid not set in PhyDB
[2024-11-14 02:16:42.109883] [0x00000001f41e1e00] [info]   checking sites
[2024-11-14 02:16:42.109886] [0x00000001f41e1e00] [info]     width : 0.6um
[2024-11-14 02:16:42.109891] [0x00000001f41e1e00] [info]     height: 0.3um
[2024-11-14 02:16:42.126004] [0x00000001f41e1e00] [info] No P-well layer info provided, creating fake info
[2024-11-14 02:16:42.126329] [0x00000001f41e1e00] [info] (wall time: 0.029235s, cpu time: 0.015820)
[2024-11-14 02:16:42.126364] [0x00000001f41e1e00] [info] ------------------------------------------------------------
[2024-11-14 02:16:42.126370] [0x00000001f41e1e00] [info] Circuit brief summary:
[2024-11-14 02:16:42.126373] [0x00000001f41e1e00] [info]   movable blocks: 17900
[2024-11-14 02:16:42.126390] [0x00000001f41e1e00] [info]   fixed blocks:   0
[2024-11-14 02:16:42.126397] [0x00000001f41e1e00] [info]   blocks:         17900
[2024-11-14 02:16:42.126400] [0x00000001f41e1e00] [info]   iopins:         0
[2024-11-14 02:16:42.126403] [0x00000001f41e1e00] [info]   nets:           57600
[2024-11-14 02:16:42.126406] [0x00000001f41e1e00] [info]   grid size x/y:  0.6/0.3um
[2024-11-14 02:16:42.126411] [0x00000001f41e1e00] [info]   total movable blk area: 1239900
[2024-11-14 02:16:42.126414] [0x00000001f41e1e00] [info]   total white space     : 3731904
[2024-11-14 02:16:42.126416] [0x00000001f41e1e00] [info]   total block area      : 1239900
[2024-11-14 02:16:42.126419] [0x00000001f41e1e00] [info]   total space: 3731904
[2024-11-14 02:16:42.126421] [0x00000001f41e1e00] [info]     left:   10
[2024-11-14 02:16:42.126424] [0x00000001f41e1e00] [info]     right:  1374
[2024-11-14 02:16:42.126427] [0x00000001f41e1e00] [info]     bottom: 18
[2024-11-14 02:16:42.126429] [0x00000001f41e1e00] [info]     top:    2754
[2024-11-14 02:16:42.126431] [0x00000001f41e1e00] [info]   average movable width/height: 6.21229/10.8101um
[2024-11-14 02:16:42.126438] [0x00000001f41e1e00] [info]   white space utility: 0.332243
[2024-11-14 02:16:42.126441] [0x00000001f41e1e00] [info]   current weighted HPWL: 0um
[2024-11-14 02:16:42.131332] [0x00000001f41e1e00] [info] ------------------------------------------------------------
[2024-11-14 02:16:42.131345] [0x00000001f41e1e00] [info] Start global placement
[2024-11-14 02:16:42.131349] [0x00000001f41e1e00] [info]   target density: 0.5
[2024-11-14 02:16:42.131578] [0x00000001f41e1e00] [info]   Block location initialization:
    HPWL before, 0
[2024-11-14 02:16:42.132168] [0x00000001f41e1e00] [info]     HPWL after, 0
[2024-11-14 02:16:42.137014] [0x00000001f41e1e00] [info]   iter-0  : 0.0000e+00  0.0000e+00
[2024-11-14 02:16:42.139581] [0x00000001f41e1e00] [info]   iter-1  : 0.0000e+00  0.0000e+00
[2024-11-14 02:16:42.141820] [0x00000001f41e1e00] [info]   iter-2  : 0.0000e+00  0.0000e+00
[2024-11-14 02:16:42.143732] [0x00000001f41e1e00] [info]   iter-3  : 0.0000e+00  0.0000e+00
[2024-11-14 02:16:42.145655] [0x00000001f41e1e00] [info]   iter-4  : 0.0000e+00  0.0000e+00
[2024-11-14 02:16:42.147693] [0x00000001f41e1e00] [info]   iter-5  : 0.0000e+00  0.0000e+00
[2024-11-14 02:16:42.149811] [0x00000001f41e1e00] [info]   iter-6  : 0.0000e+00  0.0000e+00
[2024-11-14 02:16:42.151797] [0x00000001f41e1e00] [info]   iter-7  : 0.0000e+00  0.0000e+00
[2024-11-14 02:16:42.153871] [0x00000001f41e1e00] [info]   iter-8  : 0.0000e+00  0.0000e+00
[2024-11-14 02:16:42.155878] [0x00000001f41e1e00] [info]   iter-9  : 0.0000e+00  0.0000e+00
[2024-11-14 02:16:42.157945] [0x00000001f41e1e00] [info]   iter-10 : 0.0000e+00  0.0000e+00
[2024-11-14 02:16:42.159974] [0x00000001f41e1e00] [info]   iter-11 : 0.0000e+00  0.0000e+00
[2024-11-14 02:16:42.161915] [0x00000001f41e1e00] [info]   iter-12 : 0.0000e+00  0.0000e+00
[2024-11-14 02:16:42.163984] [0x00000001f41e1e00] [info]   iter-13 : 0.0000e+00  0.0000e+00
[2024-11-14 02:16:42.165987] [0x00000001f41e1e00] [info]   iter-14 : 0.0000e+00  0.0000e+00
[2024-11-14 02:16:42.168016] [0x00000001f41e1e00] [info]   iter-15 : 0.0000e+00  0.0000e+00
[2024-11-14 02:16:42.170132] [0x00000001f41e1e00] [info]   iter-16 : 0.0000e+00  0.0000e+00
[2024-11-14 02:16:42.172153] [0x00000001f41e1e00] [info]   iter-17 : 0.0000e+00  0.0000e+00
[2024-11-14 02:16:42.174034] [0x00000001f41e1e00] [info]   iter-18 : 0.0000e+00  0.0000e+00
[2024-11-14 02:16:42.175989] [0x00000001f41e1e00] [info]   iter-19 : 0.0000e+00  0.0000e+00
[2024-11-14 02:16:42.177985] [0x00000001f41e1e00] [info]   iter-20 : 0.0000e+00  0.0000e+00
[2024-11-14 02:16:42.179921] [0x00000001f41e1e00] [info]   iter-21 : 0.0000e+00  0.0000e+00
[2024-11-14 02:16:42.181967] [0x00000001f41e1e00] [info]   iter-22 : 0.0000e+00  0.0000e+00
[2024-11-14 02:16:42.183969] [0x00000001f41e1e00] [info]   iter-23 : 0.0000e+00  0.0000e+00
[2024-11-14 02:16:42.185914] [0x00000001f41e1e00] [info]   iter-24 : 0.0000e+00  0.0000e+00
[2024-11-14 02:16:42.187822] [0x00000001f41e1e00] [info]   iter-25 : 0.0000e+00  0.0000e+00
[2024-11-14 02:16:42.189777] [0x00000001f41e1e00] [info]   iter-26 : 0.0000e+00  0.0000e+00
[2024-11-14 02:16:42.191695] [0x00000001f41e1e00] [info]   iter-27 : 0.0000e+00  0.0000e+00
[2024-11-14 02:16:42.193676] [0x00000001f41e1e00] [info]   iter-28 : 0.0000e+00  0.0000e+00
[2024-11-14 02:16:42.195589] [0x00000001f41e1e00] [info]   iter-29 : 0.0000e+00  0.0000e+00
[2024-11-14 02:16:42.197468] [0x00000001f41e1e00] [info]   iter-30 : 0.0000e+00  0.0000e+00
[2024-11-14 02:16:42.199422] [0x00000001f41e1e00] [info]   iter-31 : 0.0000e+00  0.0000e+00
[2024-11-14 02:16:42.201506] [0x00000001f41e1e00] [info]   iter-32 : 0.0000e+00  0.0000e+00
[2024-11-14 02:16:42.203514] [0x00000001f41e1e00] [info]   iter-33 : 0.0000e+00  0.0000e+00
[2024-11-14 02:16:42.205399] [0x00000001f41e1e00] [info]   iter-34 : 0.0000e+00  0.0000e+00
[2024-11-14 02:16:42.207271] [0x00000001f41e1e00] [info]   iter-35 : 0.0000e+00  0.0000e+00
[2024-11-14 02:16:42.209150] [0x00000001f41e1e00] [info]   iter-36 : 0.0000e+00  0.0000e+00
[2024-11-14 02:16:42.211080] [0x00000001f41e1e00] [info]   iter-37 : 0.0000e+00  0.0000e+00
[2024-11-14 02:16:42.213107] [0x00000001f41e1e00] [info]   iter-38 : 0.0000e+00  0.0000e+00
[2024-11-14 02:16:42.215101] [0x00000001f41e1e00] [info]   iter-39 : 0.0000e+00  0.0000e+00
[2024-11-14 02:16:42.217182] [0x00000001f41e1e00] [info]   iter-40 : 0.0000e+00  0.0000e+00
[2024-11-14 02:16:42.219223] [0x00000001f41e1e00] [info]   iter-41 : 0.0000e+00  0.0000e+00
[2024-11-14 02:16:42.221160] [0x00000001f41e1e00] [info]   iter-42 : 0.0000e+00  0.0000e+00
[2024-11-14 02:16:42.223178] [0x00000001f41e1e00] [info]   iter-43 : 0.0000e+00  0.0000e+00
[2024-11-14 02:16:42.225131] [0x00000001f41e1e00] [info]   iter-44 : 0.0000e+00  0.0000e+00
[2024-11-14 02:16:42.227029] [0x00000001f41e1e00] [info]   iter-45 : 0.0000e+00  0.0000e+00
[2024-11-14 02:16:42.228975] [0x00000001f41e1e00] [info]   iter-46 : 0.0000e+00  0.0000e+00
[2024-11-14 02:16:42.230886] [0x00000001f41e1e00] [info]   iter-47 : 0.0000e+00  0.0000e+00
[2024-11-14 02:16:42.232889] [0x00000001f41e1e00] [info]   iter-48 : 0.0000e+00  0.0000e+00
[2024-11-14 02:16:42.234832] [0x00000001f41e1e00] [info]   iter-49 : 0.0000e+00  0.0000e+00
[2024-11-14 02:16:42.236786] [0x00000001f41e1e00] [info]   iter-50 : 0.0000e+00  0.0000e+00
[2024-11-14 02:16:42.238741] [0x00000001f41e1e00] [info]   iter-51 : 0.0000e+00  0.0000e+00
[2024-11-14 02:16:42.240704] [0x00000001f41e1e00] [info]   iter-52 : 0.0000e+00  0.0000e+00
[2024-11-14 02:16:42.242595] [0x00000001f41e1e00] [info]   iter-53 : 0.0000e+00  0.0000e+00
[2024-11-14 02:16:42.244536] [0x00000001f41e1e00] [info]   iter-54 : 0.0000e+00  0.0000e+00
[2024-11-14 02:16:42.246510] [0x00000001f41e1e00] [info]   iter-55 : 0.0000e+00  0.0000e+00
[2024-11-14 02:16:42.248415] [0x00000001f41e1e00] [info]   iter-56 : 0.0000e+00  0.0000e+00
[2024-11-14 02:16:42.250416] [0x00000001f41e1e00] [info]   iter-57 : 0.0000e+00  0.0000e+00
[2024-11-14 02:16:42.252311] [0x00000001f41e1e00] [info]   iter-58 : 0.0000e+00  0.0000e+00
[2024-11-14 02:16:42.254208] [0x00000001f41e1e00] [info]   iter-59 : 0.0000e+00  0.0000e+00
[2024-11-14 02:16:42.256076] [0x00000001f41e1e00] [info]   iter-60 : 0.0000e+00  0.0000e+00
[2024-11-14 02:16:42.258043] [0x00000001f41e1e00] [info]   iter-61 : 0.0000e+00  0.0000e+00
[2024-11-14 02:16:42.260186] [0x00000001f41e1e00] [info]   iter-62 : 0.0000e+00  0.0000e+00
[2024-11-14 02:16:42.262138] [0x00000001f41e1e00] [info]   iter-63 : 0.0000e+00  0.0000e+00
[2024-11-14 02:16:42.263993] [0x00000001f41e1e00] [info]   iter-64 : 0.0000e+00  0.0000e+00
[2024-11-14 02:16:42.265917] [0x00000001f41e1e00] [info]   iter-65 : 0.0000e+00  0.0000e+00
[2024-11-14 02:16:42.267908] [0x00000001f41e1e00] [info]   iter-66 : 0.0000e+00  0.0000e+00
[2024-11-14 02:16:42.269967] [0x00000001f41e1e00] [info]   iter-67 : 0.0000e+00  0.0000e+00
[2024-11-14 02:16:42.272071] [0x00000001f41e1e00] [info]   iter-68 : 0.0000e+00  0.0000e+00
[2024-11-14 02:16:42.273986] [0x00000001f41e1e00] [info]   iter-69 : 0.0000e+00  0.0000e+00
[2024-11-14 02:16:42.275954] [0x00000001f41e1e00] [info]   iter-70 : 0.0000e+00  0.0000e+00
[2024-11-14 02:16:42.277856] [0x00000001f41e1e00] [info]   iter-71 : 0.0000e+00  0.0000e+00
[2024-11-14 02:16:42.279762] [0x00000001f41e1e00] [info]   iter-72 : 0.0000e+00  0.0000e+00
[2024-11-14 02:16:42.281830] [0x00000001f41e1e00] [info]   iter-73 : 0.0000e+00  0.0000e+00
[2024-11-14 02:16:42.283811] [0x00000001f41e1e00] [info]   iter-74 : 0.0000e+00  0.0000e+00
[2024-11-14 02:16:42.285763] [0x00000001f41e1e00] [info]   iter-75 : 0.0000e+00  0.0000e+00
[2024-11-14 02:16:42.287752] [0x00000001f41e1e00] [info]   iter-76 : 0.0000e+00  0.0000e+00
[2024-11-14 02:16:42.289795] [0x00000001f41e1e00] [info]   iter-77 : 0.0000e+00  0.0000e+00
[2024-11-14 02:16:42.291743] [0x00000001f41e1e00] [info]   iter-78 : 0.0000e+00  0.0000e+00
[2024-11-14 02:16:42.293696] [0x00000001f41e1e00] [info]   iter-79 : 0.0000e+00  0.0000e+00
[2024-11-14 02:16:42.295711] [0x00000001f41e1e00] [info]   iter-80 : 0.0000e+00  0.0000e+00
[2024-11-14 02:16:42.297701] [0x00000001f41e1e00] [info]   iter-81 : 0.0000e+00  0.0000e+00
[2024-11-14 02:16:42.299699] [0x00000001f41e1e00] [info]   iter-82 : 0.0000e+00  0.0000e+00
[2024-11-14 02:16:42.301755] [0x00000001f41e1e00] [info]   iter-83 : 0.0000e+00  0.0000e+00
[2024-11-14 02:16:42.303712] [0x00000001f41e1e00] [info]   iter-84 : 0.0000e+00  0.0000e+00
[2024-11-14 02:16:42.305663] [0x00000001f41e1e00] [info]   iter-85 : 0.0000e+00  0.0000e+00
[2024-11-14 02:16:42.307599] [0x00000001f41e1e00] [info]   iter-86 : 0.0000e+00  0.0000e+00
[2024-11-14 02:16:42.309517] [0x00000001f41e1e00] [info]   iter-87 : 0.0000e+00  0.0000e+00
[2024-11-14 02:16:42.311361] [0x00000001f41e1e00] [info]   iter-88 : 0.0000e+00  0.0000e+00
[2024-11-14 02:16:42.313245] [0x00000001f41e1e00] [info]   iter-89 : 0.0000e+00  0.0000e+00
[2024-11-14 02:16:42.315160] [0x00000001f41e1e00] [info]   iter-90 : 0.0000e+00  0.0000e+00
[2024-11-14 02:16:42.317160] [0x00000001f41e1e00] [info]   iter-91 : 0.0000e+00  0.0000e+00
[2024-11-14 02:16:42.319183] [0x00000001f41e1e00] [info]   iter-92 : 0.0000e+00  0.0000e+00
[2024-11-14 02:16:42.321217] [0x00000001f41e1e00] [info]   iter-93 : 0.0000e+00  0.0000e+00
[2024-11-14 02:16:42.323226] [0x00000001f41e1e00] [info]   iter-94 : 0.0000e+00  0.0000e+00
[2024-11-14 02:16:42.325225] [0x00000001f41e1e00] [info]   iter-95 : 0.0000e+00  0.0000e+00
[2024-11-14 02:16:42.327134] [0x00000001f41e1e00] [info]   iter-96 : 0.0000e+00  0.0000e+00
[2024-11-14 02:16:42.329073] [0x00000001f41e1e00] [info]   iter-97 : 0.0000e+00  0.0000e+00
[2024-11-14 02:16:42.330900] [0x00000001f41e1e00] [info]   iter-98 : 0.0000e+00  0.0000e+00
[2024-11-14 02:16:42.332807] [0x00000001f41e1e00] [info]   iter-99 : 0.0000e+00  0.0000e+00
[2024-11-14 02:16:42.332880] [0x00000001f41e1e00] [info]   current weighted HPWL: 0um
[2024-11-14 02:16:42.333021] [0x00000001f41e1e00] [info] [0;36mGlobal placement completed[0m
[2024-11-14 02:16:42.333027] [0x00000001f41e1e00] [info] (wall time: 0.201696s, cpu time: 0.218426)
[2024-11-14 02:16:42.333039] [0x00000001f41e1e00] [info] (peak memory: 50MB,  current memory: 50MB)
[2024-11-14 02:16:42.333302] [0x00000001f41e1e00] [info] ------------------------------------------------------------
[2024-11-14 02:16:42.333307] [0x00000001f41e1e00] [info] Start standard cluster well legalization
[2024-11-14 02:16:42.334273] [0x00000001f41e1e00] [info]   Well max plug distance: 75um, 125 
[2024-11-14 02:16:42.334284] [0x00000001f41e1e00] [info]   GridValueX: 0.6 um
[2024-11-14 02:16:42.334287] [0x00000001f41e1e00] [info]   Well spacing: 1.275um, 3
[2024-11-14 02:16:42.334290] [0x00000001f41e1e00] [info]   Well tap cell width: 2
[2024-11-14 02:16:42.334656] [0x00000001f41e1e00] [info] Max movable cell width: 11
[2024-11-14 02:16:42.334672] [0x00000001f41e1e00] [info] Using default gridded row width: 2*max_unplug_length_
[2024-11-14 02:16:42.334674] [0x00000001f41e1e00] [info]   Total number of columns: 6
[2024-11-14 02:16:42.334678] [0x00000001f41e1e00] [info]   Gridded row width: 135.6um, 226
[2024-11-14 02:16:42.335165] [0x00000001f41e1e00] [info] Maximum possible number of gridded rows in a column: 303
[2024-11-14 02:16:42.337266] [0x00000001f41e1e00] [info] Form block clustering
[2024-11-14 02:16:42.342449] [0x00000001f41e1e00] [info]   current weighted HPWL: 0um
[2024-11-14 02:16:42.342607] [0x00000001f41e1e00] [info] Flip cluster orientation
[2024-11-14 02:16:42.342672] [0x00000001f41e1e00] [info]   current weighted HPWL: 0um
[2024-11-14 02:16:42.342856] [0x00000001f41e1e00] [info] Perform local reordering
[2024-11-14 02:16:42.342860] [0x00000001f41e1e00] [info] reorder iteration: 0
[2024-11-14 02:16:42.378223] [0x00000001f41e1e00] [info]   current weighted HPWL: 0um
[2024-11-14 02:16:42.378393] [0x00000001f41e1e00] [info] reorder iteration: 1
[2024-11-14 02:16:42.413382] [0x00000001f41e1e00] [info]   current weighted HPWL: 0um
[2024-11-14 02:16:42.413557] [0x00000001f41e1e00] [info] reorder iteration: 2
[2024-11-14 02:16:42.446254] [0x00000001f41e1e00] [info]   current weighted HPWL: 0um
[2024-11-14 02:16:42.446420] [0x00000001f41e1e00] [info] reorder iteration: 3
[2024-11-14 02:16:42.482946] [0x00000001f41e1e00] [info]   current weighted HPWL: 0um
[2024-11-14 02:16:42.483113] [0x00000001f41e1e00] [info] reorder iteration: 4
[2024-11-14 02:16:42.521062] [0x00000001f41e1e00] [info]   current weighted HPWL: 0um
[2024-11-14 02:16:42.521244] [0x00000001f41e1e00] [info] reorder iteration: 5
[2024-11-14 02:16:42.554064] [0x00000001f41e1e00] [info]   current weighted HPWL: 0um
[2024-11-14 02:16:42.554212] [0x00000001f41e1e00] [info] Insert well tap cells
[2024-11-14 02:16:42.554948] [0x00000001f41e1e00] [info] Insertion complete: 2480 well tap cell created
[2024-11-14 02:16:42.554958] [0x00000001f41e1e00] [info] Skip creating end cap cells
[2024-11-14 02:16:42.554960] [0x00000001f41e1e00] [info]   current weighted HPWL: 0um
[2024-11-14 02:16:42.555106] [0x00000001f41e1e00] [info] [0;36mStandard Cluster Well Legalization completed[0m
[2024-11-14 02:16:42.555117] [0x00000001f41e1e00] [info] (wall time: 0.221809s, cpu time: 0.220325)
[2024-11-14 02:16:42.555128] [0x00000001f41e1e00] [info] (peak memory: 52MB,  current memory: 52MB)
[2024-11-14 02:16:42.555161] [0x00000001f41e1e00] [info] Writing PP and NP rect file: dali_outppnp.rect
[2024-11-14 02:16:42.558094] [0x00000001f41e1e00] [info] Writing N-well rect file: dali_outwell.rect
[2024-11-14 02:16:42.558416] [0x00000001f41e1e00] [info] Writing cluster rect file: dali_out_router.cluster
[2024-11-14 02:16:42.558774] [0x00000001f41e1e00] [info] ------------------------------------------------------------
[2024-11-14 02:16:42.558779] [0x00000001f41e1e00] [info] Start I/O Placement
[2024-11-14 02:16:42.558784] [0x00000001f41e1e00] [info] [0;36mI/O Placement complete![0m
[2024-11-14 02:16:42.558817] [0x00000001f41e1e00] [warning] IoPlace flag not specified, use --auto-place by default
[2024-11-14 02:16:42.558821] [0x00000001f41e1e00] [info] ------------------------------------------------------------
[2024-11-14 02:16:42.558823] [0x00000001f41e1e00] [info] Start I/O Placement
[2024-11-14 02:16:42.558841] [0x00000001f41e1e00] [info] [0;36mI/O Placement complete![0m
[2024-11-14 02:16:42.560346] [0x00000001f41e1e00] [info] Export Pplus/Nplus fillings to PhyDB
[2024-11-14 02:16:42.560422] [0x00000001f41e1e00] [info] Export N wells to PhyDB
