[2025-05-16 15:25:00.869290] [0x00000001f93c9e00] [info] ------------------------------------------------------------
[2025-05-16 15:25:00.869926] [0x00000001f93c9e00] [info] Load information from PhyDB
[2025-05-16 15:25:00.869931] [0x00000001f93c9e00] [info]   placement grid not set in PhyDB
[2025-05-16 15:25:00.869935] [0x00000001f93c9e00] [info]   checking sites
[2025-05-16 15:25:00.869937] [0x00000001f93c9e00] [info]     width : 0.6um
[2025-05-16 15:25:00.869942] [0x00000001f93c9e00] [info]     height: 0.3um
[2025-05-16 15:25:00.885529] [0x00000001f93c9e00] [info] No P-well layer info provided, creating fake info
[2025-05-16 15:25:00.885600] [0x00000001f93c9e00] [info] (wall time: 0.016361s, cpu time: 0.016092)
[2025-05-16 15:25:00.885605] [0x00000001f93c9e00] [info] ------------------------------------------------------------
[2025-05-16 15:25:00.885608] [0x00000001f93c9e00] [info] Circuit brief summary:
[2025-05-16 15:25:00.885611] [0x00000001f93c9e00] [info]   movable blocks: 17900
[2025-05-16 15:25:00.885615] [0x00000001f93c9e00] [info]   fixed blocks:   0
[2025-05-16 15:25:00.885618] [0x00000001f93c9e00] [info]   blocks:         17900
[2025-05-16 15:25:00.885621] [0x00000001f93c9e00] [info]   iopins:         0
[2025-05-16 15:25:00.885623] [0x00000001f93c9e00] [info]   nets:           57600
[2025-05-16 15:25:00.885626] [0x00000001f93c9e00] [info]   grid size x/y:  0.6/0.3um
[2025-05-16 15:25:00.885629] [0x00000001f93c9e00] [info]   total movable blk area: 1239900
[2025-05-16 15:25:00.885632] [0x00000001f93c9e00] [info]   total white space     : 3731904
[2025-05-16 15:25:00.885635] [0x00000001f93c9e00] [info]   total block area      : 1239900
[2025-05-16 15:25:00.885637] [0x00000001f93c9e00] [info]   total space: 3731904
[2025-05-16 15:25:00.885641] [0x00000001f93c9e00] [info]     left:   10
[2025-05-16 15:25:00.885643] [0x00000001f93c9e00] [info]     right:  1374
[2025-05-16 15:25:00.885646] [0x00000001f93c9e00] [info]     bottom: 18
[2025-05-16 15:25:00.885648] [0x00000001f93c9e00] [info]     top:    2754
[2025-05-16 15:25:00.885651] [0x00000001f93c9e00] [info]   average movable width/height: 6.21229/10.8101um
[2025-05-16 15:25:00.885654] [0x00000001f93c9e00] [info]   white space utility: 0.332243
[2025-05-16 15:25:00.885657] [0x00000001f93c9e00] [info]   current weighted HPWL: 0um
[2025-05-16 15:25:00.888025] [0x00000001f93c9e00] [info] ------------------------------------------------------------
[2025-05-16 15:25:00.888041] [0x00000001f93c9e00] [info] Start global placement
[2025-05-16 15:25:00.888044] [0x00000001f93c9e00] [info]   target density: 0.5
[2025-05-16 15:25:00.888208] [0x00000001f93c9e00] [info]   Block location initialization:
    HPWL before, 0
[2025-05-16 15:25:00.888778] [0x00000001f93c9e00] [info]     HPWL after, 0
[2025-05-16 15:25:00.892905] [0x00000001f93c9e00] [info]   iter-0  : 0.0000e+00  0.0000e+00
[2025-05-16 15:25:00.895498] [0x00000001f93c9e00] [info]   iter-1  : 0.0000e+00  0.0000e+00
[2025-05-16 15:25:00.897670] [0x00000001f93c9e00] [info]   iter-2  : 0.0000e+00  0.0000e+00
[2025-05-16 15:25:00.899700] [0x00000001f93c9e00] [info]   iter-3  : 0.0000e+00  0.0000e+00
[2025-05-16 15:25:00.901827] [0x00000001f93c9e00] [info]   iter-4  : 0.0000e+00  0.0000e+00
[2025-05-16 15:25:00.903898] [0x00000001f93c9e00] [info]   iter-5  : 0.0000e+00  0.0000e+00
[2025-05-16 15:25:00.905859] [0x00000001f93c9e00] [info]   iter-6  : 0.0000e+00  0.0000e+00
[2025-05-16 15:25:00.908008] [0x00000001f93c9e00] [info]   iter-7  : 0.0000e+00  0.0000e+00
[2025-05-16 15:25:00.910168] [0x00000001f93c9e00] [info]   iter-8  : 0.0000e+00  0.0000e+00
[2025-05-16 15:25:00.912154] [0x00000001f93c9e00] [info]   iter-9  : 0.0000e+00  0.0000e+00
[2025-05-16 15:25:00.914265] [0x00000001f93c9e00] [info]   iter-10 : 0.0000e+00  0.0000e+00
[2025-05-16 15:25:00.916238] [0x00000001f93c9e00] [info]   iter-11 : 0.0000e+00  0.0000e+00
[2025-05-16 15:25:00.918189] [0x00000001f93c9e00] [info]   iter-12 : 0.0000e+00  0.0000e+00
[2025-05-16 15:25:00.920094] [0x00000001f93c9e00] [info]   iter-13 : 0.0000e+00  0.0000e+00
[2025-05-16 15:25:00.922008] [0x00000001f93c9e00] [info]   iter-14 : 0.0000e+00  0.0000e+00
[2025-05-16 15:25:00.924492] [0x00000001f93c9e00] [info]   iter-15 : 0.0000e+00  0.0000e+00
[2025-05-16 15:25:00.926467] [0x00000001f93c9e00] [info]   iter-16 : 0.0000e+00  0.0000e+00
[2025-05-16 15:25:00.928744] [0x00000001f93c9e00] [info]   iter-17 : 0.0000e+00  0.0000e+00
[2025-05-16 15:25:00.931005] [0x00000001f93c9e00] [info]   iter-18 : 0.0000e+00  0.0000e+00
[2025-05-16 15:25:00.932947] [0x00000001f93c9e00] [info]   iter-19 : 0.0000e+00  0.0000e+00
[2025-05-16 15:25:00.934890] [0x00000001f93c9e00] [info]   iter-20 : 0.0000e+00  0.0000e+00
[2025-05-16 15:25:00.936875] [0x00000001f93c9e00] [info]   iter-21 : 0.0000e+00  0.0000e+00
[2025-05-16 15:25:00.938830] [0x00000001f93c9e00] [info]   iter-22 : 0.0000e+00  0.0000e+00
[2025-05-16 15:25:00.941262] [0x00000001f93c9e00] [info]   iter-23 : 0.0000e+00  0.0000e+00
[2025-05-16 15:25:00.943292] [0x00000001f93c9e00] [info]   iter-24 : 0.0000e+00  0.0000e+00
[2025-05-16 15:25:00.945174] [0x00000001f93c9e00] [info]   iter-25 : 0.0000e+00  0.0000e+00
[2025-05-16 15:25:00.947190] [0x00000001f93c9e00] [info]   iter-26 : 0.0000e+00  0.0000e+00
[2025-05-16 15:25:00.949200] [0x00000001f93c9e00] [info]   iter-27 : 0.0000e+00  0.0000e+00
[2025-05-16 15:25:00.951092] [0x00000001f93c9e00] [info]   iter-28 : 0.0000e+00  0.0000e+00
[2025-05-16 15:25:00.953059] [0x00000001f93c9e00] [info]   iter-29 : 0.0000e+00  0.0000e+00
[2025-05-16 15:25:00.955072] [0x00000001f93c9e00] [info]   iter-30 : 0.0000e+00  0.0000e+00
[2025-05-16 15:25:00.956962] [0x00000001f93c9e00] [info]   iter-31 : 0.0000e+00  0.0000e+00
[2025-05-16 15:25:00.958829] [0x00000001f93c9e00] [info]   iter-32 : 0.0000e+00  0.0000e+00
[2025-05-16 15:25:00.960628] [0x00000001f93c9e00] [info]   iter-33 : 0.0000e+00  0.0000e+00
[2025-05-16 15:25:00.962514] [0x00000001f93c9e00] [info]   iter-34 : 0.0000e+00  0.0000e+00
[2025-05-16 15:25:00.964392] [0x00000001f93c9e00] [info]   iter-35 : 0.0000e+00  0.0000e+00
[2025-05-16 15:25:00.966382] [0x00000001f93c9e00] [info]   iter-36 : 0.0000e+00  0.0000e+00
[2025-05-16 15:25:00.968293] [0x00000001f93c9e00] [info]   iter-37 : 0.0000e+00  0.0000e+00
[2025-05-16 15:25:00.970229] [0x00000001f93c9e00] [info]   iter-38 : 0.0000e+00  0.0000e+00
[2025-05-16 15:25:00.972173] [0x00000001f93c9e00] [info]   iter-39 : 0.0000e+00  0.0000e+00
[2025-05-16 15:25:00.974076] [0x00000001f93c9e00] [info]   iter-40 : 0.0000e+00  0.0000e+00
[2025-05-16 15:25:00.976067] [0x00000001f93c9e00] [info]   iter-41 : 0.0000e+00  0.0000e+00
[2025-05-16 15:25:00.977957] [0x00000001f93c9e00] [info]   iter-42 : 0.0000e+00  0.0000e+00
[2025-05-16 15:25:00.979943] [0x00000001f93c9e00] [info]   iter-43 : 0.0000e+00  0.0000e+00
[2025-05-16 15:25:00.981892] [0x00000001f93c9e00] [info]   iter-44 : 0.0000e+00  0.0000e+00
[2025-05-16 15:25:00.983842] [0x00000001f93c9e00] [info]   iter-45 : 0.0000e+00  0.0000e+00
[2025-05-16 15:25:00.985888] [0x00000001f93c9e00] [info]   iter-46 : 0.0000e+00  0.0000e+00
[2025-05-16 15:25:00.987887] [0x00000001f93c9e00] [info]   iter-47 : 0.0000e+00  0.0000e+00
[2025-05-16 15:25:00.989848] [0x00000001f93c9e00] [info]   iter-48 : 0.0000e+00  0.0000e+00
[2025-05-16 15:25:00.991792] [0x00000001f93c9e00] [info]   iter-49 : 0.0000e+00  0.0000e+00
[2025-05-16 15:25:00.993831] [0x00000001f93c9e00] [info]   iter-50 : 0.0000e+00  0.0000e+00
[2025-05-16 15:25:00.995799] [0x00000001f93c9e00] [info]   iter-51 : 0.0000e+00  0.0000e+00
[2025-05-16 15:25:00.997677] [0x00000001f93c9e00] [info]   iter-52 : 0.0000e+00  0.0000e+00
[2025-05-16 15:25:00.999725] [0x00000001f93c9e00] [info]   iter-53 : 0.0000e+00  0.0000e+00
[2025-05-16 15:25:01.001747] [0x00000001f93c9e00] [info]   iter-54 : 0.0000e+00  0.0000e+00
[2025-05-16 15:25:01.003777] [0x00000001f93c9e00] [info]   iter-55 : 0.0000e+00  0.0000e+00
[2025-05-16 15:25:01.005731] [0x00000001f93c9e00] [info]   iter-56 : 0.0000e+00  0.0000e+00
[2025-05-16 15:25:01.007635] [0x00000001f93c9e00] [info]   iter-57 : 0.0000e+00  0.0000e+00
[2025-05-16 15:25:01.009665] [0x00000001f93c9e00] [info]   iter-58 : 0.0000e+00  0.0000e+00
[2025-05-16 15:25:01.011711] [0x00000001f93c9e00] [info]   iter-59 : 0.0000e+00  0.0000e+00
[2025-05-16 15:25:01.013808] [0x00000001f93c9e00] [info]   iter-60 : 0.0000e+00  0.0000e+00
[2025-05-16 15:25:01.015806] [0x00000001f93c9e00] [info]   iter-61 : 0.0000e+00  0.0000e+00
[2025-05-16 15:25:01.017754] [0x00000001f93c9e00] [info]   iter-62 : 0.0000e+00  0.0000e+00
[2025-05-16 15:25:01.019818] [0x00000001f93c9e00] [info]   iter-63 : 0.0000e+00  0.0000e+00
[2025-05-16 15:25:01.021792] [0x00000001f93c9e00] [info]   iter-64 : 0.0000e+00  0.0000e+00
[2025-05-16 15:25:01.023876] [0x00000001f93c9e00] [info]   iter-65 : 0.0000e+00  0.0000e+00
[2025-05-16 15:25:01.025881] [0x00000001f93c9e00] [info]   iter-66 : 0.0000e+00  0.0000e+00
[2025-05-16 15:25:01.027848] [0x00000001f93c9e00] [info]   iter-67 : 0.0000e+00  0.0000e+00
[2025-05-16 15:25:01.029842] [0x00000001f93c9e00] [info]   iter-68 : 0.0000e+00  0.0000e+00
[2025-05-16 15:25:01.031853] [0x00000001f93c9e00] [info]   iter-69 : 0.0000e+00  0.0000e+00
[2025-05-16 15:25:01.033760] [0x00000001f93c9e00] [info]   iter-70 : 0.0000e+00  0.0000e+00
[2025-05-16 15:25:01.035778] [0x00000001f93c9e00] [info]   iter-71 : 0.0000e+00  0.0000e+00
[2025-05-16 15:25:01.037811] [0x00000001f93c9e00] [info]   iter-72 : 0.0000e+00  0.0000e+00
[2025-05-16 15:25:01.039845] [0x00000001f93c9e00] [info]   iter-73 : 0.0000e+00  0.0000e+00
[2025-05-16 15:25:01.041798] [0x00000001f93c9e00] [info]   iter-74 : 0.0000e+00  0.0000e+00
[2025-05-16 15:25:01.043820] [0x00000001f93c9e00] [info]   iter-75 : 0.0000e+00  0.0000e+00
[2025-05-16 15:25:01.045816] [0x00000001f93c9e00] [info]   iter-76 : 0.0000e+00  0.0000e+00
[2025-05-16 15:25:01.047678] [0x00000001f93c9e00] [info]   iter-77 : 0.0000e+00  0.0000e+00
[2025-05-16 15:25:01.049553] [0x00000001f93c9e00] [info]   iter-78 : 0.0000e+00  0.0000e+00
[2025-05-16 15:25:01.051424] [0x00000001f93c9e00] [info]   iter-79 : 0.0000e+00  0.0000e+00
[2025-05-16 15:25:01.053450] [0x00000001f93c9e00] [info]   iter-80 : 0.0000e+00  0.0000e+00
[2025-05-16 15:25:01.055364] [0x00000001f93c9e00] [info]   iter-81 : 0.0000e+00  0.0000e+00
[2025-05-16 15:25:01.057316] [0x00000001f93c9e00] [info]   iter-82 : 0.0000e+00  0.0000e+00
[2025-05-16 15:25:01.059234] [0x00000001f93c9e00] [info]   iter-83 : 0.0000e+00  0.0000e+00
[2025-05-16 15:25:01.061145] [0x00000001f93c9e00] [info]   iter-84 : 0.0000e+00  0.0000e+00
[2025-05-16 15:25:01.063114] [0x00000001f93c9e00] [info]   iter-85 : 0.0000e+00  0.0000e+00
[2025-05-16 15:25:01.065145] [0x00000001f93c9e00] [info]   iter-86 : 0.0000e+00  0.0000e+00
[2025-05-16 15:25:01.067100] [0x00000001f93c9e00] [info]   iter-87 : 0.0000e+00  0.0000e+00
[2025-05-16 15:25:01.069039] [0x00000001f93c9e00] [info]   iter-88 : 0.0000e+00  0.0000e+00
[2025-05-16 15:25:01.071036] [0x00000001f93c9e00] [info]   iter-89 : 0.0000e+00  0.0000e+00
[2025-05-16 15:25:01.072869] [0x00000001f93c9e00] [info]   iter-90 : 0.0000e+00  0.0000e+00
[2025-05-16 15:25:01.074759] [0x00000001f93c9e00] [info]   iter-91 : 0.0000e+00  0.0000e+00
[2025-05-16 15:25:01.076783] [0x00000001f93c9e00] [info]   iter-92 : 0.0000e+00  0.0000e+00
[2025-05-16 15:25:01.078769] [0x00000001f93c9e00] [info]   iter-93 : 0.0000e+00  0.0000e+00
[2025-05-16 15:25:01.080707] [0x00000001f93c9e00] [info]   iter-94 : 0.0000e+00  0.0000e+00
[2025-05-16 15:25:01.082595] [0x00000001f93c9e00] [info]   iter-95 : 0.0000e+00  0.0000e+00
[2025-05-16 15:25:01.084472] [0x00000001f93c9e00] [info]   iter-96 : 0.0000e+00  0.0000e+00
[2025-05-16 15:25:01.086328] [0x00000001f93c9e00] [info]   iter-97 : 0.0000e+00  0.0000e+00
[2025-05-16 15:25:01.088219] [0x00000001f93c9e00] [info]   iter-98 : 0.0000e+00  0.0000e+00
[2025-05-16 15:25:01.090159] [0x00000001f93c9e00] [info]   iter-99 : 0.0000e+00  0.0000e+00
[2025-05-16 15:25:01.090253] [0x00000001f93c9e00] [info]   current weighted HPWL: 0um
[2025-05-16 15:25:01.090394] [0x00000001f93c9e00] [info] [0;36mGlobal placement completed[0m
[2025-05-16 15:25:01.090399] [0x00000001f93c9e00] [info] (wall time: 0.202377s, cpu time: 0.219731)
[2025-05-16 15:25:01.090412] [0x00000001f93c9e00] [info] (peak memory: 51MB,  current memory: 51MB)
[2025-05-16 15:25:01.090625] [0x00000001f93c9e00] [info] ------------------------------------------------------------
[2025-05-16 15:25:01.090631] [0x00000001f93c9e00] [info] Start standard cluster well legalization
[2025-05-16 15:25:01.090662] [0x00000001f93c9e00] [info]   Well max plug distance: 75um, 125 
[2025-05-16 15:25:01.090667] [0x00000001f93c9e00] [info]   GridValueX: 0.6 um
[2025-05-16 15:25:01.090669] [0x00000001f93c9e00] [info]   Well spacing: 1.275um, 3
[2025-05-16 15:25:01.090672] [0x00000001f93c9e00] [info]   Well tap cell width: 2
[2025-05-16 15:25:01.090903] [0x00000001f93c9e00] [info] Max movable cell width: 11
[2025-05-16 15:25:01.090907] [0x00000001f93c9e00] [info] Using default gridded row width: 2*max_unplug_length_
[2025-05-16 15:25:01.090909] [0x00000001f93c9e00] [info]   Total number of columns: 6
[2025-05-16 15:25:01.090912] [0x00000001f93c9e00] [info]   Gridded row width: 135.6um, 226
[2025-05-16 15:25:01.091406] [0x00000001f93c9e00] [info] Maximum possible number of gridded rows in a column: 303
[2025-05-16 15:25:01.093528] [0x00000001f93c9e00] [info] Form block clustering
[2025-05-16 15:25:01.098160] [0x00000001f93c9e00] [info]   current weighted HPWL: 0um
[2025-05-16 15:25:01.098315] [0x00000001f93c9e00] [info] Flip cluster orientation
[2025-05-16 15:25:01.098392] [0x00000001f93c9e00] [info]   current weighted HPWL: 0um
[2025-05-16 15:25:01.098535] [0x00000001f93c9e00] [info] Perform local reordering
[2025-05-16 15:25:01.098537] [0x00000001f93c9e00] [info] reorder iteration: 0
[2025-05-16 15:25:01.138585] [0x00000001f93c9e00] [info]   current weighted HPWL: 0um
[2025-05-16 15:25:01.138750] [0x00000001f93c9e00] [info] reorder iteration: 1
[2025-05-16 15:25:01.170993] [0x00000001f93c9e00] [info]   current weighted HPWL: 0um
[2025-05-16 15:25:01.171139] [0x00000001f93c9e00] [info] reorder iteration: 2
[2025-05-16 15:25:01.203736] [0x00000001f93c9e00] [info]   current weighted HPWL: 0um
[2025-05-16 15:25:01.203888] [0x00000001f93c9e00] [info] reorder iteration: 3
[2025-05-16 15:25:01.236035] [0x00000001f93c9e00] [info]   current weighted HPWL: 0um
[2025-05-16 15:25:01.236199] [0x00000001f93c9e00] [info] reorder iteration: 4
[2025-05-16 15:25:01.268841] [0x00000001f93c9e00] [info]   current weighted HPWL: 0um
[2025-05-16 15:25:01.269005] [0x00000001f93c9e00] [info] reorder iteration: 5
[2025-05-16 15:25:01.304638] [0x00000001f93c9e00] [info]   current weighted HPWL: 0um
[2025-05-16 15:25:01.304803] [0x00000001f93c9e00] [info] Insert well tap cells
[2025-05-16 15:25:01.305617] [0x00000001f93c9e00] [info] Insertion complete: 2480 well tap cell created
[2025-05-16 15:25:01.305625] [0x00000001f93c9e00] [info] Skip creating end cap cells
[2025-05-16 15:25:01.305628] [0x00000001f93c9e00] [info]   current weighted HPWL: 0um
[2025-05-16 15:25:01.305775] [0x00000001f93c9e00] [info] [0;36mStandard Cluster Well Legalization completed[0m
[2025-05-16 15:25:01.305786] [0x00000001f93c9e00] [info] (wall time: 0.215156s, cpu time: 0.214861)
[2025-05-16 15:25:01.305794] [0x00000001f93c9e00] [info] (peak memory: 53MB,  current memory: 53MB)
[2025-05-16 15:25:01.305817] [0x00000001f93c9e00] [info] Writing PP and NP rect file: dali_outppnp.rect
[2025-05-16 15:25:01.310369] [0x00000001f93c9e00] [info] Writing N-well rect file: dali_outwell.rect
[2025-05-16 15:25:01.310713] [0x00000001f93c9e00] [info] Writing cluster rect file: dali_out_router.cluster
[2025-05-16 15:25:01.311200] [0x00000001f93c9e00] [info] ------------------------------------------------------------
[2025-05-16 15:25:01.311216] [0x00000001f93c9e00] [info] Start I/O Placement
[2025-05-16 15:25:01.311221] [0x00000001f93c9e00] [info] [0;36mI/O Placement complete![0m
[2025-05-16 15:25:01.311248] [0x00000001f93c9e00] [warning] IoPlace flag not specified, use --auto-place by default
[2025-05-16 15:25:01.311252] [0x00000001f93c9e00] [info] ------------------------------------------------------------
[2025-05-16 15:25:01.311255] [0x00000001f93c9e00] [info] Start I/O Placement
[2025-05-16 15:25:01.311272] [0x00000001f93c9e00] [info] [0;36mI/O Placement complete![0m
[2025-05-16 15:25:01.312460] [0x00000001f93c9e00] [info] Export Pplus/Nplus fillings to PhyDB
[2025-05-16 15:25:01.312618] [0x00000001f93c9e00] [info] Export N wells to PhyDB
