[2024-11-14 02:09:30.877158] [0x00000001f41e1e00] [info] ------------------------------------------------------------
[2024-11-14 02:09:30.877604] [0x00000001f41e1e00] [info] Load information from PhyDB
[2024-11-14 02:09:30.877611] [0x00000001f41e1e00] [info]   placement grid not set in PhyDB
[2024-11-14 02:09:30.877613] [0x00000001f41e1e00] [info]   checking sites
[2024-11-14 02:09:30.877616] [0x00000001f41e1e00] [info]     width : 0.6um
[2024-11-14 02:09:30.877620] [0x00000001f41e1e00] [info]     height: 0.3um
[2024-11-14 02:09:30.877732] [0x00000001f41e1e00] [info] No P-well layer info provided, creating fake info
[2024-11-14 02:09:30.877744] [0x00000001f41e1e00] [info] (wall time: 0.000894s, cpu time: 0.000548)
[2024-11-14 02:09:30.877747] [0x00000001f41e1e00] [info] ------------------------------------------------------------
[2024-11-14 02:09:30.877750] [0x00000001f41e1e00] [info] Circuit brief summary:
[2024-11-14 02:09:30.877752] [0x00000001f41e1e00] [info]   movable blocks: 200
[2024-11-14 02:09:30.877755] [0x00000001f41e1e00] [info]   fixed blocks:   0
[2024-11-14 02:09:30.877758] [0x00000001f41e1e00] [info]   blocks:         200
[2024-11-14 02:09:30.877760] [0x00000001f41e1e00] [info]   iopins:         0
[2024-11-14 02:09:30.877763] [0x00000001f41e1e00] [info]   nets:           300
[2024-11-14 02:09:30.877766] [0x00000001f41e1e00] [info]   grid size x/y:  0.6/0.3um
[2024-11-14 02:09:30.877769] [0x00000001f41e1e00] [info]   total movable blk area: 18000
[2024-11-14 02:09:30.877772] [0x00000001f41e1e00] [info]   total white space     : 56430
[2024-11-14 02:09:30.877774] [0x00000001f41e1e00] [info]   total block area      : 18000
[2024-11-14 02:09:30.877777] [0x00000001f41e1e00] [info]   total space: 56430
[2024-11-14 02:09:30.877779] [0x00000001f41e1e00] [info]     left:   10
[2024-11-14 02:09:30.877782] [0x00000001f41e1e00] [info]     right:  175
[2024-11-14 02:09:30.877784] [0x00000001f41e1e00] [info]     bottom: 18
[2024-11-14 02:09:30.877787] [0x00000001f41e1e00] [info]     top:    360
[2024-11-14 02:09:30.877789] [0x00000001f41e1e00] [info]   average movable width/height: 5/18um
[2024-11-14 02:09:30.877792] [0x00000001f41e1e00] [info]   white space utility: 0.318979
[2024-11-14 02:09:30.877795] [0x00000001f41e1e00] [info]   current weighted HPWL: 450um
[2024-11-14 02:09:30.878174] [0x00000001f41e1e00] [info] ------------------------------------------------------------
[2024-11-14 02:09:30.878183] [0x00000001f41e1e00] [info] Start global placement
[2024-11-14 02:09:30.878186] [0x00000001f41e1e00] [info]   target density: 0.5
[2024-11-14 02:09:30.878191] [0x00000001f41e1e00] [info]   Block location initialization:
    HPWL before, 450
[2024-11-14 02:09:30.878203] [0x00000001f41e1e00] [info]     HPWL after, 7175.65
[2024-11-14 02:09:30.878569] [0x00000001f41e1e00] [info]   iter-0  : 1.8278e-01  4.4844e+02
[2024-11-14 02:09:30.878807] [0x00000001f41e1e00] [info]   iter-1  : 9.6357e-01  2.2101e+02
[2024-11-14 02:09:30.879100] [0x00000001f41e1e00] [info]   iter-2  : 1.7956e+00  1.7796e+00
[2024-11-14 02:09:30.879222] [0x00000001f41e1e00] [info]   iter-3  : 4.0202e-02  4.0202e-02
[2024-11-14 02:09:30.879368] [0x00000001f41e1e00] [info]   iter-4  : 1.3313e-03  1.3313e-03
[2024-11-14 02:09:30.879488] [0x00000001f41e1e00] [info]   iter-5  : 6.7249e-05  6.7249e-05
[2024-11-14 02:09:30.879606] [0x00000001f41e1e00] [info]   iter-6  : 4.4983e-06  4.4983e-06
[2024-11-14 02:09:30.879734] [0x00000001f41e1e00] [info]   iter-7  : 3.7097e-07  3.7097e-07
[2024-11-14 02:09:30.879855] [0x00000001f41e1e00] [info]   iter-8  : 3.6147e-08  3.6147e-08
[2024-11-14 02:09:30.880006] [0x00000001f41e1e00] [info]   iter-9  : 4.0445e-09  4.0445e-09
[2024-11-14 02:09:30.880174] [0x00000001f41e1e00] [info]   iter-10 : 5.6415e-10  5.6415e-10
[2024-11-14 02:09:30.880317] [0x00000001f41e1e00] [info]   iter-11 : 9.3538e-11  9.3538e-11
[2024-11-14 02:09:30.880467] [0x00000001f41e1e00] [info]   iter-12 : 1.7825e-11  1.7825e-11
[2024-11-14 02:09:30.880644] [0x00000001f41e1e00] [info]   iter-13 : 4.0927e-12  4.0927e-12
[2024-11-14 02:09:30.880790] [0x00000001f41e1e00] [info]   iter-14 : 1.1010e-12  1.1010e-12
[2024-11-14 02:09:30.880958] [0x00000001f41e1e00] [info]   iter-15 : 9.6563e-13  9.6563e-13
[2024-11-14 02:09:30.881114] [0x00000001f41e1e00] [info]   iter-16 : 6.5228e-13  6.5228e-13
[2024-11-14 02:09:30.881262] [0x00000001f41e1e00] [info]   iter-17 : 6.6720e-13  6.6720e-13
[2024-11-14 02:09:30.881411] [0x00000001f41e1e00] [info]   iter-18 : 6.7679e-13  6.7679e-13
[2024-11-14 02:09:30.881557] [0x00000001f41e1e00] [info]   iter-19 : 7.3967e-13  7.3967e-13
[2024-11-14 02:09:30.881700] [0x00000001f41e1e00] [info]   iter-20 : 5.5849e-13  5.5849e-13
[2024-11-14 02:09:30.881852] [0x00000001f41e1e00] [info]   iter-21 : 6.2883e-13  6.2883e-13
[2024-11-14 02:09:30.882011] [0x00000001f41e1e00] [info]   iter-22 : 6.4162e-13  6.4162e-13
[2024-11-14 02:09:30.882158] [0x00000001f41e1e00] [info]   iter-23 : 7.9083e-13  7.9083e-13
[2024-11-14 02:09:30.882294] [0x00000001f41e1e00] [info]   iter-24 : 6.9917e-13  6.9917e-13
[2024-11-14 02:09:30.882431] [0x00000001f41e1e00] [info]   iter-25 : 9.3792e-13  9.3792e-13
[2024-11-14 02:09:30.882574] [0x00000001f41e1e00] [info]   iter-26 : 7.2156e-13  7.2156e-13
[2024-11-14 02:09:30.882710] [0x00000001f41e1e00] [info]   iter-27 : 5.9899e-13  5.9899e-13
[2024-11-14 02:09:30.882847] [0x00000001f41e1e00] [info]   iter-28 : 6.6720e-13  6.6720e-13
[2024-11-14 02:09:30.882982] [0x00000001f41e1e00] [info]   iter-29 : 5.7021e-13  5.6701e-13
[2024-11-14 02:09:30.882989] [0x00000001f41e1e00] [info]   current weighted HPWL: 5.67013e-13um
[2024-11-14 02:09:30.882996] [0x00000001f41e1e00] [info] [0;36mGlobal placement completed[0m
[2024-11-14 02:09:30.883000] [0x00000001f41e1e00] [info] (wall time: 0.004826s, cpu time: 0.009245)
[2024-11-14 02:09:30.883005] [0x00000001f41e1e00] [info] (peak memory: 9MB,  current memory: 9MB)
[2024-11-14 02:09:30.883020] [0x00000001f41e1e00] [info] ------------------------------------------------------------
[2024-11-14 02:09:30.883023] [0x00000001f41e1e00] [info] Start standard cluster well legalization
[2024-11-14 02:09:30.883027] [0x00000001f41e1e00] [info]   Well max plug distance: 75um, 125 
[2024-11-14 02:09:30.883031] [0x00000001f41e1e00] [info]   GridValueX: 0.6 um
[2024-11-14 02:09:30.883034] [0x00000001f41e1e00] [info]   Well spacing: 1.275um, 3
[2024-11-14 02:09:30.883037] [0x00000001f41e1e00] [info]   Well tap cell width: 2
[2024-11-14 02:09:30.883068] [0x00000001f41e1e00] [info] Max movable cell width: 6
[2024-11-14 02:09:30.883072] [0x00000001f41e1e00] [info] Using default gridded row width: 2*max_unplug_length_
[2024-11-14 02:09:30.883075] [0x00000001f41e1e00] [info]   Total number of columns: 1
[2024-11-14 02:09:30.883078] [0x00000001f41e1e00] [info]   Gridded row width: 95.4um, 159
[2024-11-14 02:09:30.883092] [0x00000001f41e1e00] [info] Maximum possible number of gridded rows in a column: 18
[2024-11-14 02:09:30.883107] [0x00000001f41e1e00] [info] Form block clustering
[2024-11-14 02:09:30.883170] [0x00000001f41e1e00] [info]   current weighted HPWL: 317.4um
[2024-11-14 02:09:30.883178] [0x00000001f41e1e00] [info] Flip cluster orientation
[2024-11-14 02:09:30.883182] [0x00000001f41e1e00] [info]   current weighted HPWL: 659.4um
[2024-11-14 02:09:30.883188] [0x00000001f41e1e00] [info] Perform local reordering
[2024-11-14 02:09:30.883191] [0x00000001f41e1e00] [info] reorder iteration: 0
[2024-11-14 02:09:30.883472] [0x00000001f41e1e00] [info]   current weighted HPWL: 824.4um
[2024-11-14 02:09:30.883478] [0x00000001f41e1e00] [info] reorder iteration: 1
[2024-11-14 02:09:30.883742] [0x00000001f41e1e00] [info]   current weighted HPWL: 844.2um
[2024-11-14 02:09:30.883748] [0x00000001f41e1e00] [info] reorder iteration: 2
[2024-11-14 02:09:30.884010] [0x00000001f41e1e00] [info]   current weighted HPWL: 839.4um
[2024-11-14 02:09:30.884017] [0x00000001f41e1e00] [info] reorder iteration: 3
[2024-11-14 02:09:30.884278] [0x00000001f41e1e00] [info]   current weighted HPWL: 850.2um
[2024-11-14 02:09:30.884284] [0x00000001f41e1e00] [info] reorder iteration: 4
[2024-11-14 02:09:30.884545] [0x00000001f41e1e00] [info]   current weighted HPWL: 849um
[2024-11-14 02:09:30.884560] [0x00000001f41e1e00] [info] reorder iteration: 5
[2024-11-14 02:09:30.884830] [0x00000001f41e1e00] [info]   current weighted HPWL: 861.6um
[2024-11-14 02:09:30.884837] [0x00000001f41e1e00] [info] Insert well tap cells
[2024-11-14 02:09:30.884850] [0x00000001f41e1e00] [info] Insertion complete: 32 well tap cell created
[2024-11-14 02:09:30.884853] [0x00000001f41e1e00] [info] Skip creating end cap cells
[2024-11-14 02:09:30.884856] [0x00000001f41e1e00] [info]   current weighted HPWL: 858.6um
[2024-11-14 02:09:30.884861] [0x00000001f41e1e00] [info] [0;36mStandard Cluster Well Legalization completed[0m
[2024-11-14 02:09:30.884865] [0x00000001f41e1e00] [info] (wall time: 0.001844s, cpu time: 0.001845)
[2024-11-14 02:09:30.884872] [0x00000001f41e1e00] [info] (peak memory: 9MB,  current memory: 9MB)
[2024-11-14 02:09:30.884876] [0x00000001f41e1e00] [info] Writing PP and NP rect file: dali_outppnp.rect
[2024-11-14 02:09:30.885018] [0x00000001f41e1e00] [info] Writing N-well rect file: dali_outwell.rect
[2024-11-14 02:09:30.885090] [0x00000001f41e1e00] [info] Writing cluster rect file: dali_out_router.cluster
[2024-11-14 02:09:30.885157] [0x00000001f41e1e00] [info] ------------------------------------------------------------
[2024-11-14 02:09:30.885161] [0x00000001f41e1e00] [info] Start I/O Placement
[2024-11-14 02:09:30.885166] [0x00000001f41e1e00] [info] [0;36mI/O Placement complete![0m
[2024-11-14 02:09:30.885180] [0x00000001f41e1e00] [warning] IoPlace flag not specified, use --auto-place by default
[2024-11-14 02:09:30.885184] [0x00000001f41e1e00] [info] ------------------------------------------------------------
[2024-11-14 02:09:30.885186] [0x00000001f41e1e00] [info] Start I/O Placement
[2024-11-14 02:09:30.885189] [0x00000001f41e1e00] [info] [0;36mI/O Placement complete![0m
[2024-11-14 02:09:30.885213] [0x00000001f41e1e00] [info] Export Pplus/Nplus fillings to PhyDB
[2024-11-14 02:09:30.885220] [0x00000001f41e1e00] [info] Export N wells to PhyDB
